{"numFailedTestSuites":17,"numFailedTests":53,"numPassedTestSuites":4,"numPassedTests":98,"numPendingTestSuites":0,"numPendingTests":0,"numRuntimeErrorTestSuites":11,"numTodoTests":0,"numTotalTestSuites":21,"numTotalTests":151,"openHandles":[],"snapshot":{"added":0,"didUpdate":false,"failure":false,"filesAdded":0,"filesRemoved":0,"filesRemovedList":[],"filesUnmatched":0,"filesUpdated":0,"matched":0,"total":0,"unchecked":0,"uncheckedKeysByFile":[],"unmatched":0,"updated":0},"startTime":1777984280486,"success":false,"testResults":[{"assertionResults":[{"ancestorTitles":["licenseManagementSlice","initial state"],"failureMessages":[],"fullName":"licenseManagementSlice initial state should have correct initial state","location":null,"status":"passed","title":"should have correct initial state"},{"ancestorTitles":["licenseManagementSlice","synchronous actions"],"failureMessages":[],"fullName":"licenseManagementSlice synchronous actions should clear error","location":null,"status":"passed","title":"should clear error"},{"ancestorTitles":["licenseManagementSlice","synchronous actions"],"failureMessages":[],"fullName":"licenseManagementSlice synchronous actions should set current license","location":null,"status":"passed","title":"should set current license"},{"ancestorTitles":["licenseManagementSlice","synchronous actions"],"failureMessages":[],"fullName":"licenseManagementSlice synchronous actions should set filters","location":null,"status":"passed","title":"should set filters"},{"ancestorTitles":["licenseManagementSlice","synchronous actions"],"failureMessages":[],"fullName":"licenseManagementSlice synchronous actions should clear current license","location":null,"status":"passed","title":"should clear current license"},{"ancestorTitles":["licenseManagementSlice","synchronous actions"],"failureMessages":[],"fullName":"licenseManagementSlice synchronous actions should clear audit trail","location":null,"status":"passed","title":"should clear audit trail"},{"ancestorTitles":["licenseManagementSlice","synchronous actions"],"failureMessages":[],"fullName":"licenseManagementSlice synchronous actions should reset analytics","location":null,"status":"passed","title":"should reset analytics"},{"ancestorTitles":["licenseManagementSlice","fetchLicensesAsync"],"failureMessages":[],"fullName":"licenseManagementSlice fetchLicensesAsync should handle successful license fetch","location":null,"status":"passed","title":"should handle successful license fetch"},{"ancestorTitles":["licenseManagementSlice","fetchLicensesAsync"],"failureMessages":[],"fullName":"licenseManagementSlice fetchLicensesAsync should handle failed license fetch","location":null,"status":"passed","title":"should handle failed license fetch"},{"ancestorTitles":["licenseManagementSlice","fetchLicensesAsync"],"failureMessages":[],"fullName":"licenseManagementSlice fetchLicensesAsync should set loading state during fetch","location":null,"status":"passed","title":"should set loading state during fetch"},{"ancestorTitles":["licenseManagementSlice","fetchLicenseByIdAsync"],"failureMessages":[],"fullName":"licenseManagementSlice fetchLicenseByIdAsync should handle successful license fetch by ID","location":null,"status":"passed","title":"should handle successful license fetch by ID"},{"ancestorTitles":["licenseManagementSlice","fetchLicenseByIdAsync"],"failureMessages":[],"fullName":"licenseManagementSlice fetchLicenseByIdAsync should handle failed license fetch by ID","location":null,"status":"passed","title":"should handle failed license fetch by ID"},{"ancestorTitles":["licenseManagementSlice","fetchTenantLicenseAsync"],"failureMessages":[],"fullName":"licenseManagementSlice fetchTenantLicenseAsync should handle successful tenant license fetch","location":null,"status":"passed","title":"should handle successful tenant license fetch"},{"ancestorTitles":["licenseManagementSlice","createLicenseAsync"],"failureMessages":[],"fullName":"licenseManagementSlice createLicenseAsync should handle successful license creation","location":null,"status":"passed","title":"should handle successful license creation"},{"ancestorTitles":["licenseManagementSlice","createLicenseAsync"],"failureMessages":[],"fullName":"licenseManagementSlice createLicenseAsync should handle failed license creation","location":null,"status":"passed","title":"should handle failed license creation"},{"ancestorTitles":["licenseManagementSlice","renewLicenseAsync"],"failureMessages":[],"fullName":"licenseManagementSlice renewLicenseAsync should handle successful license renewal","location":null,"status":"passed","title":"should handle successful license renewal"},{"ancestorTitles":["licenseManagementSlice","revokeLicenseAsync"],"failureMessages":[],"fullName":"licenseManagementSlice revokeLicenseAsync should handle successful license revocation","location":null,"status":"passed","title":"should handle successful license revocation"},{"ancestorTitles":["licenseManagementSlice","validateLicenseAsync"],"failureMessages":[],"fullName":"licenseManagementSlice validateLicenseAsync should handle successful license validation","location":null,"status":"passed","title":"should handle successful license validation"},{"ancestorTitles":["licenseManagementSlice","fetchLicenseAnalyticsAsync"],"failureMessages":[],"fullName":"licenseManagementSlice fetchLicenseAnalyticsAsync should handle successful analytics fetch","location":null,"status":"passed","title":"should handle successful analytics fetch"},{"ancestorTitles":["licenseManagementSlice","fetchExpiringLicensesAsync"],"failureMessages":[],"fullName":"licenseManagementSlice fetchExpiringLicensesAsync should handle successful expiring licenses fetch","location":null,"status":"passed","title":"should handle successful expiring licenses fetch"},{"ancestorTitles":["licenseManagementSlice","fetchLicenseUsageAnalyticsAsync"],"failureMessages":[],"fullName":"licenseManagementSlice fetchLicenseUsageAnalyticsAsync should handle successful usage analytics fetch","location":null,"status":"passed","title":"should handle successful usage analytics fetch"},{"ancestorTitles":["licenseManagementSlice","fetchLicenseAuditTrailAsync"],"failureMessages":[],"fullName":"licenseManagementSlice fetchLicenseAuditTrailAsync should handle successful audit trail fetch","location":null,"status":"passed","title":"should handle successful audit trail fetch"},{"ancestorTitles":["licenseManagementSlice","error handling"],"failureMessages":[],"fullName":"licenseManagementSlice error handling should handle network errors gracefully","location":null,"status":"passed","title":"should handle network errors gracefully"},{"ancestorTitles":["licenseManagementSlice","error handling"],"failureMessages":[],"fullName":"licenseManagementSlice error handling should preserve error timestamp","location":null,"status":"passed","title":"should preserve error timestamp"},{"ancestorTitles":["licenseManagementSlice","loading states"],"failureMessages":[],"fullName":"licenseManagementSlice loading states should set loading to true when starting async operation","location":null,"status":"passed","title":"should set loading to true when starting async operation"},{"ancestorTitles":["licenseManagementSlice","loading states"],"failureMessages":[],"fullName":"licenseManagementSlice loading states should set loading to false when async operation completes","location":null,"status":"passed","title":"should set loading to false when async operation completes"},{"ancestorTitles":["licenseManagementSlice","loading states"],"failureMessages":[],"fullName":"licenseManagementSlice loading states should set loading to false when async operation fails","location":null,"status":"passed","title":"should set loading to false when async operation fails"}],"endTime":1777984283318,"message":"","name":"D:\\work\\HR-SM\\client\\platform-admin\\src\\store\\slices\\__tests__\\licenseManagementSlice.test.js","startTime":1777984281083,"status":"passed","summary":""},{"assertionResults":[{"ancestorTitles":["systemSettingsSlice","initial state"],"failureMessages":[],"fullName":"systemSettingsSlice initial state should have correct initial state","location":null,"status":"passed","title":"should have correct initial state"},{"ancestorTitles":["systemSettingsSlice","reducers"],"failureMessages":[],"fullName":"systemSettingsSlice reducers should handle clearError","location":null,"status":"passed","title":"should handle clearError"},{"ancestorTitles":["systemSettingsSlice","reducers"],"failureMessages":[],"fullName":"systemSettingsSlice reducers should handle updateLocalSettings","location":null,"status":"passed","title":"should handle updateLocalSettings"},{"ancestorTitles":["systemSettingsSlice","reducers"],"failureMessages":[],"fullName":"systemSettingsSlice reducers should handle updateLocalNotifications","location":null,"status":"passed","title":"should handle updateLocalNotifications"},{"ancestorTitles":["systemSettingsSlice","reducers"],"failureMessages":[],"fullName":"systemSettingsSlice reducers should handle updateLocalMaintenance","location":null,"status":"passed","title":"should handle updateLocalMaintenance"},{"ancestorTitles":["systemSettingsSlice","fetchSystemSettingsAsync"],"failureMessages":[],"fullName":"systemSettingsSlice fetchSystemSettingsAsync should handle successful fetch","location":null,"status":"passed","title":"should handle successful fetch"},{"ancestorTitles":["systemSettingsSlice","fetchSystemSettingsAsync"],"failureMessages":[],"fullName":"systemSettingsSlice fetchSystemSettingsAsync should handle fetch failure","location":null,"status":"passed","title":"should handle fetch failure"},{"ancestorTitles":["systemSettingsSlice","updateSystemSettingsAsync"],"failureMessages":[],"fullName":"systemSettingsSlice updateSystemSettingsAsync should handle successful update","location":null,"status":"passed","title":"should handle successful update"},{"ancestorTitles":["systemSettingsSlice","fetchSystemHealthAsync"],"failureMessages":[],"fullName":"systemSettingsSlice fetchSystemHealthAsync should handle successful health check","location":null,"status":"passed","title":"should handle successful health check"},{"ancestorTitles":["systemSettingsSlice","fetchSystemHealthAsync"],"failureMessages":[],"fullName":"systemSettingsSlice fetchSystemHealthAsync should handle health check failure","location":null,"status":"passed","title":"should handle health check failure"},{"ancestorTitles":["systemSettingsSlice","fetchSystemStatsAsync"],"failureMessages":[],"fullName":"systemSettingsSlice fetchSystemStatsAsync should handle successful stats fetch","location":null,"status":"passed","title":"should handle successful stats fetch"},{"ancestorTitles":["systemSettingsSlice","updateNotificationSettingsAsync"],"failureMessages":[],"fullName":"systemSettingsSlice updateNotificationSettingsAsync should handle successful notification update","location":null,"status":"passed","title":"should handle successful notification update"},{"ancestorTitles":["systemSettingsSlice","enableMaintenanceModeAsync"],"failureMessages":[],"fullName":"systemSettingsSlice enableMaintenanceModeAsync should handle successful maintenance mode enable","location":null,"status":"passed","title":"should handle successful maintenance mode enable"},{"ancestorTitles":["systemSettingsSlice","disableMaintenanceModeAsync"],"failureMessages":[],"fullName":"systemSettingsSlice disableMaintenanceModeAsync should handle successful maintenance mode disable","location":null,"status":"passed","title":"should handle successful maintenance mode disable"},{"ancestorTitles":["systemSettingsSlice","restartSystemServiceAsync"],"failureMessages":[],"fullName":"systemSettingsSlice restartSystemServiceAsync should handle successful service restart","location":null,"status":"passed","title":"should handle successful service restart"},{"ancestorTitles":["systemSettingsSlice","backupSystemAsync"],"failureMessages":[],"fullName":"systemSettingsSlice backupSystemAsync should handle successful backup","location":null,"status":"passed","title":"should handle successful backup"},{"ancestorTitles":["systemSettingsSlice","backupSystemAsync"],"failureMessages":[],"fullName":"systemSettingsSlice backupSystemAsync should handle backup failure","location":null,"status":"passed","title":"should handle backup failure"}],"endTime":1777984283651,"message":"","name":"D:\\work\\HR-SM\\client\\platform-admin\\src\\store\\slices\\__tests__\\systemSettingsSlice.test.js","startTime":1777984281196,"status":"passed","summary":""},{"assertionResults":[{"ancestorTitles":["moduleManagementSlice","initial state"],"failureMessages":[],"fullName":"moduleManagementSlice initial state should have correct initial state","location":null,"status":"passed","title":"should have correct initial state"},{"ancestorTitles":["moduleManagementSlice","reducers"],"failureMessages":[],"fullName":"moduleManagementSlice reducers should handle clearError","location":null,"status":"passed","title":"should handle clearError"},{"ancestorTitles":["moduleManagementSlice","reducers"],"failureMessages":[],"fullName":"moduleManagementSlice reducers should handle setTenantModules","location":null,"status":"passed","title":"should handle setTenantModules"},{"ancestorTitles":["moduleManagementSlice","reducers"],"failureMessages":[],"fullName":"moduleManagementSlice reducers should handle clearTenantModules","location":null,"status":"passed","title":"should handle clearTenantModules"},{"ancestorTitles":["moduleManagementSlice","fetchAvailableModulesAsync"],"failureMessages":[],"fullName":"moduleManagementSlice fetchAvailableModulesAsync should handle successful fetch","location":null,"status":"passed","title":"should handle successful fetch"},{"ancestorTitles":["moduleManagementSlice","fetchAvailableModulesAsync"],"failureMessages":[],"fullName":"moduleManagementSlice fetchAvailableModulesAsync should handle fetch failure","location":null,"status":"passed","title":"should handle fetch failure"},{"ancestorTitles":["moduleManagementSlice","fetchTenantModulesAsync"],"failureMessages":[],"fullName":"moduleManagementSlice fetchTenantModulesAsync should handle successful fetch","location":null,"status":"passed","title":"should handle successful fetch"},{"ancestorTitles":["moduleManagementSlice","updateTenantModulesAsync"],"failureMessages":[],"fullName":"moduleManagementSlice updateTenantModulesAsync should handle successful update","location":null,"status":"passed","title":"should handle successful update"},{"ancestorTitles":["moduleManagementSlice","enableModuleForTenantAsync"],"failureMessages":[],"fullName":"moduleManagementSlice enableModuleForTenantAsync should handle successful enable","location":null,"status":"passed","title":"should handle successful enable"},{"ancestorTitles":["moduleManagementSlice","enableModuleForTenantAsync"],"failureMessages":[],"fullName":"moduleManagementSlice enableModuleForTenantAsync should update existing module if already present","location":null,"status":"passed","title":"should update existing module if already present"},{"ancestorTitles":["moduleManagementSlice","disableModuleForTenantAsync"],"failureMessages":[],"fullName":"moduleManagementSlice disableModuleForTenantAsync should handle successful disable","location":null,"status":"passed","title":"should handle successful disable"},{"ancestorTitles":["moduleManagementSlice","createModuleAsync"],"failureMessages":[],"fullName":"moduleManagementSlice createModuleAsync should handle successful creation","location":null,"status":"passed","title":"should handle successful creation"},{"ancestorTitles":["moduleManagementSlice","updateModuleAsync"],"failureMessages":["Error: expect(received).toHaveLength(expected)\n\nExpected length: 1\nReceived length: 0\nReceived array:  []\n    at call (D:\\work\\HR-SM\\client\\platform-admin\\src\\store\\slices\\__tests__\\moduleManagementSlice.test.js:297:38)\n    at Generator._invoke (D:\\work\\HR-SM\\client\\platform-admin\\src\\store\\slices\\__tests__\\moduleManagementSlice.test.js:2:1)\n    at Generator.next (D:\\work\\HR-SM\\client\\platform-admin\\src\\store\\slices\\__tests__\\moduleManagementSlice.test.js:2:1)\n    at asyncGeneratorStep (D:\\work\\HR-SM\\client\\platform-admin\\src\\store\\slices\\__tests__\\moduleManagementSlice.test.js:2:1)\n    at _next (D:\\work\\HR-SM\\client\\platform-admin\\src\\store\\slices\\__tests__\\moduleManagementSlice.test.js:2:1)\n    at processTicksAndRejections (node:internal/process/task_queues:105:5)"],"fullName":"moduleManagementSlice updateModuleAsync should handle successful update","location":null,"status":"failed","title":"should handle successful update"},{"ancestorTitles":["moduleManagementSlice","deleteModuleAsync"],"failureMessages":[],"fullName":"moduleManagementSlice deleteModuleAsync should handle successful deletion","location":null,"status":"passed","title":"should handle successful deletion"}],"endTime":1777984283712,"message":"  ● moduleManagementSlice › updateModuleAsync › should handle successful update\n\n    expect(received).toHaveLength(expected)\n\n    Expected length: 1\n    Received length: 0\n    Received array:  []\n\n    \u001b[0m \u001b[90m 295 |\u001b[39m       \u001b[36mconst\u001b[39m state \u001b[33m=\u001b[39m store\u001b[33m.\u001b[39mgetState()\u001b[33m.\u001b[39mmoduleManagement\u001b[33m;\u001b[39m\n     \u001b[90m 296 |\u001b[39m       expect(state\u001b[33m.\u001b[39mloading)\u001b[33m.\u001b[39mtoBe(\u001b[36mfalse\u001b[39m)\u001b[33m;\u001b[39m\n    \u001b[31m\u001b[1m>\u001b[22m\u001b[39m\u001b[90m 297 |\u001b[39m       expect(state\u001b[33m.\u001b[39mavailableModules)\u001b[33m.\u001b[39mtoHaveLength(\u001b[35m1\u001b[39m)\u001b[33m;\u001b[39m\n     \u001b[90m     |\u001b[39m                                      \u001b[31m\u001b[1m^\u001b[22m\u001b[39m\n     \u001b[90m 298 |\u001b[39m       expect(state\u001b[33m.\u001b[39mavailableModules[\u001b[35m0\u001b[39m])\u001b[33m.\u001b[39mtoEqual(updatedModule)\u001b[33m;\u001b[39m\n     \u001b[90m 299 |\u001b[39m       expect(state\u001b[33m.\u001b[39merror)\u001b[33m.\u001b[39mtoBeNull()\u001b[33m;\u001b[39m\n     \u001b[90m 300 |\u001b[39m     })\u001b[33m;\u001b[39m\u001b[0m\n\n      at call (src/store/slices/__tests__/moduleManagementSlice.test.js:297:38)\n      at Generator._invoke (src/store/slices/__tests__/moduleManagementSlice.test.js:2:1)\n      at Generator.next (src/store/slices/__tests__/moduleManagementSlice.test.js:2:1)\n      at asyncGeneratorStep (src/store/slices/__tests__/moduleManagementSlice.test.js:2:1)\n      at _next (src/store/slices/__tests__/moduleManagementSlice.test.js:2:1)\n","name":"D:\\work\\HR-SM\\client\\platform-admin\\src\\store\\slices\\__tests__\\moduleManagementSlice.test.js","startTime":1777984281176,"status":"failed","summary":""},{"assertionResults":[{"ancestorTitles":["tenantManagementSlice","initial state"],"failureMessages":[],"fullName":"tenantManagementSlice initial state should have correct initial state","location":null,"status":"passed","title":"should have correct initial state"},{"ancestorTitles":["tenantManagementSlice","reducers"],"failureMessages":[],"fullName":"tenantManagementSlice reducers should handle clearError","location":null,"status":"passed","title":"should handle clearError"},{"ancestorTitles":["tenantManagementSlice","reducers"],"failureMessages":[],"fullName":"tenantManagementSlice reducers should handle setCurrentTenant","location":null,"status":"passed","title":"should handle setCurrentTenant"},{"ancestorTitles":["tenantManagementSlice","reducers"],"failureMessages":[],"fullName":"tenantManagementSlice reducers should handle setFilters","location":null,"status":"passed","title":"should handle setFilters"},{"ancestorTitles":["tenantManagementSlice","reducers"],"failureMessages":[],"fullName":"tenantManagementSlice reducers should handle clearCurrentTenant","location":null,"status":"passed","title":"should handle clearCurrentTenant"},{"ancestorTitles":["tenantManagementSlice","fetchTenantsAsync"],"failureMessages":[],"fullName":"tenantManagementSlice fetchTenantsAsync should handle successful fetch","location":null,"status":"passed","title":"should handle successful fetch"},{"ancestorTitles":["tenantManagementSlice","fetchTenantsAsync"],"failureMessages":[],"fullName":"tenantManagementSlice fetchTenantsAsync should handle fetch failure","location":null,"status":"passed","title":"should handle fetch failure"},{"ancestorTitles":["tenantManagementSlice","fetchTenantsAsync"],"failureMessages":[],"fullName":"tenantManagementSlice fetchTenantsAsync should build correct query parameters","location":null,"status":"passed","title":"should build correct query parameters"},{"ancestorTitles":["tenantManagementSlice","fetchTenantByIdAsync"],"failureMessages":[],"fullName":"tenantManagementSlice fetchTenantByIdAsync should handle successful fetch","location":null,"status":"passed","title":"should handle successful fetch"},{"ancestorTitles":["tenantManagementSlice","createTenantAsync"],"failureMessages":[],"fullName":"tenantManagementSlice createTenantAsync should handle successful creation","location":null,"status":"passed","title":"should handle successful creation"},{"ancestorTitles":["tenantManagementSlice","updateTenantAsync"],"failureMessages":["Error: expect(received).toHaveLength(expected)\n\nExpected length: 1\nReceived length: 0\nReceived array:  []\n    at call (D:\\work\\HR-SM\\client\\platform-admin\\src\\store\\slices\\__tests__\\tenantManagementSlice.test.js:241:29)\n    at Generator._invoke (D:\\work\\HR-SM\\client\\platform-admin\\src\\store\\slices\\__tests__\\tenantManagementSlice.test.js:2:1)\n    at Generator.next (D:\\work\\HR-SM\\client\\platform-admin\\src\\store\\slices\\__tests__\\tenantManagementSlice.test.js:2:1)\n    at asyncGeneratorStep (D:\\work\\HR-SM\\client\\platform-admin\\src\\store\\slices\\__tests__\\tenantManagementSlice.test.js:2:1)\n    at _next (D:\\work\\HR-SM\\client\\platform-admin\\src\\store\\slices\\__tests__\\tenantManagementSlice.test.js:2:1)\n    at processTicksAndRejections (node:internal/process/task_queues:105:5)"],"fullName":"tenantManagementSlice updateTenantAsync should handle successful update","location":null,"status":"failed","title":"should handle successful update"},{"ancestorTitles":["tenantManagementSlice","deleteTenantAsync"],"failureMessages":[],"fullName":"tenantManagementSlice deleteTenantAsync should handle successful deletion","location":null,"status":"passed","title":"should handle successful deletion"},{"ancestorTitles":["tenantManagementSlice","suspendTenantAsync"],"failureMessages":["Error: expect(received).toHaveLength(expected)\n\nExpected length: 1\nReceived length: 0\nReceived array:  []\n    at call (D:\\work\\HR-SM\\client\\platform-admin\\src\\store\\slices\\__tests__\\tenantManagementSlice.test.js:289:29)\n    at Generator._invoke (D:\\work\\HR-SM\\client\\platform-admin\\src\\store\\slices\\__tests__\\tenantManagementSlice.test.js:2:1)\n    at Generator.next (D:\\work\\HR-SM\\client\\platform-admin\\src\\store\\slices\\__tests__\\tenantManagementSlice.test.js:2:1)\n    at asyncGeneratorStep (D:\\work\\HR-SM\\client\\platform-admin\\src\\store\\slices\\__tests__\\tenantManagementSlice.test.js:2:1)\n    at _next (D:\\work\\HR-SM\\client\\platform-admin\\src\\store\\slices\\__tests__\\tenantManagementSlice.test.js:2:1)\n    at processTicksAndRejections (node:internal/process/task_queues:105:5)"],"fullName":"tenantManagementSlice suspendTenantAsync should handle successful suspension","location":null,"status":"failed","title":"should handle successful suspension"},{"ancestorTitles":["tenantManagementSlice","activateTenantAsync"],"failureMessages":["Error: expect(received).toHaveLength(expected)\n\nExpected length: 1\nReceived length: 0\nReceived array:  []\n    at call (D:\\work\\HR-SM\\client\\platform-admin\\src\\store\\slices\\__tests__\\tenantManagementSlice.test.js:312:29)\n    at Generator._invoke (D:\\work\\HR-SM\\client\\platform-admin\\src\\store\\slices\\__tests__\\tenantManagementSlice.test.js:2:1)\n    at Generator.next (D:\\work\\HR-SM\\client\\platform-admin\\src\\store\\slices\\__tests__\\tenantManagementSlice.test.js:2:1)\n    at asyncGeneratorStep (D:\\work\\HR-SM\\client\\platform-admin\\src\\store\\slices\\__tests__\\tenantManagementSlice.test.js:2:1)\n    at _next (D:\\work\\HR-SM\\client\\platform-admin\\src\\store\\slices\\__tests__\\tenantManagementSlice.test.js:2:1)\n    at processTicksAndRejections (node:internal/process/task_queues:105:5)"],"fullName":"tenantManagementSlice activateTenantAsync should handle successful activation","location":null,"status":"failed","title":"should handle successful activation"}],"endTime":1777984283806,"message":"  ● tenantManagementSlice › updateTenantAsync › should handle successful update\n\n    expect(received).toHaveLength(expected)\n\n    Expected length: 1\n    Received length: 0\n    Received array:  []\n\n    \u001b[0m \u001b[90m 239 |\u001b[39m       \u001b[36mconst\u001b[39m state \u001b[33m=\u001b[39m store\u001b[33m.\u001b[39mgetState()\u001b[33m.\u001b[39mtenantManagement\u001b[33m;\u001b[39m\n     \u001b[90m 240 |\u001b[39m       expect(state\u001b[33m.\u001b[39mloading)\u001b[33m.\u001b[39mtoBe(\u001b[36mfalse\u001b[39m)\u001b[33m;\u001b[39m\n    \u001b[31m\u001b[1m>\u001b[22m\u001b[39m\u001b[90m 241 |\u001b[39m       expect(state\u001b[33m.\u001b[39mtenants)\u001b[33m.\u001b[39mtoHaveLength(\u001b[35m1\u001b[39m)\u001b[33m;\u001b[39m\n     \u001b[90m     |\u001b[39m                             \u001b[31m\u001b[1m^\u001b[22m\u001b[39m\n     \u001b[90m 242 |\u001b[39m       expect(state\u001b[33m.\u001b[39mtenants[\u001b[35m0\u001b[39m])\u001b[33m.\u001b[39mtoEqual(updatedTenant)\u001b[33m;\u001b[39m\n     \u001b[90m 243 |\u001b[39m       expect(state\u001b[33m.\u001b[39mcurrentTenant)\u001b[33m.\u001b[39mtoEqual(updatedTenant)\u001b[33m;\u001b[39m\n     \u001b[90m 244 |\u001b[39m       expect(state\u001b[33m.\u001b[39merror)\u001b[33m.\u001b[39mtoBeNull()\u001b[33m;\u001b[39m\u001b[0m\n\n      at call (src/store/slices/__tests__/tenantManagementSlice.test.js:241:29)\n      at Generator._invoke (src/store/slices/__tests__/tenantManagementSlice.test.js:2:1)\n      at Generator.next (src/store/slices/__tests__/tenantManagementSlice.test.js:2:1)\n      at asyncGeneratorStep (src/store/slices/__tests__/tenantManagementSlice.test.js:2:1)\n      at _next (src/store/slices/__tests__/tenantManagementSlice.test.js:2:1)\n\n  ● tenantManagementSlice › suspendTenantAsync › should handle successful suspension\n\n    expect(received).toHaveLength(expected)\n\n    Expected length: 1\n    Received length: 0\n    Received array:  []\n\n    \u001b[0m \u001b[90m 287 |\u001b[39m\n     \u001b[90m 288 |\u001b[39m       \u001b[36mconst\u001b[39m state \u001b[33m=\u001b[39m store\u001b[33m.\u001b[39mgetState()\u001b[33m.\u001b[39mtenantManagement\u001b[33m;\u001b[39m\n    \u001b[31m\u001b[1m>\u001b[22m\u001b[39m\u001b[90m 289 |\u001b[39m       expect(state\u001b[33m.\u001b[39mtenants)\u001b[33m.\u001b[39mtoHaveLength(\u001b[35m1\u001b[39m)\u001b[33m;\u001b[39m\n     \u001b[90m     |\u001b[39m                             \u001b[31m\u001b[1m^\u001b[22m\u001b[39m\n     \u001b[90m 290 |\u001b[39m       expect(state\u001b[33m.\u001b[39mtenants[\u001b[35m0\u001b[39m])\u001b[33m.\u001b[39mtoEqual(suspendedTenant)\u001b[33m;\u001b[39m\n     \u001b[90m 291 |\u001b[39m     })\u001b[33m;\u001b[39m\n     \u001b[90m 292 |\u001b[39m   })\u001b[33m;\u001b[39m\u001b[0m\n\n      at call (src/store/slices/__tests__/tenantManagementSlice.test.js:289:29)\n      at Generator._invoke (src/store/slices/__tests__/tenantManagementSlice.test.js:2:1)\n      at Generator.next (src/store/slices/__tests__/tenantManagementSlice.test.js:2:1)\n      at asyncGeneratorStep (src/store/slices/__tests__/tenantManagementSlice.test.js:2:1)\n      at _next (src/store/slices/__tests__/tenantManagementSlice.test.js:2:1)\n\n  ● tenantManagementSlice › activateTenantAsync › should handle successful activation\n\n    expect(received).toHaveLength(expected)\n\n    Expected length: 1\n    Received length: 0\n    Received array:  []\n\n    \u001b[0m \u001b[90m 310 |\u001b[39m\n     \u001b[90m 311 |\u001b[39m       \u001b[36mconst\u001b[39m state \u001b[33m=\u001b[39m store\u001b[33m.\u001b[39mgetState()\u001b[33m.\u001b[39mtenantManagement\u001b[33m;\u001b[39m\n    \u001b[31m\u001b[1m>\u001b[22m\u001b[39m\u001b[90m 312 |\u001b[39m       expect(state\u001b[33m.\u001b[39mtenants)\u001b[33m.\u001b[39mtoHaveLength(\u001b[35m1\u001b[39m)\u001b[33m;\u001b[39m\n     \u001b[90m     |\u001b[39m                             \u001b[31m\u001b[1m^\u001b[22m\u001b[39m\n     \u001b[90m 313 |\u001b[39m       expect(state\u001b[33m.\u001b[39mtenants[\u001b[35m0\u001b[39m])\u001b[33m.\u001b[39mtoEqual(activatedTenant)\u001b[33m;\u001b[39m\n     \u001b[90m 314 |\u001b[39m     })\u001b[33m;\u001b[39m\n     \u001b[90m 315 |\u001b[39m   })\u001b[33m;\u001b[39m\u001b[0m\n\n      at call (src/store/slices/__tests__/tenantManagementSlice.test.js:312:29)\n      at Generator._invoke (src/store/slices/__tests__/tenantManagementSlice.test.js:2:1)\n      at Generator.next (src/store/slices/__tests__/tenantManagementSlice.test.js:2:1)\n      at asyncGeneratorStep (src/store/slices/__tests__/tenantManagementSlice.test.js:2:1)\n      at _next (src/store/slices/__tests__/tenantManagementSlice.test.js:2:1)\n","name":"D:\\work\\HR-SM\\client\\platform-admin\\src\\store\\slices\\__tests__\\tenantManagementSlice.test.js","startTime":1777984281217,"status":"failed","summary":""},{"assertionResults":[{"ancestorTitles":["subscriptionSlice","initial state"],"failureMessages":[],"fullName":"subscriptionSlice initial state should have correct initial state","location":null,"status":"passed","title":"should have correct initial state"},{"ancestorTitles":["subscriptionSlice","reducers"],"failureMessages":[],"fullName":"subscriptionSlice reducers should handle clearError","location":null,"status":"passed","title":"should handle clearError"},{"ancestorTitles":["subscriptionSlice","reducers"],"failureMessages":[],"fullName":"subscriptionSlice reducers should handle setCurrentSubscription","location":null,"status":"passed","title":"should handle setCurrentSubscription"},{"ancestorTitles":["subscriptionSlice","reducers"],"failureMessages":[],"fullName":"subscriptionSlice reducers should handle clearCurrentSubscription","location":null,"status":"passed","title":"should handle clearCurrentSubscription"},{"ancestorTitles":["subscriptionSlice","fetchSubscriptionsAsync"],"failureMessages":[],"fullName":"subscriptionSlice fetchSubscriptionsAsync should handle successful fetch","location":null,"status":"passed","title":"should handle successful fetch"},{"ancestorTitles":["subscriptionSlice","fetchSubscriptionsAsync"],"failureMessages":[],"fullName":"subscriptionSlice fetchSubscriptionsAsync should handle fetch failure","location":null,"status":"passed","title":"should handle fetch failure"},{"ancestorTitles":["subscriptionSlice","fetchSubscriptionsAsync"],"failureMessages":[],"fullName":"subscriptionSlice fetchSubscriptionsAsync should build correct query parameters","location":null,"status":"passed","title":"should build correct query parameters"},{"ancestorTitles":["subscriptionSlice","fetchSubscriptionPlansAsync"],"failureMessages":[],"fullName":"subscriptionSlice fetchSubscriptionPlansAsync should handle successful fetch","location":null,"status":"passed","title":"should handle successful fetch"},{"ancestorTitles":["subscriptionSlice","fetchSubscriptionByIdAsync"],"failureMessages":[],"fullName":"subscriptionSlice fetchSubscriptionByIdAsync should handle successful fetch","location":null,"status":"passed","title":"should handle successful fetch"},{"ancestorTitles":["subscriptionSlice","createSubscriptionAsync"],"failureMessages":[],"fullName":"subscriptionSlice createSubscriptionAsync should handle successful creation","location":null,"status":"passed","title":"should handle successful creation"},{"ancestorTitles":["subscriptionSlice","updateSubscriptionAsync"],"failureMessages":["Error: expect(received).toHaveLength(expected)\n\nExpected length: 1\nReceived length: 0\nReceived array:  []\n    at call (D:\\work\\HR-SM\\client\\platform-admin\\src\\store\\slices\\__tests__\\subscriptionSlice.test.js:228:35)\n    at Generator._invoke (D:\\work\\HR-SM\\client\\platform-admin\\src\\store\\slices\\__tests__\\subscriptionSlice.test.js:2:1)\n    at Generator.next (D:\\work\\HR-SM\\client\\platform-admin\\src\\store\\slices\\__tests__\\subscriptionSlice.test.js:2:1)\n    at asyncGeneratorStep (D:\\work\\HR-SM\\client\\platform-admin\\src\\store\\slices\\__tests__\\subscriptionSlice.test.js:2:1)\n    at _next (D:\\work\\HR-SM\\client\\platform-admin\\src\\store\\slices\\__tests__\\subscriptionSlice.test.js:2:1)\n    at processTicksAndRejections (node:internal/process/task_queues:105:5)"],"fullName":"subscriptionSlice updateSubscriptionAsync should handle successful update","location":null,"status":"failed","title":"should handle successful update"},{"ancestorTitles":["subscriptionSlice","renewSubscriptionAsync"],"failureMessages":["Error: expect(received).toHaveLength(expected)\n\nExpected length: 1\nReceived length: 0\nReceived array:  []\n    at call (D:\\work\\HR-SM\\client\\platform-admin\\src\\store\\slices\\__tests__\\subscriptionSlice.test.js:257:35)\n    at Generator._invoke (D:\\work\\HR-SM\\client\\platform-admin\\src\\store\\slices\\__tests__\\subscriptionSlice.test.js:2:1)\n    at Generator.next (D:\\work\\HR-SM\\client\\platform-admin\\src\\store\\slices\\__tests__\\subscriptionSlice.test.js:2:1)\n    at asyncGeneratorStep (D:\\work\\HR-SM\\client\\platform-admin\\src\\store\\slices\\__tests__\\subscriptionSlice.test.js:2:1)\n    at _next (D:\\work\\HR-SM\\client\\platform-admin\\src\\store\\slices\\__tests__\\subscriptionSlice.test.js:2:1)\n    at processTicksAndRejections (node:internal/process/task_queues:105:5)"],"fullName":"subscriptionSlice renewSubscriptionAsync should handle successful renewal","location":null,"status":"failed","title":"should handle successful renewal"},{"ancestorTitles":["subscriptionSlice","cancelSubscriptionAsync"],"failureMessages":["Error: expect(received).toHaveLength(expected)\n\nExpected length: 1\nReceived length: 0\nReceived array:  []\n    at call (D:\\work\\HR-SM\\client\\platform-admin\\src\\store\\slices\\__tests__\\subscriptionSlice.test.js:282:35)\n    at Generator._invoke (D:\\work\\HR-SM\\client\\platform-admin\\src\\store\\slices\\__tests__\\subscriptionSlice.test.js:2:1)\n    at Generator.next (D:\\work\\HR-SM\\client\\platform-admin\\src\\store\\slices\\__tests__\\subscriptionSlice.test.js:2:1)\n    at asyncGeneratorStep (D:\\work\\HR-SM\\client\\platform-admin\\src\\store\\slices\\__tests__\\subscriptionSlice.test.js:2:1)\n    at _next (D:\\work\\HR-SM\\client\\platform-admin\\src\\store\\slices\\__tests__\\subscriptionSlice.test.js:2:1)\n    at processTicksAndRejections (node:internal/process/task_queues:105:5)"],"fullName":"subscriptionSlice cancelSubscriptionAsync should handle successful cancellation","location":null,"status":"failed","title":"should handle successful cancellation"},{"ancestorTitles":["subscriptionSlice","fetchSubscriptionAnalyticsAsync"],"failureMessages":[],"fullName":"subscriptionSlice fetchSubscriptionAnalyticsAsync should handle successful analytics fetch","location":null,"status":"passed","title":"should handle successful analytics fetch"}],"endTime":1777984283926,"message":"  ● subscriptionSlice › updateSubscriptionAsync › should handle successful update\n\n    expect(received).toHaveLength(expected)\n\n    Expected length: 1\n    Received length: 0\n    Received array:  []\n\n    \u001b[0m \u001b[90m 226 |\u001b[39m       \u001b[36mconst\u001b[39m state \u001b[33m=\u001b[39m store\u001b[33m.\u001b[39mgetState()\u001b[33m.\u001b[39msubscription\u001b[33m;\u001b[39m\n     \u001b[90m 227 |\u001b[39m       expect(state\u001b[33m.\u001b[39mloading)\u001b[33m.\u001b[39mtoBe(\u001b[36mfalse\u001b[39m)\u001b[33m;\u001b[39m\n    \u001b[31m\u001b[1m>\u001b[22m\u001b[39m\u001b[90m 228 |\u001b[39m       expect(state\u001b[33m.\u001b[39msubscriptions)\u001b[33m.\u001b[39mtoHaveLength(\u001b[35m1\u001b[39m)\u001b[33m;\u001b[39m\n     \u001b[90m     |\u001b[39m                                   \u001b[31m\u001b[1m^\u001b[22m\u001b[39m\n     \u001b[90m 229 |\u001b[39m       expect(state\u001b[33m.\u001b[39msubscriptions[\u001b[35m0\u001b[39m])\u001b[33m.\u001b[39mtoEqual(updatedSubscription)\u001b[33m;\u001b[39m\n     \u001b[90m 230 |\u001b[39m       expect(state\u001b[33m.\u001b[39mcurrentSubscription)\u001b[33m.\u001b[39mtoEqual(updatedSubscription)\u001b[33m;\u001b[39m\n     \u001b[90m 231 |\u001b[39m       expect(state\u001b[33m.\u001b[39merror)\u001b[33m.\u001b[39mtoBeNull()\u001b[33m;\u001b[39m\u001b[0m\n\n      at call (src/store/slices/__tests__/subscriptionSlice.test.js:228:35)\n      at Generator._invoke (src/store/slices/__tests__/subscriptionSlice.test.js:2:1)\n      at Generator.next (src/store/slices/__tests__/subscriptionSlice.test.js:2:1)\n      at asyncGeneratorStep (src/store/slices/__tests__/subscriptionSlice.test.js:2:1)\n      at _next (src/store/slices/__tests__/subscriptionSlice.test.js:2:1)\n\n  ● subscriptionSlice › renewSubscriptionAsync › should handle successful renewal\n\n    expect(received).toHaveLength(expected)\n\n    Expected length: 1\n    Received length: 0\n    Received array:  []\n\n    \u001b[0m \u001b[90m 255 |\u001b[39m       \u001b[36mconst\u001b[39m state \u001b[33m=\u001b[39m store\u001b[33m.\u001b[39mgetState()\u001b[33m.\u001b[39msubscription\u001b[33m;\u001b[39m\n     \u001b[90m 256 |\u001b[39m       expect(state\u001b[33m.\u001b[39mloading)\u001b[33m.\u001b[39mtoBe(\u001b[36mfalse\u001b[39m)\u001b[33m;\u001b[39m\n    \u001b[31m\u001b[1m>\u001b[22m\u001b[39m\u001b[90m 257 |\u001b[39m       expect(state\u001b[33m.\u001b[39msubscriptions)\u001b[33m.\u001b[39mtoHaveLength(\u001b[35m1\u001b[39m)\u001b[33m;\u001b[39m\n     \u001b[90m     |\u001b[39m                                   \u001b[31m\u001b[1m^\u001b[22m\u001b[39m\n     \u001b[90m 258 |\u001b[39m       expect(state\u001b[33m.\u001b[39msubscriptions[\u001b[35m0\u001b[39m])\u001b[33m.\u001b[39mtoEqual(renewedSubscription)\u001b[33m;\u001b[39m\n     \u001b[90m 259 |\u001b[39m       expect(state\u001b[33m.\u001b[39merror)\u001b[33m.\u001b[39mtoBeNull()\u001b[33m;\u001b[39m\n     \u001b[90m 260 |\u001b[39m     })\u001b[33m;\u001b[39m\u001b[0m\n\n      at call (src/store/slices/__tests__/subscriptionSlice.test.js:257:35)\n      at Generator._invoke (src/store/slices/__tests__/subscriptionSlice.test.js:2:1)\n      at Generator.next (src/store/slices/__tests__/subscriptionSlice.test.js:2:1)\n      at asyncGeneratorStep (src/store/slices/__tests__/subscriptionSlice.test.js:2:1)\n      at _next (src/store/slices/__tests__/subscriptionSlice.test.js:2:1)\n\n  ● subscriptionSlice › cancelSubscriptionAsync › should handle successful cancellation\n\n    expect(received).toHaveLength(expected)\n\n    Expected length: 1\n    Received length: 0\n    Received array:  []\n\n    \u001b[0m \u001b[90m 280 |\u001b[39m       \u001b[36mconst\u001b[39m state \u001b[33m=\u001b[39m store\u001b[33m.\u001b[39mgetState()\u001b[33m.\u001b[39msubscription\u001b[33m;\u001b[39m\n     \u001b[90m 281 |\u001b[39m       expect(state\u001b[33m.\u001b[39mloading)\u001b[33m.\u001b[39mtoBe(\u001b[36mfalse\u001b[39m)\u001b[33m;\u001b[39m\n    \u001b[31m\u001b[1m>\u001b[22m\u001b[39m\u001b[90m 282 |\u001b[39m       expect(state\u001b[33m.\u001b[39msubscriptions)\u001b[33m.\u001b[39mtoHaveLength(\u001b[35m1\u001b[39m)\u001b[33m;\u001b[39m\n     \u001b[90m     |\u001b[39m                                   \u001b[31m\u001b[1m^\u001b[22m\u001b[39m\n     \u001b[90m 283 |\u001b[39m       expect(state\u001b[33m.\u001b[39msubscriptions[\u001b[35m0\u001b[39m])\u001b[33m.\u001b[39mtoEqual(cancelledSubscription)\u001b[33m;\u001b[39m\n     \u001b[90m 284 |\u001b[39m       expect(state\u001b[33m.\u001b[39merror)\u001b[33m.\u001b[39mtoBeNull()\u001b[33m;\u001b[39m\n     \u001b[90m 285 |\u001b[39m     })\u001b[33m;\u001b[39m\u001b[0m\n\n      at call (src/store/slices/__tests__/subscriptionSlice.test.js:282:35)\n      at Generator._invoke (src/store/slices/__tests__/subscriptionSlice.test.js:2:1)\n      at Generator.next (src/store/slices/__tests__/subscriptionSlice.test.js:2:1)\n      at asyncGeneratorStep (src/store/slices/__tests__/subscriptionSlice.test.js:2:1)\n      at _next (src/store/slices/__tests__/subscriptionSlice.test.js:2:1)\n","name":"D:\\work\\HR-SM\\client\\platform-admin\\src\\store\\slices\\__tests__\\subscriptionSlice.test.js","startTime":1777984281218,"status":"failed","summary":""},{"assertionResults":[{"ancestorTitles":["platformAuthSlice","initial state"],"failureMessages":[],"fullName":"platformAuthSlice initial state should have correct initial state","location":null,"status":"passed","title":"should have correct initial state"},{"ancestorTitles":["platformAuthSlice","reducers"],"failureMessages":[],"fullName":"platformAuthSlice reducers should handle clearError","location":null,"status":"passed","title":"should handle clearError"},{"ancestorTitles":["platformAuthSlice","reducers"],"failureMessages":[],"fullName":"platformAuthSlice reducers should handle setUser","location":null,"status":"passed","title":"should handle setUser"},{"ancestorTitles":["platformAuthSlice","reducers"],"failureMessages":[],"fullName":"platformAuthSlice reducers should handle setUser with null","location":null,"status":"passed","title":"should handle setUser with null"},{"ancestorTitles":["platformAuthSlice","loginAsync"],"failureMessages":["Error: expect(received).toEqual(expected) // deep equality\n\nExpected: {\"email\": \"test@example.com\", \"id\": \"1\", \"name\": \"Test User\"}\nReceived: null\n    at call (D:\\work\\HR-SM\\client\\platform-admin\\src\\store\\slices\\__tests__\\platformAuthSlice.test.js:116:26)\n    at Generator._invoke (D:\\work\\HR-SM\\client\\platform-admin\\src\\store\\slices\\__tests__\\platformAuthSlice.test.js:2:1)\n    at Generator.next (D:\\work\\HR-SM\\client\\platform-admin\\src\\store\\slices\\__tests__\\platformAuthSlice.test.js:2:1)\n    at asyncGeneratorStep (D:\\work\\HR-SM\\client\\platform-admin\\src\\store\\slices\\__tests__\\platformAuthSlice.test.js:2:1)\n    at _next (D:\\work\\HR-SM\\client\\platform-admin\\src\\store\\slices\\__tests__\\platformAuthSlice.test.js:2:1)\n    at processTicksAndRejections (node:internal/process/task_queues:105:5)"],"fullName":"platformAuthSlice loginAsync should handle successful login","location":null,"status":"failed","title":"should handle successful login"},{"ancestorTitles":["platformAuthSlice","loginAsync"],"failureMessages":[],"fullName":"platformAuthSlice loginAsync should handle login failure","location":null,"status":"passed","title":"should handle login failure"},{"ancestorTitles":["platformAuthSlice","loginAsync"],"failureMessages":[],"fullName":"platformAuthSlice loginAsync should handle rate limiting","location":null,"status":"passed","title":"should handle rate limiting"},{"ancestorTitles":["platformAuthSlice","logoutAsync"],"failureMessages":["Error: expect(jest.fn()).toHaveBeenCalledWith(...expected)\n\nExpected: \"platformToken\"\n\nNumber of calls: 0\n    at call (D:\\work\\HR-SM\\client\\platform-admin\\src\\store\\slices\\__tests__\\platformAuthSlice.test.js:175:29)\n    at Generator._invoke (D:\\work\\HR-SM\\client\\platform-admin\\src\\store\\slices\\__tests__\\platformAuthSlice.test.js:2:1)\n    at Generator.next (D:\\work\\HR-SM\\client\\platform-admin\\src\\store\\slices\\__tests__\\platformAuthSlice.test.js:2:1)\n    at asyncGeneratorStep (D:\\work\\HR-SM\\client\\platform-admin\\src\\store\\slices\\__tests__\\platformAuthSlice.test.js:2:1)\n    at _next (D:\\work\\HR-SM\\client\\platform-admin\\src\\store\\slices\\__tests__\\platformAuthSlice.test.js:2:1)\n    at processTicksAndRejections (node:internal/process/task_queues:105:5)"],"fullName":"platformAuthSlice logoutAsync should handle successful logout","location":null,"status":"failed","title":"should handle successful logout"},{"ancestorTitles":["platformAuthSlice","logoutAsync"],"failureMessages":["Error: expect(jest.fn()).toHaveBeenCalledWith(...expected)\n\nExpected: \"platformToken\"\n\nNumber of calls: 0\n    at call (D:\\work\\HR-SM\\client\\platform-admin\\src\\store\\slices\\__tests__\\platformAuthSlice.test.js:191:29)\n    at Generator._invoke (D:\\work\\HR-SM\\client\\platform-admin\\src\\store\\slices\\__tests__\\platformAuthSlice.test.js:2:1)\n    at Generator.next (D:\\work\\HR-SM\\client\\platform-admin\\src\\store\\slices\\__tests__\\platformAuthSlice.test.js:2:1)\n    at asyncGeneratorStep (D:\\work\\HR-SM\\client\\platform-admin\\src\\store\\slices\\__tests__\\platformAuthSlice.test.js:2:1)\n    at _next (D:\\work\\HR-SM\\client\\platform-admin\\src\\store\\slices\\__tests__\\platformAuthSlice.test.js:2:1)\n    at processTicksAndRejections (node:internal/process/task_queues:105:5)"],"fullName":"platformAuthSlice logoutAsync should handle logout even if API call fails","location":null,"status":"failed","title":"should handle logout even if API call fails"},{"ancestorTitles":["platformAuthSlice","checkAuthAsync"],"failureMessages":["Error: expect(received).toEqual(expected) // deep equality\n\nExpected: {\"email\": \"test@example.com\", \"id\": \"1\", \"name\": \"Test User\"}\nReceived: null\n    at call (D:\\work\\HR-SM\\client\\platform-admin\\src\\store\\slices\\__tests__\\platformAuthSlice.test.js:213:26)\n    at Generator._invoke (D:\\work\\HR-SM\\client\\platform-admin\\src\\store\\slices\\__tests__\\platformAuthSlice.test.js:2:1)\n    at Generator.next (D:\\work\\HR-SM\\client\\platform-admin\\src\\store\\slices\\__tests__\\platformAuthSlice.test.js:2:1)\n    at asyncGeneratorStep (D:\\work\\HR-SM\\client\\platform-admin\\src\\store\\slices\\__tests__\\platformAuthSlice.test.js:2:1)\n    at _next (D:\\work\\HR-SM\\client\\platform-admin\\src\\store\\slices\\__tests__\\platformAuthSlice.test.js:2:1)\n    at processTicksAndRejections (node:internal/process/task_queues:105:5)"],"fullName":"platformAuthSlice checkAuthAsync should handle successful auth check","location":null,"status":"failed","title":"should handle successful auth check"},{"ancestorTitles":["platformAuthSlice","checkAuthAsync"],"failureMessages":["Error: expect(received).toEqual(expected) // deep equality\n\n- Expected  - 1\n+ Received  + 1\n\n  Object {\n    \"code\": \"AUTH_CHECK_FAILED\",\n-   \"message\": \"No token found\",\n+   \"message\": undefined,\n    \"retryable\": false,\n    \"timestamp\": Any<String>,\n  }\n    at call (D:\\work\\HR-SM\\client\\platform-admin\\src\\store\\slices\\__tests__\\platformAuthSlice.test.js:227:27)\n    at Generator._invoke (D:\\work\\HR-SM\\client\\platform-admin\\src\\store\\slices\\__tests__\\platformAuthSlice.test.js:2:1)\n    at Generator.next (D:\\work\\HR-SM\\client\\platform-admin\\src\\store\\slices\\__tests__\\platformAuthSlice.test.js:2:1)\n    at asyncGeneratorStep (D:\\work\\HR-SM\\client\\platform-admin\\src\\store\\slices\\__tests__\\platformAuthSlice.test.js:2:1)\n    at _next (D:\\work\\HR-SM\\client\\platform-admin\\src\\store\\slices\\__tests__\\platformAuthSlice.test.js:2:1)\n    at processTicksAndRejections (node:internal/process/task_queues:105:5)"],"fullName":"platformAuthSlice checkAuthAsync should handle no token found","location":null,"status":"failed","title":"should handle no token found"},{"ancestorTitles":["platformAuthSlice","checkAuthAsync"],"failureMessages":["Error: expect(received).toBeNull()\n\nReceived: {\"code\": \"AUTH_CHECK_FAILED\", \"message\": undefined, \"retryable\": false, \"timestamp\": \"2026-05-05T12:31:23.998Z\"}\n    at call (D:\\work\\HR-SM\\client\\platform-admin\\src\\store\\slices\\__tests__\\platformAuthSlice.test.js:252:27)\n    at Generator._invoke (D:\\work\\HR-SM\\client\\platform-admin\\src\\store\\slices\\__tests__\\platformAuthSlice.test.js:2:1)\n    at Generator.next (D:\\work\\HR-SM\\client\\platform-admin\\src\\store\\slices\\__tests__\\platformAuthSlice.test.js:2:1)\n    at asyncGeneratorStep (D:\\work\\HR-SM\\client\\platform-admin\\src\\store\\slices\\__tests__\\platformAuthSlice.test.js:2:1)\n    at _next (D:\\work\\HR-SM\\client\\platform-admin\\src\\store\\slices\\__tests__\\platformAuthSlice.test.js:2:1)\n    at processTicksAndRejections (node:internal/process/task_queues:105:5)"],"fullName":"platformAuthSlice checkAuthAsync should handle rate limiting gracefully","location":null,"status":"failed","title":"should handle rate limiting gracefully"},{"ancestorTitles":["platformAuthSlice","checkAuthAsync"],"failureMessages":["Error: expect(jest.fn()).toHaveBeenCalledWith(...expected)\n\nExpected: \"platformToken\"\n\nNumber of calls: 0\n    at call (D:\\work\\HR-SM\\client\\platform-admin\\src\\store\\slices\\__tests__\\platformAuthSlice.test.js:271:29)\n    at Generator._invoke (D:\\work\\HR-SM\\client\\platform-admin\\src\\store\\slices\\__tests__\\platformAuthSlice.test.js:2:1)\n    at Generator.next (D:\\work\\HR-SM\\client\\platform-admin\\src\\store\\slices\\__tests__\\platformAuthSlice.test.js:2:1)\n    at asyncGeneratorStep (D:\\work\\HR-SM\\client\\platform-admin\\src\\store\\slices\\__tests__\\platformAuthSlice.test.js:2:1)\n    at _next (D:\\work\\HR-SM\\client\\platform-admin\\src\\store\\slices\\__tests__\\platformAuthSlice.test.js:2:1)\n    at processTicksAndRejections (node:internal/process/task_queues:105:5)"],"fullName":"platformAuthSlice checkAuthAsync should handle invalid token","location":null,"status":"failed","title":"should handle invalid token"}],"endTime":1777984284054,"message":"  ● platformAuthSlice › loginAsync › should handle successful login\n\n    expect(received).toEqual(expected) // deep equality\n\n    Expected: {\"email\": \"test@example.com\", \"id\": \"1\", \"name\": \"Test User\"}\n    Received: null\n\n    \u001b[0m \u001b[90m 114 |\u001b[39m       \u001b[36mconst\u001b[39m state \u001b[33m=\u001b[39m store\u001b[33m.\u001b[39mgetState()\u001b[33m.\u001b[39mplatformAuth\u001b[33m;\u001b[39m\n     \u001b[90m 115 |\u001b[39m       expect(state\u001b[33m.\u001b[39mloading)\u001b[33m.\u001b[39mtoBe(\u001b[36mfalse\u001b[39m)\u001b[33m;\u001b[39m\n    \u001b[31m\u001b[1m>\u001b[22m\u001b[39m\u001b[90m 116 |\u001b[39m       expect(state\u001b[33m.\u001b[39muser)\u001b[33m.\u001b[39mtoEqual(mockUser)\u001b[33m;\u001b[39m\n     \u001b[90m     |\u001b[39m                          \u001b[31m\u001b[1m^\u001b[22m\u001b[39m\n     \u001b[90m 117 |\u001b[39m       expect(state\u001b[33m.\u001b[39misAuthenticated)\u001b[33m.\u001b[39mtoBe(\u001b[36mtrue\u001b[39m)\u001b[33m;\u001b[39m\n     \u001b[90m 118 |\u001b[39m       expect(state\u001b[33m.\u001b[39merror)\u001b[33m.\u001b[39mtoBeNull()\u001b[33m;\u001b[39m\n     \u001b[90m 119 |\u001b[39m       expect(mockLS\u001b[33m.\u001b[39m\u001b[36mset\u001b[39m)\u001b[33m.\u001b[39mtoHaveBeenCalledWith(\u001b[32m'platformToken'\u001b[39m\u001b[33m,\u001b[39m mockToken)\u001b[33m;\u001b[39m\u001b[0m\n\n      at call (src/store/slices/__tests__/platformAuthSlice.test.js:116:26)\n      at Generator._invoke (src/store/slices/__tests__/platformAuthSlice.test.js:2:1)\n      at Generator.next (src/store/slices/__tests__/platformAuthSlice.test.js:2:1)\n      at asyncGeneratorStep (src/store/slices/__tests__/platformAuthSlice.test.js:2:1)\n      at _next (src/store/slices/__tests__/platformAuthSlice.test.js:2:1)\n\n  ● platformAuthSlice › logoutAsync › should handle successful logout\n\n    expect(jest.fn()).toHaveBeenCalledWith(...expected)\n\n    Expected: \"platformToken\"\n\n    Number of calls: 0\n\n    \u001b[0m \u001b[90m 173 |\u001b[39m       expect(state\u001b[33m.\u001b[39misAuthenticated)\u001b[33m.\u001b[39mtoBe(\u001b[36mfalse\u001b[39m)\u001b[33m;\u001b[39m\n     \u001b[90m 174 |\u001b[39m       expect(state\u001b[33m.\u001b[39merror)\u001b[33m.\u001b[39mtoBeNull()\u001b[33m;\u001b[39m\n    \u001b[31m\u001b[1m>\u001b[22m\u001b[39m\u001b[90m 175 |\u001b[39m       expect(mockLS\u001b[33m.\u001b[39mremove)\u001b[33m.\u001b[39mtoHaveBeenCalledWith(\u001b[32m'platformToken'\u001b[39m)\u001b[33m;\u001b[39m\n     \u001b[90m     |\u001b[39m                             \u001b[31m\u001b[1m^\u001b[22m\u001b[39m\n     \u001b[90m 176 |\u001b[39m     })\u001b[33m;\u001b[39m\n     \u001b[90m 177 |\u001b[39m\n     \u001b[90m 178 |\u001b[39m     it(\u001b[32m'should handle logout even if API call fails'\u001b[39m\u001b[33m,\u001b[39m \u001b[36masync\u001b[39m () \u001b[33m=>\u001b[39m {\u001b[0m\n\n      at call (src/store/slices/__tests__/platformAuthSlice.test.js:175:29)\n      at Generator._invoke (src/store/slices/__tests__/platformAuthSlice.test.js:2:1)\n      at Generator.next (src/store/slices/__tests__/platformAuthSlice.test.js:2:1)\n      at asyncGeneratorStep (src/store/slices/__tests__/platformAuthSlice.test.js:2:1)\n      at _next (src/store/slices/__tests__/platformAuthSlice.test.js:2:1)\n\n  ● platformAuthSlice › logoutAsync › should handle logout even if API call fails\n\n    expect(jest.fn()).toHaveBeenCalledWith(...expected)\n\n    Expected: \"platformToken\"\n\n    Number of calls: 0\n\n    \u001b[0m \u001b[90m 189 |\u001b[39m       expect(state\u001b[33m.\u001b[39misAuthenticated)\u001b[33m.\u001b[39mtoBe(\u001b[36mfalse\u001b[39m)\u001b[33m;\u001b[39m\n     \u001b[90m 190 |\u001b[39m       expect(state\u001b[33m.\u001b[39merror)\u001b[33m.\u001b[39mtoBeNull()\u001b[33m;\u001b[39m \u001b[90m// Should not show error on logout failure\u001b[39m\n    \u001b[31m\u001b[1m>\u001b[22m\u001b[39m\u001b[90m 191 |\u001b[39m       expect(mockLS\u001b[33m.\u001b[39mremove)\u001b[33m.\u001b[39mtoHaveBeenCalledWith(\u001b[32m'platformToken'\u001b[39m)\u001b[33m;\u001b[39m\n     \u001b[90m     |\u001b[39m                             \u001b[31m\u001b[1m^\u001b[22m\u001b[39m\n     \u001b[90m 192 |\u001b[39m     })\u001b[33m;\u001b[39m\n     \u001b[90m 193 |\u001b[39m   })\u001b[33m;\u001b[39m\n     \u001b[90m 194 |\u001b[39m\u001b[0m\n\n      at call (src/store/slices/__tests__/platformAuthSlice.test.js:191:29)\n      at Generator._invoke (src/store/slices/__tests__/platformAuthSlice.test.js:2:1)\n      at Generator.next (src/store/slices/__tests__/platformAuthSlice.test.js:2:1)\n      at asyncGeneratorStep (src/store/slices/__tests__/platformAuthSlice.test.js:2:1)\n      at _next (src/store/slices/__tests__/platformAuthSlice.test.js:2:1)\n\n  ● platformAuthSlice › checkAuthAsync › should handle successful auth check\n\n    expect(received).toEqual(expected) // deep equality\n\n    Expected: {\"email\": \"test@example.com\", \"id\": \"1\", \"name\": \"Test User\"}\n    Received: null\n\n    \u001b[0m \u001b[90m 211 |\u001b[39m       \u001b[36mconst\u001b[39m state \u001b[33m=\u001b[39m store\u001b[33m.\u001b[39mgetState()\u001b[33m.\u001b[39mplatformAuth\u001b[33m;\u001b[39m\n     \u001b[90m 212 |\u001b[39m       expect(state\u001b[33m.\u001b[39mloading)\u001b[33m.\u001b[39mtoBe(\u001b[36mfalse\u001b[39m)\u001b[33m;\u001b[39m\n    \u001b[31m\u001b[1m>\u001b[22m\u001b[39m\u001b[90m 213 |\u001b[39m       expect(state\u001b[33m.\u001b[39muser)\u001b[33m.\u001b[39mtoEqual(mockUser)\u001b[33m;\u001b[39m\n     \u001b[90m     |\u001b[39m                          \u001b[31m\u001b[1m^\u001b[22m\u001b[39m\n     \u001b[90m 214 |\u001b[39m       expect(state\u001b[33m.\u001b[39misAuthenticated)\u001b[33m.\u001b[39mtoBe(\u001b[36mtrue\u001b[39m)\u001b[33m;\u001b[39m\n     \u001b[90m 215 |\u001b[39m       expect(state\u001b[33m.\u001b[39merror)\u001b[33m.\u001b[39mtoBeNull()\u001b[33m;\u001b[39m\n     \u001b[90m 216 |\u001b[39m     })\u001b[33m;\u001b[39m\u001b[0m\n\n      at call (src/store/slices/__tests__/platformAuthSlice.test.js:213:26)\n      at Generator._invoke (src/store/slices/__tests__/platformAuthSlice.test.js:2:1)\n      at Generator.next (src/store/slices/__tests__/platformAuthSlice.test.js:2:1)\n      at asyncGeneratorStep (src/store/slices/__tests__/platformAuthSlice.test.js:2:1)\n      at _next (src/store/slices/__tests__/platformAuthSlice.test.js:2:1)\n\n  ● platformAuthSlice › checkAuthAsync › should handle no token found\n\n    expect(received).toEqual(expected) // deep equality\n\n    - Expected  - 1\n    + Received  + 1\n\n      Object {\n        \"code\": \"AUTH_CHECK_FAILED\",\n    -   \"message\": \"No token found\",\n    +   \"message\": undefined,\n        \"retryable\": false,\n        \"timestamp\": Any<String>,\n      }\n\n    \u001b[0m \u001b[90m 225 |\u001b[39m       expect(state\u001b[33m.\u001b[39muser)\u001b[33m.\u001b[39mtoBeNull()\u001b[33m;\u001b[39m\n     \u001b[90m 226 |\u001b[39m       expect(state\u001b[33m.\u001b[39misAuthenticated)\u001b[33m.\u001b[39mtoBe(\u001b[36mfalse\u001b[39m)\u001b[33m;\u001b[39m\n    \u001b[31m\u001b[1m>\u001b[22m\u001b[39m\u001b[90m 227 |\u001b[39m       expect(state\u001b[33m.\u001b[39merror)\u001b[33m.\u001b[39mtoEqual({\n     \u001b[90m     |\u001b[39m                           \u001b[31m\u001b[1m^\u001b[22m\u001b[39m\n     \u001b[90m 228 |\u001b[39m         message\u001b[33m:\u001b[39m \u001b[32m'No token found'\u001b[39m\u001b[33m,\u001b[39m\n     \u001b[90m 229 |\u001b[39m         code\u001b[33m:\u001b[39m \u001b[32m'AUTH_CHECK_FAILED'\u001b[39m\u001b[33m,\u001b[39m\n     \u001b[90m 230 |\u001b[39m         timestamp\u001b[33m:\u001b[39m expect\u001b[33m.\u001b[39many(\u001b[33mString\u001b[39m)\u001b[33m,\u001b[39m\u001b[0m\n\n      at call (src/store/slices/__tests__/platformAuthSlice.test.js:227:27)\n      at Generator._invoke (src/store/slices/__tests__/platformAuthSlice.test.js:2:1)\n      at Generator.next (src/store/slices/__tests__/platformAuthSlice.test.js:2:1)\n      at asyncGeneratorStep (src/store/slices/__tests__/platformAuthSlice.test.js:2:1)\n      at _next (src/store/slices/__tests__/platformAuthSlice.test.js:2:1)\n\n  ● platformAuthSlice › checkAuthAsync › should handle rate limiting gracefully\n\n    expect(received).toBeNull()\n\n    Received: {\"code\": \"AUTH_CHECK_FAILED\", \"message\": undefined, \"retryable\": false, \"timestamp\": \"2026-05-05T12:31:23.998Z\"}\n\n    \u001b[0m \u001b[90m 250 |\u001b[39m       expect(state\u001b[33m.\u001b[39misAuthenticated)\u001b[33m.\u001b[39mtoBe(\u001b[36mfalse\u001b[39m)\u001b[33m;\u001b[39m\n     \u001b[90m 251 |\u001b[39m       \u001b[90m// Rate limiting should not set an error\u001b[39m\n    \u001b[31m\u001b[1m>\u001b[22m\u001b[39m\u001b[90m 252 |\u001b[39m       expect(state\u001b[33m.\u001b[39merror)\u001b[33m.\u001b[39mtoBeNull()\u001b[33m;\u001b[39m\n     \u001b[90m     |\u001b[39m                           \u001b[31m\u001b[1m^\u001b[22m\u001b[39m\n     \u001b[90m 253 |\u001b[39m     })\u001b[33m;\u001b[39m\n     \u001b[90m 254 |\u001b[39m\n     \u001b[90m 255 |\u001b[39m     it(\u001b[32m'should handle invalid token'\u001b[39m\u001b[33m,\u001b[39m \u001b[36masync\u001b[39m () \u001b[33m=>\u001b[39m {\u001b[0m\n\n      at call (src/store/slices/__tests__/platformAuthSlice.test.js:252:27)\n      at Generator._invoke (src/store/slices/__tests__/platformAuthSlice.test.js:2:1)\n      at Generator.next (src/store/slices/__tests__/platformAuthSlice.test.js:2:1)\n      at asyncGeneratorStep (src/store/slices/__tests__/platformAuthSlice.test.js:2:1)\n      at _next (src/store/slices/__tests__/platformAuthSlice.test.js:2:1)\n\n  ● platformAuthSlice › checkAuthAsync › should handle invalid token\n\n    expect(jest.fn()).toHaveBeenCalledWith(...expected)\n\n    Expected: \"platformToken\"\n\n    Number of calls: 0\n\n    \u001b[0m \u001b[90m 269 |\u001b[39m       expect(state\u001b[33m.\u001b[39muser)\u001b[33m.\u001b[39mtoBeNull()\u001b[33m;\u001b[39m\n     \u001b[90m 270 |\u001b[39m       expect(state\u001b[33m.\u001b[39misAuthenticated)\u001b[33m.\u001b[39mtoBe(\u001b[36mfalse\u001b[39m)\u001b[33m;\u001b[39m\n    \u001b[31m\u001b[1m>\u001b[22m\u001b[39m\u001b[90m 271 |\u001b[39m       expect(mockLS\u001b[33m.\u001b[39mremove)\u001b[33m.\u001b[39mtoHaveBeenCalledWith(\u001b[32m'platformToken'\u001b[39m)\u001b[33m;\u001b[39m\n     \u001b[90m     |\u001b[39m                             \u001b[31m\u001b[1m^\u001b[22m\u001b[39m\n     \u001b[90m 272 |\u001b[39m     })\u001b[33m;\u001b[39m\n     \u001b[90m 273 |\u001b[39m   })\u001b[33m;\u001b[39m\n     \u001b[90m 274 |\u001b[39m })\u001b[33m;\u001b[39m\u001b[0m\n\n      at call (src/store/slices/__tests__/platformAuthSlice.test.js:271:29)\n      at Generator._invoke (src/store/slices/__tests__/platformAuthSlice.test.js:2:1)\n      at Generator.next (src/store/slices/__tests__/platformAuthSlice.test.js:2:1)\n      at asyncGeneratorStep (src/store/slices/__tests__/platformAuthSlice.test.js:2:1)\n      at _next (src/store/slices/__tests__/platformAuthSlice.test.js:2:1)\n","name":"D:\\work\\HR-SM\\client\\platform-admin\\src\\store\\slices\\__tests__\\platformAuthSlice.test.js","startTime":1777984281224,"status":"failed","summary":""},{"assertionResults":[],"coverage":{},"endTime":1777984303680,"message":"  ● Test suite failed to run\n\n    Cannot find module 'react-router-dom' from 'src/pages/__tests__/LicensesPage.test.jsx'\n\n    \u001b[0m \u001b[90m 2 |\u001b[39m \u001b[36mimport\u001b[39m { render\u001b[33m,\u001b[39m screen\u001b[33m,\u001b[39m fireEvent\u001b[33m,\u001b[39m waitFor } \u001b[36mfrom\u001b[39m \u001b[32m'@testing-library/react'\u001b[39m\u001b[33m;\u001b[39m\n     \u001b[90m 3 |\u001b[39m \u001b[36mimport\u001b[39m { \u001b[33mProvider\u001b[39m } \u001b[36mfrom\u001b[39m \u001b[32m'react-redux'\u001b[39m\u001b[33m;\u001b[39m\n    \u001b[31m\u001b[1m>\u001b[22m\u001b[39m\u001b[90m 4 |\u001b[39m \u001b[36mimport\u001b[39m { \u001b[33mBrowserRouter\u001b[39m } \u001b[36mfrom\u001b[39m \u001b[32m'react-router-dom'\u001b[39m\u001b[33m;\u001b[39m\n     \u001b[90m   |\u001b[39m \u001b[31m\u001b[1m^\u001b[22m\u001b[39m\n     \u001b[90m 5 |\u001b[39m \u001b[36mimport\u001b[39m { configureStore } \u001b[36mfrom\u001b[39m \u001b[32m'@reduxjs/toolkit'\u001b[39m\u001b[33m;\u001b[39m\n     \u001b[90m 6 |\u001b[39m \u001b[36mimport\u001b[39m { \u001b[33mLocalizationProvider\u001b[39m } \u001b[36mfrom\u001b[39m \u001b[32m'@mui/x-date-pickers/LocalizationProvider'\u001b[39m\u001b[33m;\u001b[39m\n     \u001b[90m 7 |\u001b[39m \u001b[36mimport\u001b[39m { \u001b[33mAdapterDateFns\u001b[39m } \u001b[36mfrom\u001b[39m \u001b[32m'@mui/x-date-pickers/AdapterDateFns'\u001b[39m\u001b[33m;\u001b[39m\u001b[0m\n\n      at Resolver.resolveModule (../node_modules/jest-resolve/build/resolver.js:324:11)\n      at Object.<anonymous> (src/pages/__tests__/LicensesPage.test.jsx:4:1)\n","name":"D:\\work\\HR-SM\\client\\platform-admin\\src\\pages\\__tests__\\LicensesPage.test.jsx","startTime":1777984303680,"status":"failed","summary":""},{"assertionResults":[{"ancestorTitles":["Platform Admin Async Thunks"],"failureMessages":[],"fullName":"Platform Admin Async Thunks should handle fetchTenantsAsync with real-time updates","location":null,"status":"passed","title":"should handle fetchTenantsAsync with real-time updates"},{"ancestorTitles":["Platform Admin Async Thunks"],"failureMessages":[],"fullName":"Platform Admin Async Thunks should handle createTenantAsync and update state","location":null,"status":"passed","title":"should handle createTenantAsync and update state"},{"ancestorTitles":["Platform Admin Async Thunks"],"failureMessages":[],"fullName":"Platform Admin Async Thunks should handle updateTenantAsync and update existing tenant","location":null,"status":"passed","title":"should handle updateTenantAsync and update existing tenant"},{"ancestorTitles":["Platform Admin Async Thunks"],"failureMessages":[],"fullName":"Platform Admin Async Thunks should handle deleteTenantAsync and remove tenant","location":null,"status":"passed","title":"should handle deleteTenantAsync and remove tenant"},{"ancestorTitles":["Platform Admin Async Thunks"],"failureMessages":[],"fullName":"Platform Admin Async Thunks should handle API errors gracefully","location":null,"status":"passed","title":"should handle API errors gracefully"},{"ancestorTitles":["Platform Admin Async Thunks"],"failureMessages":[],"fullName":"Platform Admin Async Thunks should handle concurrent async operations","location":null,"status":"passed","title":"should handle concurrent async operations"}],"endTime":1777984284333,"message":"","name":"D:\\work\\HR-SM\\client\\platform-admin\\src\\store\\__tests__\\async-thunks.test.js","startTime":1777984283393,"status":"passed","summary":""},{"assertionResults":[{"ancestorTitles":["Dual Backend Configuration Verification"],"failureMessages":[],"fullName":"Dual Backend Configuration Verification environment variables are configured for both backends","location":null,"status":"passed","title":"environment variables are configured for both backends"},{"ancestorTitles":["Dual Backend Configuration Verification"],"failureMessages":[],"fullName":"Dual Backend Configuration Verification platform admin runs on correct port","location":null,"status":"passed","title":"platform admin runs on correct port"},{"ancestorTitles":["Dual Backend Configuration Verification"],"failureMessages":[],"fullName":"Dual Backend Configuration Verification dual API service structure is correct","location":null,"status":"passed","title":"dual API service structure is correct"},{"ancestorTitles":["Dual Backend Configuration Verification"],"failureMessages":[],"fullName":"Dual Backend Configuration Verification dual backend workflow simulation","location":null,"status":"passed","title":"dual backend workflow simulation"},{"ancestorTitles":["Dual Backend Configuration Verification"],"failureMessages":[],"fullName":"Dual Backend Configuration Verification connection status tracking for both backends","location":null,"status":"passed","title":"connection status tracking for both backends"},{"ancestorTitles":["Dual Backend Configuration Verification"],"failureMessages":[],"fullName":"Dual Backend Configuration Verification API endpoint configuration is correct","location":null,"status":"passed","title":"API endpoint configuration is correct"},{"ancestorTitles":["Dual Backend Configuration Verification"],"failureMessages":[],"fullName":"Dual Backend Configuration Verification component integration supports dual backends","location":null,"status":"passed","title":"component integration supports dual backends"}],"endTime":1777984284555,"message":"","name":"D:\\work\\HR-SM\\client\\platform-admin\\src\\components\\__tests__\\DualBackendVerification.test.jsx","startTime":1777984281224,"status":"passed","summary":""},{"assertionResults":[],"coverage":{},"endTime":1777984303680,"message":"  ● Test suite failed to run\n\n    Jest encountered an unexpected token\n\n    Jest failed to parse a file. This happens e.g. when your code or its dependencies use non-standard JavaScript syntax, or when Jest is not configured to support such syntax.\n\n    Out of the box Jest supports Babel, which will be used to transform your files into valid JS based on your Babel configuration.\n\n    By default \"node_modules\" folder is ignored by transformers.\n\n    Here's what you can do:\n     • If you are trying to use ECMAScript Modules, see https://jestjs.io/docs/ecmascript-modules for how to enable it.\n     • If you are trying to use TypeScript, see https://jestjs.io/docs/getting-started#using-typescript\n     • To have some of your \"node_modules\" files transformed, you can specify a custom \"transformIgnorePatterns\" in your config.\n     • If you need a custom transformation specify a \"transform\" option in your config.\n     • If you simply want to mock your non-JS modules (e.g. binary assets) you can stub them out with the \"moduleNameMapper\" config option.\n\n    You'll find more details and examples of these config options in the docs:\n    https://jestjs.io/docs/configuration\n    For information about custom transformations, see:\n    https://jestjs.io/docs/code-transformation\n\n    Details:\n\n    D:\\work\\HR-SM\\client\\node_modules\\date-fns\\addDays.js:1\n    ({\"Object.<anonymous>\":function(module,exports,require,__dirname,__filename,jest){import { constructFrom } from \"./constructFrom.js\";\n                                                                                      ^^^^^^\n\n    SyntaxError: Cannot use import statement outside a module\n\n    \u001b[0m \u001b[90m 4 |\u001b[39m \u001b[36mimport\u001b[39m { configureStore } \u001b[36mfrom\u001b[39m \u001b[32m'@reduxjs/toolkit'\u001b[39m\u001b[33m;\u001b[39m\n     \u001b[90m 5 |\u001b[39m \u001b[36mimport\u001b[39m { \u001b[33mLocalizationProvider\u001b[39m } \u001b[36mfrom\u001b[39m \u001b[32m'@mui/x-date-pickers/LocalizationProvider'\u001b[39m\u001b[33m;\u001b[39m\n    \u001b[31m\u001b[1m>\u001b[22m\u001b[39m\u001b[90m 6 |\u001b[39m \u001b[36mimport\u001b[39m { \u001b[33mAdapterDateFns\u001b[39m } \u001b[36mfrom\u001b[39m \u001b[32m'@mui/x-date-pickers/AdapterDateFns'\u001b[39m\u001b[33m;\u001b[39m\n     \u001b[90m   |\u001b[39m \u001b[31m\u001b[1m^\u001b[22m\u001b[39m\n     \u001b[90m 7 |\u001b[39m \u001b[36mimport\u001b[39m \u001b[33mLicenseManager\u001b[39m \u001b[36mfrom\u001b[39m \u001b[32m'../LicenseManager'\u001b[39m\u001b[33m;\u001b[39m\n     \u001b[90m 8 |\u001b[39m \u001b[36mimport\u001b[39m licenseManagementSlice \u001b[36mfrom\u001b[39m \u001b[32m'../../store/slices/licenseManagementSlice'\u001b[39m\u001b[33m;\u001b[39m\n     \u001b[90m 9 |\u001b[39m\u001b[0m\n\n      at Runtime.createScriptFromCode (../node_modules/jest-runtime/build/index.js:1728:14)\n      at Object.<anonymous> (../node_modules/@mui/x-date-pickers/AdapterDateFns/AdapterDateFns.js:7:16)\n      at Object.<anonymous> (../node_modules/@mui/x-date-pickers/AdapterDateFns/index.js:12:23)\n      at Object.<anonymous> (src/components/__tests__/LicenseManager.test.jsx:6:1)\n","name":"D:\\work\\HR-SM\\client\\platform-admin\\src\\components\\__tests__\\LicenseManager.test.jsx","startTime":1777984303680,"status":"failed","summary":""},{"assertionResults":[{"ancestorTitles":["Dashboard Integration Tests","EnhancedDashboard Component"],"failureMessages":["ReferenceError: document is not defined\n    at render (D:\\work\\HR-SM\\client\\node_modules\\@testing-library\\react\\dist\\pure.js:257:5)\n    at renderWithTheme (D:\\work\\HR-SM\\client\\platform-admin\\src\\components\\__tests__\\DashboardIntegration.test.jsx:164:16)\n    at Object.<anonymous> (D:\\work\\HR-SM\\client\\platform-admin\\src\\components\\__tests__\\DashboardIntegration.test.jsx:174:7)\n    at Promise.then.completed (D:\\work\\HR-SM\\client\\node_modules\\jest-circus\\build\\utils.js:391:28)\n    at new Promise (<anonymous>)\n    at callAsyncCircusFn (D:\\work\\HR-SM\\client\\node_modules\\jest-circus\\build\\utils.js:316:10)\n    at _callCircusTest (D:\\work\\HR-SM\\client\\node_modules\\jest-circus\\build\\run.js:218:40)\n    at processTicksAndRejections (node:internal/process/task_queues:105:5)\n    at _runTest (D:\\work\\HR-SM\\client\\node_modules\\jest-circus\\build\\run.js:155:3)\n    at _runTestsForDescribeBlock (D:\\work\\HR-SM\\client\\node_modules\\jest-circus\\build\\run.js:66:9)"],"fullName":"Dashboard Integration Tests EnhancedDashboard Component renders dashboard with main components","location":null,"status":"failed","title":"renders dashboard with main components"},{"ancestorTitles":["Dashboard Integration Tests","EnhancedDashboard Component"],"failureMessages":["ReferenceError: document is not defined\n    at render (D:\\work\\HR-SM\\client\\node_modules\\@testing-library\\react\\dist\\pure.js:257:5)\n    at renderWithTheme (D:\\work\\HR-SM\\client\\platform-admin\\src\\components\\__tests__\\DashboardIntegration.test.jsx:164:16)\n    at Object.<anonymous> (D:\\work\\HR-SM\\client\\platform-admin\\src\\components\\__tests__\\DashboardIntegration.test.jsx:182:7)\n    at Promise.then.completed (D:\\work\\HR-SM\\client\\node_modules\\jest-circus\\build\\utils.js:391:28)\n    at new Promise (<anonymous>)\n    at callAsyncCircusFn (D:\\work\\HR-SM\\client\\node_modules\\jest-circus\\build\\utils.js:316:10)\n    at _callCircusTest (D:\\work\\HR-SM\\client\\node_modules\\jest-circus\\build\\run.js:218:40)\n    at processTicksAndRejections (node:internal/process/task_queues:105:5)\n    at _runTest (D:\\work\\HR-SM\\client\\node_modules\\jest-circus\\build\\run.js:155:3)\n    at _runTestsForDescribeBlock (D:\\work\\HR-SM\\client\\node_modules\\jest-circus\\build\\run.js:66:9)"],"fullName":"Dashboard Integration Tests EnhancedDashboard Component handles real-time connection status updates","location":null,"status":"failed","title":"handles real-time connection status updates"},{"ancestorTitles":["Dashboard Integration Tests","EnhancedDashboard Component"],"failureMessages":["ReferenceError: document is not defined\n    at render (D:\\work\\HR-SM\\client\\node_modules\\@testing-library\\react\\dist\\pure.js:257:5)\n    at renderWithTheme (D:\\work\\HR-SM\\client\\platform-admin\\src\\components\\__tests__\\DashboardIntegration.test.jsx:164:16)\n    at Object.<anonymous> (D:\\work\\HR-SM\\client\\platform-admin\\src\\components\\__tests__\\DashboardIntegration.test.jsx:192:7)\n    at Promise.then.completed (D:\\work\\HR-SM\\client\\node_modules\\jest-circus\\build\\utils.js:391:28)\n    at new Promise (<anonymous>)\n    at callAsyncCircusFn (D:\\work\\HR-SM\\client\\node_modules\\jest-circus\\build\\utils.js:316:10)\n    at _callCircusTest (D:\\work\\HR-SM\\client\\node_modules\\jest-circus\\build\\run.js:218:40)\n    at processTicksAndRejections (node:internal/process/task_queues:105:5)\n    at _runTest (D:\\work\\HR-SM\\client\\node_modules\\jest-circus\\build\\run.js:155:3)\n    at _runTestsForDescribeBlock (D:\\work\\HR-SM\\client\\node_modules\\jest-circus\\build\\run.js:66:9)"],"fullName":"Dashboard Integration Tests EnhancedDashboard Component manages alerts state correctly","location":null,"status":"failed","title":"manages alerts state correctly"},{"ancestorTitles":["Dashboard Integration Tests","EnhancedDashboard Component"],"failureMessages":["ReferenceError: document is not defined\n    at render (D:\\work\\HR-SM\\client\\node_modules\\@testing-library\\react\\dist\\pure.js:257:5)\n    at renderWithTheme (D:\\work\\HR-SM\\client\\platform-admin\\src\\components\\__tests__\\DashboardIntegration.test.jsx:164:16)\n    at Object.<anonymous> (D:\\work\\HR-SM\\client\\platform-admin\\src\\components\\__tests__\\DashboardIntegration.test.jsx:204:7)\n    at Promise.then.completed (D:\\work\\HR-SM\\client\\node_modules\\jest-circus\\build\\utils.js:391:28)\n    at new Promise (<anonymous>)\n    at callAsyncCircusFn (D:\\work\\HR-SM\\client\\node_modules\\jest-circus\\build\\utils.js:316:10)\n    at _callCircusTest (D:\\work\\HR-SM\\client\\node_modules\\jest-circus\\build\\run.js:218:40)\n    at processTicksAndRejections (node:internal/process/task_queues:105:5)\n    at _runTest (D:\\work\\HR-SM\\client\\node_modules\\jest-circus\\build\\run.js:155:3)\n    at _runTestsForDescribeBlock (D:\\work\\HR-SM\\client\\node_modules\\jest-circus\\build\\run.js:66:9)"],"fullName":"Dashboard Integration Tests EnhancedDashboard Component handles user interactions correctly","location":null,"status":"failed","title":"handles user interactions correctly"},{"ancestorTitles":["Dashboard Integration Tests","CreateTenantForm Component"],"failureMessages":["ReferenceError: document is not defined\n    at render (D:\\work\\HR-SM\\client\\node_modules\\@testing-library\\react\\dist\\pure.js:257:5)\n    at renderWithTheme (D:\\work\\HR-SM\\client\\platform-admin\\src\\components\\__tests__\\DashboardIntegration.test.jsx:164:16)\n    at Object.<anonymous> (D:\\work\\HR-SM\\client\\platform-admin\\src\\components\\__tests__\\DashboardIntegration.test.jsx:219:7)\n    at Promise.then.completed (D:\\work\\HR-SM\\client\\node_modules\\jest-circus\\build\\utils.js:391:28)\n    at new Promise (<anonymous>)\n    at callAsyncCircusFn (D:\\work\\HR-SM\\client\\node_modules\\jest-circus\\build\\utils.js:316:10)\n    at _callCircusTest (D:\\work\\HR-SM\\client\\node_modules\\jest-circus\\build\\run.js:218:40)\n    at processTicksAndRejections (node:internal/process/task_queues:105:5)\n    at _runTest (D:\\work\\HR-SM\\client\\node_modules\\jest-circus\\build\\run.js:155:3)\n    at _runTestsForDescribeBlock (D:\\work\\HR-SM\\client\\node_modules\\jest-circus\\build\\run.js:66:9)"],"fullName":"Dashboard Integration Tests CreateTenantForm Component renders form dialog when open","location":null,"status":"failed","title":"renders form dialog when open"},{"ancestorTitles":["Dashboard Integration Tests","CreateTenantForm Component"],"failureMessages":["ReferenceError: document is not defined\n    at render (D:\\work\\HR-SM\\client\\node_modules\\@testing-library\\react\\dist\\pure.js:257:5)\n    at renderWithTheme (D:\\work\\HR-SM\\client\\platform-admin\\src\\components\\__tests__\\DashboardIntegration.test.jsx:164:16)\n    at Object.<anonymous> (D:\\work\\HR-SM\\client\\platform-admin\\src\\components\\__tests__\\DashboardIntegration.test.jsx:231:7)\n    at Promise.then.completed (D:\\work\\HR-SM\\client\\node_modules\\jest-circus\\build\\utils.js:391:28)\n    at new Promise (<anonymous>)\n    at callAsyncCircusFn (D:\\work\\HR-SM\\client\\node_modules\\jest-circus\\build\\utils.js:316:10)\n    at _callCircusTest (D:\\work\\HR-SM\\client\\node_modules\\jest-circus\\build\\run.js:218:40)\n    at processTicksAndRejections (node:internal/process/task_queues:105:5)\n    at _runTest (D:\\work\\HR-SM\\client\\node_modules\\jest-circus\\build\\run.js:155:3)\n    at _runTestsForDescribeBlock (D:\\work\\HR-SM\\client\\node_modules\\jest-circus\\build\\run.js:66:9)"],"fullName":"Dashboard Integration Tests CreateTenantForm Component handles multi-step navigation","location":null,"status":"failed","title":"handles multi-step navigation"},{"ancestorTitles":["Dashboard Integration Tests","CreateTenantForm Component"],"failureMessages":["ReferenceError: document is not defined\n    at render (D:\\work\\HR-SM\\client\\node_modules\\@testing-library\\react\\dist\\pure.js:257:5)\n    at renderWithTheme (D:\\work\\HR-SM\\client\\platform-admin\\src\\components\\__tests__\\DashboardIntegration.test.jsx:164:16)\n    at Object.<anonymous> (D:\\work\\HR-SM\\client\\platform-admin\\src\\components\\__tests__\\DashboardIntegration.test.jsx:247:7)\n    at Promise.then.completed (D:\\work\\HR-SM\\client\\node_modules\\jest-circus\\build\\utils.js:391:28)\n    at new Promise (<anonymous>)\n    at callAsyncCircusFn (D:\\work\\HR-SM\\client\\node_modules\\jest-circus\\build\\utils.js:316:10)\n    at _callCircusTest (D:\\work\\HR-SM\\client\\node_modules\\jest-circus\\build\\run.js:218:40)\n    at processTicksAndRejections (node:internal/process/task_queues:105:5)\n    at _runTest (D:\\work\\HR-SM\\client\\node_modules\\jest-circus\\build\\run.js:155:3)\n    at _runTestsForDescribeBlock (D:\\work\\HR-SM\\client\\node_modules\\jest-circus\\build\\run.js:66:9)"],"fullName":"Dashboard Integration Tests CreateTenantForm Component handles form input changes","location":null,"status":"failed","title":"handles form input changes"},{"ancestorTitles":["Dashboard Integration Tests","CreateTenantForm Component"],"failureMessages":["ReferenceError: document is not defined\n    at render (D:\\work\\HR-SM\\client\\node_modules\\@testing-library\\react\\dist\\pure.js:257:5)\n    at renderWithTheme (D:\\work\\HR-SM\\client\\platform-admin\\src\\components\\__tests__\\DashboardIntegration.test.jsx:164:16)\n    at call (D:\\work\\HR-SM\\client\\platform-admin\\src\\components\\__tests__\\DashboardIntegration.test.jsx:261:7)\n    at Generator._invoke (D:\\work\\HR-SM\\client\\platform-admin\\src\\components\\__tests__\\D
[...]
b[31m\u001b[1m^\u001b[22m\u001b[39m\n     \u001b[90m 39 |\u001b[39m     \u001b[33m<\u001b[39m\u001b[33mThemeProvider\u001b[39m theme\u001b[33m=\u001b[39m{theme}\u001b[33m>\u001b[39m\n     \u001b[90m 40 |\u001b[39m       {component}\n     \u001b[90m 41 |\u001b[39m     \u001b[33m<\u001b[39m\u001b[33m/\u001b[39m\u001b[33mThemeProvider\u001b[39m\u001b[33m>\u001b[39m\u001b[0m\n\n      at render (../node_modules/@testing-library/react/dist/pure.js:257:5)\n      at renderWithTheme (src/components/__tests__/EnhancedDashboard.test.jsx:38:16)\n      at call (src/components/__tests__/EnhancedDashboard.test.jsx:254:7)\n      at Generator._invoke (src/components/__tests__/EnhancedDashboard.test.jsx:2:1)\n      at Generator.next (src/components/__tests__/EnhancedDashboard.test.jsx:2:1)\n      at asyncGeneratorStep (src/components/__tests__/EnhancedDashboard.test.jsx:2:1)\n      at _next (src/components/__tests__/EnhancedDashboard.test.jsx:2:1)\n      at src/components/__tests__/EnhancedDashboard.test.jsx:2:1\n      at Object.<anonymous> (src/components/__tests__/EnhancedDashboard.test.jsx:2:1)\n\n  ● EnhancedDashboard › User Interactions › handles refresh button click\n\n    The error below may be caused by using the wrong test environment, see https://jestjs.io/docs/configuration#testenvironment-string.\n    Consider using the \"jsdom\" test environment.\n\n    ReferenceError: document is not defined\n\n    \u001b[0m \u001b[90m 36 |\u001b[39m\n     \u001b[90m 37 |\u001b[39m \u001b[36mconst\u001b[39m renderWithTheme \u001b[33m=\u001b[39m (component) \u001b[33m=>\u001b[39m {\n    \u001b[31m\u001b[1m>\u001b[22m\u001b[39m\u001b[90m 38 |\u001b[39m   \u001b[36mreturn\u001b[39m render(\n     \u001b[90m    |\u001b[39m                \u001b[31m\u001b[1m^\u001b[22m\u001b[39m\n     \u001b[90m 39 |\u001b[39m     \u001b[33m<\u001b[39m\u001b[33mThemeProvider\u001b[39m theme\u001b[33m=\u001b[39m{theme}\u001b[33m>\u001b[39m\n     \u001b[90m 40 |\u001b[39m       {component}\n     \u001b[90m 41 |\u001b[39m     \u001b[33m<\u001b[39m\u001b[33m/\u001b[39m\u001b[33mThemeProvider\u001b[39m\u001b[33m>\u001b[39m\u001b[0m\n\n      at render (../node_modules/@testing-library/react/dist/pure.js:257:5)\n      at renderWithTheme (src/components/__tests__/EnhancedDashboard.test.jsx:38:16)\n      at call (src/components/__tests__/EnhancedDashboard.test.jsx:275:7)\n      at Generator._invoke (src/components/__tests__/EnhancedDashboard.test.jsx:2:1)\n      at Generator.next (src/components/__tests__/EnhancedDashboard.test.jsx:2:1)\n      at asyncGeneratorStep (src/components/__tests__/EnhancedDashboard.test.jsx:2:1)\n      at _next (src/components/__tests__/EnhancedDashboard.test.jsx:2:1)\n      at src/components/__tests__/EnhancedDashboard.test.jsx:2:1\n      at Object.<anonymous> (src/components/__tests__/EnhancedDashboard.test.jsx:2:1)\n\n  ● EnhancedDashboard › User Interactions › shows refresh success message\n\n    The error below may be caused by using the wrong test environment, see https://jestjs.io/docs/configuration#testenvironment-string.\n    Consider using the \"jsdom\" test environment.\n\n    ReferenceError: document is not defined\n\n    \u001b[0m \u001b[90m 36 |\u001b[39m\n     \u001b[90m 37 |\u001b[39m \u001b[36mconst\u001b[39m renderWithTheme \u001b[33m=\u001b[39m (component) \u001b[33m=>\u001b[39m {\n    \u001b[31m\u001b[1m>\u001b[22m\u001b[39m\u001b[90m 38 |\u001b[39m   \u001b[36mreturn\u001b[39m render(\n     \u001b[90m    |\u001b[39m                \u001b[31m\u001b[1m^\u001b[22m\u001b[39m\n     \u001b[90m 39 |\u001b[39m     \u001b[33m<\u001b[39m\u001b[33mThemeProvider\u001b[39m theme\u001b[33m=\u001b[39m{theme}\u001b[33m>\u001b[39m\n     \u001b[90m 40 |\u001b[39m       {component}\n     \u001b[90m 41 |\u001b[39m     \u001b[33m<\u001b[39m\u001b[33m/\u001b[39m\u001b[33mThemeProvider\u001b[39m\u001b[33m>\u001b[39m\u001b[0m\n\n      at render (../node_modules/@testing-library/react/dist/pure.js:257:5)\n      at renderWithTheme (src/components/__tests__/EnhancedDashboard.test.jsx:38:16)\n      at call (src/components/__tests__/EnhancedDashboard.test.jsx:287:7)\n      at Generator._invoke (src/components/__tests__/EnhancedDashboard.test.jsx:2:1)\n      at Generator.next (src/components/__tests__/EnhancedDashboard.test.jsx:2:1)\n      at asyncGeneratorStep (src/components/__tests__/EnhancedDashboard.test.jsx:2:1)\n      at _next (src/components/__tests__/EnhancedDashboard.test.jsx:2:1)\n      at src/components/__tests__/EnhancedDashboard.test.jsx:2:1\n      at Object.<anonymous> (src/components/__tests__/EnhancedDashboard.test.jsx:2:1)\n\n  ● EnhancedDashboard › User Interactions › handles refresh error gracefully\n\n    The error below may be caused by using the wrong test environment, see https://jestjs.io/docs/configuration#testenvironment-string.\n    Consider using the \"jsdom\" test environment.\n\n    ReferenceError: document is not defined\n\n    \u001b[0m \u001b[90m 36 |\u001b[39m\n     \u001b[90m 37 |\u001b[39m \u001b[36mconst\u001b[39m renderWithTheme \u001b[33m=\u001b[39m (component) \u001b[33m=>\u001b[39m {\n    \u001b[31m\u001b[1m>\u001b[22m\u001b[39m\u001b[90m 38 |\u001b[39m   \u001b[36mreturn\u001b[39m render(\n     \u001b[90m    |\u001b[39m                \u001b[31m\u001b[1m^\u001b[22m\u001b[39m\n     \u001b[90m 39 |\u001b[39m     \u001b[33m<\u001b[39m\u001b[33mThemeProvider\u001b[39m theme\u001b[33m=\u001b[39m{theme}\u001b[33m>\u001b[39m\n     \u001b[90m 40 |\u001b[39m       {component}\n     \u001b[90m 41 |\u001b[39m     \u001b[33m<\u001b[39m\u001b[33m/\u001b[39m\u001b[33mThemeProvider\u001b[39m\u001b[33m>\u001b[39m\u001b[0m\n\n      at render (../node_modules/@testing-library/react/dist/pure.js:257:5)\n      at renderWithTheme (src/components/__tests__/EnhancedDashboard.test.jsx:38:16)\n      at call (src/components/__tests__/EnhancedDashboard.test.jsx:303:7)\n      at Generator._invoke (src/components/__tests__/EnhancedDashboard.test.jsx:2:1)\n      at Generator.next (src/components/__tests__/EnhancedDashboard.test.jsx:2:1)\n      at asyncGeneratorStep (src/components/__tests__/EnhancedDashboard.test.jsx:2:1)\n      at _next (src/components/__tests__/EnhancedDashboard.test.jsx:2:1)\n      at src/components/__tests__/EnhancedDashboard.test.jsx:2:1\n      at Object.<anonymous> (src/components/__tests__/EnhancedDashboard.test.jsx:2:1)\n\n  ● EnhancedDashboard › User Interactions › disables refresh button while loading\n\n    The error below may be caused by using the wrong test environment, see https://jestjs.io/docs/configuration#testenvironment-string.\n    Consider using the \"jsdom\" test environment.\n\n    ReferenceError: document is not defined\n\n    \u001b[0m \u001b[90m 36 |\u001b[39m\n     \u001b[90m 37 |\u001b[39m \u001b[36mconst\u001b[39m renderWithTheme \u001b[33m=\u001b[39m (component) \u001b[33m=>\u001b[39m {\n    \u001b[31m\u001b[1m>\u001b[22m\u001b[39m\u001b[90m 38 |\u001b[39m   \u001b[36mreturn\u001b[39m render(\n     \u001b[90m    |\u001b[39m                \u001b[31m\u001b[1m^\u001b[22m\u001b[39m\n     \u001b[90m 39 |\u001b[39m     \u001b[33m<\u001b[39m\u001b[33mThemeProvider\u001b[39m theme\u001b[33m=\u001b[39m{theme}\u001b[33m>\u001b[39m\n     \u001b[90m 40 |\u001b[39m       {component}\n     \u001b[90m 41 |\u001b[39m     \u001b[33m<\u001b[39m\u001b[33m/\u001b[39m\u001b[33mThemeProvider\u001b[39m\u001b[33m>\u001b[39m\u001b[0m\n\n      at render (../node_modules/@testing-library/react/dist/pure.js:257:5)\n      at renderWithTheme (src/components/__tests__/EnhancedDashboard.test.jsx:38:16)\n      at call (src/components/__tests__/EnhancedDashboard.test.jsx:320:7)\n      at Generator._invoke (src/components/__tests__/EnhancedDashboard.test.jsx:2:1)\n      at Generator.next (src/components/__tests__/EnhancedDashboard.test.jsx:2:1)\n      at asyncGeneratorStep (src/components/__tests__/EnhancedDashboard.test.jsx:2:1)\n      at _next (src/components/__tests__/EnhancedDashboard.test.jsx:2:1)\n      at src/components/__tests__/EnhancedDashboard.test.jsx:2:1\n      at Object.<anonymous> (src/components/__tests__/EnhancedDashboard.test.jsx:2:1)\n\n  ● EnhancedDashboard › User Interactions › closes alert snackbar when close button is clicked\n\n    The error below may be caused by using the wrong test environment, see https://jestjs.io/docs/configuration#testenvironment-string.\n    Consider using the \"jsdom\" test environment.\n\n    ReferenceError: document is not defined\n\n    \u001b[0m \u001b[90m 36 |\u001b[39m\n     \u001b[90m 37 |\u001b[39m \u001b[36mconst\u001b[39m renderWithTheme \u001b[33m=\u001b[39m (component) \u001b[33m=>\u001b[39m {\n    \u001b[31m\u001b[1m>\u001b[22m\u001b[39m\u001b[90m 38 |\u001b[39m   \u001b[36mreturn\u001b[39m render(\n     \u001b[90m    |\u001b[39m                \u001b[31m\u001b[1m^\u001b[22m\u001b[39m\n     \u001b[90m 39 |\u001b[39m     \u001b[33m<\u001b[39m\u001b[33mThemeProvider\u001b[39m theme\u001b[33m=\u001b[39m{theme}\u001b[33m>\u001b[39m\n     \u001b[90m 40 |\u001b[39m       {component}\n     \u001b[90m 41 |\u001b[39m     \u001b[33m<\u001b[39m\u001b[33m/\u001b[39m\u001b[33mThemeProvider\u001b[39m\u001b[33m>\u001b[39m\u001b[0m\n\n      at render (../node_modules/@testing-library/react/dist/pure.js:257:5)\n      at renderWithTheme (src/components/__tests__/EnhancedDashboard.test.jsx:38:16)\n      at call (src/components/__tests__/EnhancedDashboard.test.jsx:343:7)\n      at Generator._invoke (src/components/__tests__/EnhancedDashboard.test.jsx:2:1)\n      at Generator.next (src/components/__tests__/EnhancedDashboard.test.jsx:2:1)\n      at asyncGeneratorStep (src/components/__tests__/EnhancedDashboard.test.jsx:2:1)\n      at _next (src/components/__tests__/EnhancedDashboard.test.jsx:2:1)\n      at src/components/__tests__/EnhancedDashboard.test.jsx:2:1\n      at Object.<anonymous> (src/components/__tests__/EnhancedDashboard.test.jsx:2:1)\n\n  ● EnhancedDashboard › Error Handling › handles connection errors gracefully\n\n    The error below may be caused by using the wrong test environment, see https://jestjs.io/docs/configuration#testenvironment-string.\n    Consider using the \"jsdom\" test environment.\n\n    ReferenceError: document is not defined\n\n    \u001b[0m \u001b[90m 36 |\u001b[39m\n     \u001b[90m 37 |\u001b[39m \u001b[36mconst\u001b[39m renderWithTheme \u001b[33m=\u001b[39m (component) \u001b[33m=>\u001b[39m {\n    \u001b[31m\u001b[1m>\u001b[22m\u001b[39m\u001b[90m 38 |\u001b[39m   \u001b[36mreturn\u001b[39m render(\n     \u001b[90m    |\u001b[39m                \u001b[31m\u001b[1m^\u001b[22m\u001b[39m\n     \u001b[90m 39 |\u001b[39m     \u001b[33m<\u001b[39m\u001b[33mThemeProvider\u001b[39m theme\u001b[33m=\u001b[39m{theme}\u001b[33m>\u001b[39m\n     \u001b[90m 40 |\u001b[39m       {component}\n     \u001b[90m 41 |\u001b[39m     \u001b[33m<\u001b[39m\u001b[33m/\u001b[39m\u001b[33mThemeProvider\u001b[39m\u001b[33m>\u001b[39m\u001b[0m\n\n      at render (../node_modules/@testing-library/react/dist/pure.js:257:5)\n      at renderWithTheme (src/components/__tests__/EnhancedDashboard.test.jsx:38:16)\n      at call (src/components/__tests__/EnhancedDashboard.test.jsx:378:7)\n      at Generator._invoke (src/components/__tests__/EnhancedDashboard.test.jsx:2:1)\n      at Generator.next (src/components/__tests__/EnhancedDashboard.test.jsx:2:1)\n      at asyncGeneratorStep (src/components/__tests__/EnhancedDashboard.test.jsx:2:1)\n      at _next (src/components/__tests__/EnhancedDashboard.test.jsx:2:1)\n      at src/components/__tests__/EnhancedDashboard.test.jsx:2:1\n      at Object.<anonymous> (src/components/__tests__/EnhancedDashboard.test.jsx:2:1)\n\n  ● EnhancedDashboard › Error Handling › handles subscription errors gracefully\n\n    expect(received).not.toThrow()\n\n    Error name:    \"ReferenceError\"\n    Error message: \"document is not defined\"\n\n        \u001b[0m \u001b[90m 36 |\u001b[39m\n         \u001b[90m 37 |\u001b[39m \u001b[36mconst\u001b[39m renderWithTheme \u001b[33m=\u001b[39m (component) \u001b[33m=>\u001b[39m {\n        \u001b[31m\u001b[1m>\u001b[22m\u001b[39m\u001b[90m 38 |\u001b[39m   \u001b[36mreturn\u001b[39m render(\n         \u001b[90m    |\u001b[39m                \u001b[31m\u001b[1m^\u001b[22m\u001b[39m\n         \u001b[90m 39 |\u001b[39m     \u001b[33m<\u001b[39m\u001b[33mThemeProvider\u001b[39m theme\u001b[33m=\u001b[39m{theme}\u001b[33m>\u001b[39m\n         \u001b[90m 40 |\u001b[39m       {component}\n         \u001b[90m 41 |\u001b[39m     \u001b[33m<\u001b[39m\u001b[33m/\u001b[39m\u001b[33mThemeProvider\u001b[39m\u001b[33m>\u001b[39m\u001b[0m\n\n      at render (../node_modules/@testing-library/react/dist/pure.js:257:5)\n      at renderWithTheme (src/components/__tests__/EnhancedDashboard.test.jsx:38:16)\n      at src/components/__tests__/EnhancedDashboard.test.jsx:401:9\n      at Object.<anonymous> (../node_modules/expect/build/toThrowMatchers.js:83:11)\n      at Object.toThrow (../node_modules/expect/build/index.js:382:21)\n      at Object.<anonymous> (src/components/__tests__/EnhancedDashboard.test.jsx:402:14)\n      at Object.<anonymous> (src/components/__tests__/EnhancedDashboard.test.jsx:402:14)\n\n  ● EnhancedDashboard › Accessibility › has proper ARIA labels\n\n    The error below may be caused by using the wrong test environment, see https://jestjs.io/docs/configuration#testenvironment-string.\n    Consider using the \"jsdom\" test environment.\n\n    ReferenceError: document is not defined\n\n    \u001b[0m \u001b[90m 36 |\u001b[39m\n     \u001b[90m 37 |\u001b[39m \u001b[36mconst\u001b[39m renderWithTheme \u001b[33m=\u001b[39m (component) \u001b[33m=>\u001b[39m {\n    \u001b[31m\u001b[1m>\u001b[22m\u001b[39m\u001b[90m 38 |\u001b[39m   \u001b[36mreturn\u001b[39m render(\n     \u001b[90m    |\u001b[39m                \u001b[31m\u001b[1m^\u001b[22m\u001b[39m\n     \u001b[90m 39 |\u001b[39m     \u001b[33m<\u001b[39m\u001b[33mThemeProvider\u001b[39m theme\u001b[33m=\u001b[39m{theme}\u001b[33m>\u001b[39m\n     \u001b[90m 40 |\u001b[39m       {component}\n     \u001b[90m 41 |\u001b[39m     \u001b[33m<\u001b[39m\u001b[33m/\u001b[39m\u001b[33mThemeProvider\u001b[39m\u001b[33m>\u001b[39m\u001b[0m\n\n      at render (../node_modules/@testing-library/react/dist/pure.js:257:5)\n      at renderWithTheme (src/components/__tests__/EnhancedDashboard.test.jsx:38:16)\n      at Object.<anonymous> (src/components/__tests__/EnhancedDashboard.test.jsx:408:7)\n\n  ● EnhancedDashboard › Accessibility › has proper heading structure\n\n    The error below may be caused by using the wrong test environment, see https://jestjs.io/docs/configuration#testenvironment-string.\n    Consider using the \"jsdom\" test environment.\n\n    ReferenceError: document is not defined\n\n    \u001b[0m \u001b[90m 36 |\u001b[39m\n     \u001b[90m 37 |\u001b[39m \u001b[36mconst\u001b[39m renderWithTheme \u001b[33m=\u001b[39m (component) \u001b[33m=>\u001b[39m {\n    \u001b[31m\u001b[1m>\u001b[22m\u001b[39m\u001b[90m 38 |\u001b[39m   \u001b[36mreturn\u001b[39m render(\n     \u001b[90m    |\u001b[39m                \u001b[31m\u001b[1m^\u001b[22m\u001b[39m\n     \u001b[90m 39 |\u001b[39m     \u001b[33m<\u001b[39m\u001b[33mThemeProvider\u001b[39m theme\u001b[33m=\u001b[39m{theme}\u001b[33m>\u001b[39m\n     \u001b[90m 40 |\u001b[39m       {component}\n     \u001b[90m 41 |\u001b[39m     \u001b[33m<\u001b[39m\u001b[33m/\u001b[39m\u001b[33mThemeProvider\u001b[39m\u001b[33m>\u001b[39m\u001b[0m\n\n      at render (../node_modules/@testing-library/react/dist/pure.js:257:5)\n      at renderWithTheme (src/components/__tests__/EnhancedDashboard.test.jsx:38:16)\n      at Object.<anonymous> (src/components/__tests__/EnhancedDashboard.test.jsx:415:7)\n\n  ● EnhancedDashboard › Responsive Design › renders grid layout correctly\n\n    The error below may be caused by using the wrong test environment, see https://jestjs.io/docs/configuration#testenvironment-string.\n    Consider using the \"jsdom\" test environment.\n\n    ReferenceError: document is not defined\n\n    \u001b[0m \u001b[90m 36 |\u001b[39m\n     \u001b[90m 37 |\u001b[39m \u001b[36mconst\u001b[39m renderWithTheme \u001b[33m=\u001b[39m (component) \u001b[33m=>\u001b[39m {\n    \u001b[31m\u001b[1m>\u001b[22m\u001b[39m\u001b[90m 38 |\u001b[39m   \u001b[36mreturn\u001b[39m render(\n     \u001b[90m    |\u001b[39m                \u001b[31m\u001b[1m^\u001b[22m\u001b[39m\n     \u001b[90m 39 |\u001b[39m     \u001b[33m<\u001b[39m\u001b[33mThemeProvider\u001b[39m theme\u001b[33m=\u001b[39m{theme}\u001b[33m>\u001b[39m\n     \u001b[90m 40 |\u001b[39m       {component}\n     \u001b[90m 41 |\u001b[39m     \u001b[33m<\u001b[39m\u001b[33m/\u001b[39m\u001b[33mThemeProvider\u001b[39m\u001b[33m>\u001b[39m\u001b[0m\n\n      at render (../node_modules/@testing-library/react/dist/pure.js:257:5)\n      at renderWithTheme (src/components/__tests__/EnhancedDashboard.test.jsx:38:16)\n      at Object.<anonymous> (src/components/__tests__/EnhancedDashboard.test.jsx:424:7)\n","name":"D:\\work\\HR-SM\\client\\platform-admin\\src\\components\\__tests__\\EnhancedDashboard.test.jsx","startTime":1777984281149,"status":"failed","summary":""},{"assertionResults":[],"coverage":{},"endTime":1777984303680,"message":"  ● Test suite failed to run\n\n    Jest encountered an unexpected token\n\n    Jest failed to parse a file. This happens e.g. when your code or its dependencies use non-standard JavaScript syntax, or when Jest is not configured to support such syntax.\n\n    Out of the box Jest supports Babel, which will be used to transform your files into valid JS based on your Babel configuration.\n\n    By default \"node_modules\" folder is ignored by transformers.\n\n    Here's what you can do:\n     • If you are trying to use ECMAScript Modules, see https://jestjs.io/docs/ecmascript-modules for how to enable it.\n     • If you are trying to use TypeScript, see https://jestjs.io/docs/getting-started#using-typescript\n     • To have some of your \"node_modules\" files transformed, you can specify a custom \"transformIgnorePatterns\" in your config.\n     • If you need a custom transformation specify a \"transform\" option in your config.\n     • If you simply want to mock your non-JS modules (e.g. binary assets) you can stub them out with the \"moduleNameMapper\" config option.\n\n    You'll find more details and examples of these config options in the docs:\n    https://jestjs.io/docs/configuration\n    For information about custom transformations, see:\n    https://jestjs.io/docs/code-transformation\n\n    Details:\n\n    D:\\work\\HR-SM\\client\\node_modules\\axios\\index.js:1\n    ({\"Object.<anonymous>\":function(module,exports,require,__dirname,__filename,jest){import axios from './lib/axios.js';\n                                                                                      ^^^^^^\n\n    SyntaxError: Cannot use import statement outside a module\n\n    \u001b[0m\u001b[31m\u001b[1m>\u001b[22m\u001b[39m\u001b[90m 1 |\u001b[39m \u001b[36mimport\u001b[39m axios \u001b[36mfrom\u001b[39m \u001b[32m'axios'\u001b[39m\u001b[33m;\u001b[39m\n     \u001b[90m   |\u001b[39m \u001b[31m\u001b[1m^\u001b[22m\u001b[39m\n     \u001b[90m 2 |\u001b[39m \u001b[36mimport\u001b[39m \u001b[33mSecureLS\u001b[39m \u001b[36mfrom\u001b[39m \u001b[32m'secure-ls'\u001b[39m\u001b[33m;\u001b[39m\n     \u001b[90m 3 |\u001b[39m\n     \u001b[90m 4 |\u001b[39m \u001b[90m// Secure local storage for platform tokens\u001b[39m\u001b[0m\n\n      at Runtime.createScriptFromCode (../node_modules/jest-runtime/build/index.js:1728:14)\n      at Object.<anonymous> (src/services/platformApi.js:1:1)\n      at Object.<anonymous> (src/contexts/ApiContext.jsx:2:1)\n      at Object.<anonymous> (src/components/CreateTenantForm.jsx:37:1)\n      at Object.<anonymous> (src/components/__tests__/CreateTenantForm.test.jsx:6:1)\n","name":"D:\\work\\HR-SM\\client\\platform-admin\\src\\components\\__tests__\\CreateTenantForm.test.jsx","startTime":1777984303680,"status":"failed","summary":""}],"wasInterrupted":false}