{"numFailedTestSuites":83,"numFailedTests":0,"numPassedTestSuites":0,"numPassedTests":0,"numPendingTestSuites":0,"numPendingTests":0,"numRuntimeErrorTestSuites":83,"numTodoTests":0,"numTotalTestSuites":83,"numTotalTests":0,"openHandles":[],"snapshot":{"added":0,"didUpdate":false,"failure":false,"filesAdded":0,"filesRemoved":0,"filesRemovedList":[],"filesUnmatched":0,"filesUpdated":0,"matched":0,"total":0,"unchecked":0,"uncheckedKeysByFile":[],"unmatched":0,"updated":0},"startTime":1762712465854,"success":false,"testResults":[{"assertionResults":[],"coverage":{},"endTime":1762712811250,"message":"  ● Test suite failed to run\n\n    You appear to be using a native ECMAScript module configuration file, which is only supported when running Babel asynchronously or when using the Node.js `--experimental-require-module` flag.\n        at D:\\Work\\HR-SM\\babel.config.js\n\n      at loadPartialConfigSync (node_modules/@babel/core/src/config/index.ts:53:60)\n      at ScriptTransformer._getCacheKey (node_modules/@jest/transform/build/index.js:195:41)\n      at ScriptTransformer._getFileCachePath (node_modules/@jest/transform/build/index.js:231:27)\n      at ScriptTransformer.transformSource (node_modules/@jest/transform/build/index.js:402:32)\n      at ScriptTransformer._transformAndBuildScript (node_modules/@jest/transform/build/index.js:519:40)\n      at ScriptTransformer.transform (node_modules/@jest/transform/build/index.js:558:19)\n","name":"D:\\Work\\HR-SM\\server\\testing\\routes\\user.routes.test.js","startTime":1762712811250,"status":"failed","summary":""},{"assertionResults":[],"coverage":{},"endTime":1762712811250,"message":"  ● Test suite failed to run\n\n    You appear to be using a native ECMAScript module configuration file, which is only supported when running Babel asynchronously or when using the Node.js `--experimental-require-module` flag.\n        at D:\\Work\\HR-SM\\babel.config.js\n\n      at loadPartialConfigSync (node_modules/@babel/core/src/config/index.ts:53:60)\n      at ScriptTransformer._getCacheKey (node_modules/@jest/transform/build/index.js:195:41)\n      at ScriptTransformer._getFileCachePath (node_modules/@jest/transform/build/index.js:231:27)\n      at ScriptTransformer.transformSource (node_modules/@jest/transform/build/index.js:402:32)\n      at ScriptTransformer._transformAndBuildScript (node_modules/@jest/transform/build/index.js:519:40)\n      at ScriptTransformer.transform (node_modules/@jest/transform/build/index.js:558:19)\n","name":"D:\\Work\\HR-SM\\server\\testing\\routes\\securitySettings.routes.test.js","startTime":1762712811250,"status":"failed","summary":""},{"assertionResults":[],"coverage":{},"endTime":1762712811250,"message":"  ● Test suite failed to run\n\n    You appear to be using a native ECMAScript module configuration file, which is only supported when running Babel asynchronously or when using the Node.js `--experimental-require-module` flag.\n        at D:\\Work\\HR-SM\\babel.config.js\n\n      at loadPartialConfigSync (node_modules/@babel/core/src/config/index.ts:53:60)\n      at ScriptTransformer._getCacheKey (node_modules/@jest/transform/build/index.js:195:41)\n      at ScriptTransformer._getFileCachePath (node_modules/@jest/transform/build/index.js:231:27)\n      at ScriptTransformer.transformSource (node_modules/@jest/transform/build/index.js:402:32)\n      at ScriptTransformer._transformAndBuildScript (node_modules/@jest/transform/build/index.js:519:40)\n      at ScriptTransformer.transform (node_modules/@jest/transform/build/index.js:558:19)\n","name":"D:\\Work\\HR-SM\\server\\testing\\routes\\survey.routes.test.js","startTime":1762712811250,"status":"failed","summary":""},{"assertionResults":[],"coverage":{},"endTime":1762712811251,"message":"  ● Test suite failed to run\n\n    You appear to be using a native ECMAScript module configuration file, which is only supported when running Babel asynchronously or when using the Node.js `--experimental-require-module` flag.\n        at D:\\Work\\HR-SM\\babel.config.js\n\n      at loadPartialConfigSync (node_modules/@babel/core/src/config/index.ts:53:60)\n      at ScriptTransformer._getCacheKey (node_modules/@jest/transform/build/index.js:195:41)\n      at ScriptTransformer._getFileCachePath (node_modules/@jest/transform/build/index.js:231:27)\n      at ScriptTransformer.transformSource (node_modules/@jest/transform/build/index.js:402:32)\n      at ScriptTransformer._transformAndBuildScript (node_modules/@jest/transform/build/index.js:519:40)\n      at ScriptTransformer.transform (node_modules/@jest/transform/build/index.js:558:19)\n","name":"D:\\Work\\HR-SM\\server\\testing\\routes\\securityAudit.routes.test.js","startTime":1762712811251,"status":"failed","summary":""},{"assertionResults":[],"coverage":{},"endTime":1762712811251,"message":"  ● Test suite failed to run\n\n    You appear to be using a native ECMAScript module configuration file, which is only supported when running Babel asynchronously or when using the Node.js `--experimental-require-module` flag.\n        at D:\\Work\\HR-SM\\babel.config.js\n\n      at loadPartialConfigSync (node_modules/@babel/core/src/config/index.ts:53:60)\n      at ScriptTransformer._getCacheKey (node_modules/@jest/transform/build/index.js:195:41)\n      at ScriptTransformer._getFileCachePath (node_modules/@jest/transform/build/index.js:231:27)\n      at ScriptTransformer.transformSource (node_modules/@jest/transform/build/index.js:402:32)\n      at ScriptTransformer._transformAndBuildScript (node_modules/@jest/transform/build/index.js:519:40)\n      at ScriptTransformer.transform (node_modules/@jest/transform/build/index.js:558:19)\n","name":"D:\\Work\\HR-SM\\server\\testing\\routes\\school.routes.test.js","startTime":1762712811251,"status":"failed","summary":""},{"assertionResults":[],"coverage":{},"endTime":1762712811251,"message":"  ● Test suite failed to run\n\n    You appear to be using a native ECMAScript module configuration file, which is only supported when running Babel asynchronously or when using the Node.js `--experimental-require-module` flag.\n        at D:\\Work\\HR-SM\\babel.config.js\n\n      at loadPartialConfigSync (node_modules/@babel/core/src/config/index.ts:53:60)\n      at ScriptTransformer._getCacheKey (node_modules/@jest/transform/build/index.js:195:41)\n      at ScriptTransformer._getFileCachePath (node_modules/@jest/transform/build/index.js:231:27)\n      at ScriptTransformer.transformSource (node_modules/@jest/transform/build/index.js:402:32)\n      at ScriptTransformer._transformAndBuildScript (node_modules/@jest/transform/build/index.js:519:40)\n      at ScriptTransformer.transform (node_modules/@jest/transform/build/index.js:558:19)\n","name":"D:\\Work\\HR-SM\\server\\testing\\routes\\resignedEmployee.routes.test.js","startTime":1762712811251,"status":"failed","summary":""},{"assertionResults":[],"coverage":{},"endTime":1762712811251,"message":"  ● Test suite failed to run\n\n    You appear to be using a native ECMAScript module configuration file, which is only supported when running Babel asynchronously or when using the Node.js `--experimental-require-module` flag.\n        at D:\\Work\\HR-SM\\babel.config.js\n\n      at loadPartialConfigSync (node_modules/@babel/core/src/config/index.ts:53:60)\n      at ScriptTransformer._getCacheKey (node_modules/@jest/transform/build/index.js:195:41)\n      at ScriptTransformer._getFileCachePath (node_modules/@jest/transform/build/index.js:231:27)\n      at ScriptTransformer.transformSource (node_modules/@jest/transform/build/index.js:402:32)\n      at ScriptTransformer._transformAndBuildScript (node_modules/@jest/transform/build/index.js:519:40)\n      at ScriptTransformer.transform (node_modules/@jest/transform/build/index.js:558:19)\n","name":"D:\\Work\\HR-SM\\server\\testing\\routes\\request.routes.test.js","startTime":1762712811251,"status":"failed","summary":""},{"assertionResults":[],"coverage":{},"endTime":1762712811251,"message":"  ● Test suite failed to run\n\n    You appear to be using a native ECMAScript module configuration file, which is only supported when running Babel asynchronously or when using the Node.js `--experimental-require-module` flag.\n        at D:\\Work\\HR-SM\\babel.config.js\n\n      at loadPartialConfigSync (node_modules/@babel/core/src/config/index.ts:53:60)\n      at ScriptTransformer._getCacheKey (node_modules/@jest/transform/build/index.js:195:41)\n      at ScriptTransformer._getFileCachePath (node_modules/@jest/transform/build/index.js:231:27)\n      at ScriptTransformer.transformSource (node_modules/@jest/transform/build/index.js:402:32)\n      at ScriptTransformer._transformAndBuildScript (node_modules/@jest/transform/build/index.js:519:40)\n      at ScriptTransformer.transform (node_modules/@jest/transform/build/index.js:558:19)\n","name":"D:\\Work\\HR-SM\\server\\testing\\routes\\report.routes.test.js","startTime":1762712811251,"status":"failed","summary":""},{"assertionResults":[],"coverage":{},"endTime":1762712811251,"message":"  ● Test suite failed to run\n\n    You appear to be using a native ECMAScript module configuration file, which is only supported when running Babel asynchronously or when using the Node.js `--experimental-require-module` flag.\n        at D:\\Work\\HR-SM\\babel.config.js\n\n      at loadPartialConfigSync (node_modules/@babel/core/src/config/index.ts:53:60)\n      at ScriptTransformer._getCacheKey (node_modules/@jest/transform/build/index.js:195:41)\n      at ScriptTransformer._getFileCachePath (node_modules/@jest/transform/build/index.js:231:27)\n      at ScriptTransformer.transformSource (node_modules/@jest/transform/build/index.js:402:32)\n      at ScriptTransformer._transformAndBuildScript (node_modules/@jest/transform/build/index.js:519:40)\n      at ScriptTransformer.transform (node_modules/@jest/transform/build/index.js:558:19)\n","name":"D:\\Work\\HR-SM\\server\\testing\\routes\\position.routes.test.js","startTime":1762712811251,"status":"failed","summary":""},{"assertionResults":[],"coverage":{},"endTime":1762712811251,"message":"  ● Test suite failed to run\n\n    You appear to be using a native ECMAScript module configuration file, which is only supported when running Babel asynchronously or when using the Node.js `--experimental-require-module` flag.\n        at D:\\Work\\HR-SM\\babel.config.js\n\n      at loadPartialConfigSync (node_modules/@babel/core/src/config/index.ts:53:60)\n      at ScriptTransformer._getCacheKey (node_modules/@jest/transform/build/index.js:195:41)\n      at ScriptTransformer._getFileCachePath (node_modules/@jest/transform/build/index.js:231:27)\n      at ScriptTransformer.transformSource (node_modules/@jest/transform/build/index.js:402:32)\n      at ScriptTransformer._transformAndBuildScript (node_modules/@jest/transform/build/index.js:519:40)\n      at ScriptTransformer.transform (node_modules/@jest/transform/build/index.js:558:19)\n","name":"D:\\Work\\HR-SM\\server\\testing\\routes\\permissionAudit.routes.test.js","startTime":1762712811251,"status":"failed","summary":""},{"assertionResults":[],"coverage":{},"endTime":1762712811252,"message":"  ● Test suite failed to run\n\n    You appear to be using a native ECMAScript module configuration file, which is only supported when running Babel asynchronously or when using the Node.js `--experimental-require-module` flag.\n        at D:\\Work\\HR-SM\\babel.config.js\n\n      at loadPartialConfigSync (node_modules/@babel/core/src/config/index.ts:53:60)\n      at ScriptTransformer._getCacheKey (node_modules/@jest/transform/build/index.js:195:41)\n      at ScriptTransformer._getFileCachePath (node_modules/@jest/transform/build/index.js:231:27)\n      at ScriptTransformer.transformSource (node_modules/@jest/transform/build/index.js:402:32)\n      at ScriptTransformer._transformAndBuildScript (node_modules/@jest/transform/build/index.js:519:40)\n      at ScriptTransformer.transform (node_modules/@jest/transform/build/index.js:558:19)\n","name":"D:\\Work\\HR-SM\\server\\testing\\routes\\permission.routes.test.js","startTime":1762712811252,"status":"failed","summary":""},{"assertionResults":[],"coverage":{},"endTime":1762712811252,"message":"  ● Test suite failed to run\n\n    You appear to be using a native ECMAScript module configuration file, which is only supported when running Babel asynchronously or when using the Node.js `--experimental-require-module` flag.\n        at D:\\Work\\HR-SM\\babel.config.js\n\n      at loadPartialConfigSync (node_modules/@babel/core/src/config/index.ts:53:60)\n      at ScriptTransformer._getCacheKey (node_modules/@jest/transform/build/index.js:195:41)\n      at ScriptTransformer._getFileCachePath (node_modules/@jest/transform/build/index.js:231:27)\n      at ScriptTransformer.transformSource (node_modules/@jest/transform/build/index.js:402:32)\n      at ScriptTransformer._transformAndBuildScript (node_modules/@jest/transform/build/index.js:519:40)\n      at ScriptTransformer.transform (node_modules/@jest/transform/build/index.js:558:19)\n","name":"D:\\Work\\HR-SM\\server\\testing\\routes\\payroll.routes.test.js","startTime":1762712811252,"status":"failed","summary":""},{"assertionResults":[],"coverage":{},"endTime":1762712811252,"message":"  ● Test suite failed to run\n\n    You appear to be using a native ECMAScript module configuration file, which is only supported when running Babel asynchronously or when using the Node.js `--experimental-require-module` flag.\n        at D:\\Work\\HR-SM\\babel.config.js\n\n      at loadPartialConfigSync (node_modules/@babel/core/src/config/index.ts:53:60)\n      at ScriptTransformer._getCacheKey (node_modules/@jest/transform/build/index.js:195:41)\n      at ScriptTransformer._getFileCachePath (node_modules/@jest/transform/build/index.js:231:27)\n      at ScriptTransformer.transformSource (node_modules/@jest/transform/build/index.js:402:32)\n      at ScriptTransformer._transformAndBuildScript (node_modules/@jest/transform/build/index.js:519:40)\n      at ScriptTransformer.transform (node_modules/@jest/transform/build/index.js:558:19)\n","name":"D:\\Work\\HR-SM\\server\\testing\\routes\\notification.routes.test.js","startTime":1762712811252,"status":"failed","summary":""},{"assertionResults":[],"coverage":{},"endTime":1762712811252,"message":"  ● Test suite failed to run\n\n    You appear to be using a native ECMAScript module configuration file, which is only supported when running Babel asynchronously or when using the Node.js `--experimental-require-module` flag.\n        at D:\\Work\\HR-SM\\babel.config.js\n\n      at loadPartialConfigSync (node_modules/@babel/core/src/config/index.ts:53:60)\n      at ScriptTransformer._getCacheKey (node_modules/@jest/transform/build/index.js:195:41)\n      at ScriptTransformer._getFileCachePath (node_modules/@jest/transform/build/index.js:231:27)\n      at ScriptTransformer.transformSource (node_modules/@jest/transform/build/index.js:402:32)\n      at ScriptTransformer._transformAndBuildScript (node_modules/@jest/transform/build/index.js:519:40)\n      at ScriptTransformer.transform (node_modules/@jest/transform/build/index.js:558:19)\n","name":"D:\\Work\\HR-SM\\server\\testing\\routes\\mixedVacation.routes.test.js","startTime":1762712811252,"status":"failed","summary":""},{"assertionResults":[],"coverage":{},"endTime":1762712811252,"message":"  ● Test suite failed to run\n\n    You appear to be using a native ECMAScript module configuration file, which is only supported when running Babel asynchronously or when using the Node.js `--experimental-require-module` flag.\n        at D:\\Work\\HR-SM\\babel.config.js\n\n      at loadPartialConfigSync (node_modules/@babel/core/src/config/index.ts:53:60)\n      at ScriptTransformer._getCacheKey (node_modules/@jest/transform/build/index.js:195:41)\n      at ScriptTransformer._getFileCachePath (node_modules/@jest/transform/build/index.js:231:27)\n      at ScriptTransformer.transformSource (node_modules/@jest/transform/build/index.js:402:32)\n      at ScriptTransformer._transformAndBuildScript (node_modules/@jest/transform/build/index.js:519:40)\n      at ScriptTransformer.transform (node_modules/@jest/transform/build/index.js:558:19)\n","name":"D:\\Work\\HR-SM\\server\\testing\\routes\\leave.routes.test.js","startTime":1762712811252,"status":"failed","summary":""},{"assertionResults":[],"coverage":{},"endTime":1762712811253,"message":"  ● Test suite failed to run\n\n    You appear to be using a native ECMAScript module configuration file, which is only supported when running Babel asynchronously or when using the Node.js `--experimental-require-module` flag.\n        at D:\\Work\\HR-SM\\babel.config.js\n\n      at loadPartialConfigSync (node_modules/@babel/core/src/config/index.ts:53:60)\n      at ScriptTransformer._getCacheKey (node_modules/@jest/transform/build/index.js:195:41)\n      at ScriptTransformer._getFileCachePath (node_modules/@jest/transform/build/index.js:231:27)\n      at ScriptTransformer.transformSource (node_modules/@jest/transform/build/index.js:402:32)\n      at ScriptTransformer._transformAndBuildScript (node_modules/@jest/transform/build/index.js:519:40)\n      at ScriptTransformer.transform (node_modules/@jest/transform/build/index.js:558:19)\n","name":"D:\\Work\\HR-SM\\server\\testing\\routes\\holiday.routes.test.js","startTime":1762712811253,"status":"failed","summary":""},{"assertionResults":[],"coverage":{},"endTime":1762712811253,"message":"  ● Test suite failed to run\n\n    You appear to be using a native ECMAScript module configuration file, which is only supported when running Babel asynchronously or when using the Node.js `--experimental-require-module` flag.\n        at D:\\Work\\HR-SM\\babel.config.js\n\n      at loadPartialConfigSync (node_modules/@babel/core/src/config/index.ts:53:60)\n      at ScriptTransformer._getCacheKey (node_modules/@jest/transform/build/index.js:195:41)\n      at ScriptTransformer._getFileCachePath (node_modules/@jest/transform/build/index.js:231:27)\n      at ScriptTransformer.transformSource (node_modules/@jest/transform/build/index.js:402:32)\n      at ScriptTransformer._transformAndBuildScript (node_modules/@jest/transform/build/index.js:519:40)\n      at ScriptTransformer.transform (node_modules/@jest/transform/build/index.js:558:19)\n","name":"D:\\Work\\HR-SM\\server\\testing\\routes\\event.routes.test.js","startTime":1762712811253,"status":"failed","summary":""},{"assertionResults":[],"coverage":{},"endTime":1762712811253,"message":"  ● Test suite failed to run\n\n    You appear to be using a native ECMAScript module configuration file, which is only supported when running Babel asynchronously or when using the Node.js `--experimental-require-module` flag.\n        at D:\\Work\\HR-SM\\babel.config.js\n\n      at loadPartialConfigSync (node_modules/@babel/core/src/config/index.ts:53:60)\n      at ScriptTransformer._getCacheKey (node_modules/@jest/transform/build/index.js:195:41)\n      at ScriptTransformer._getFileCachePath (node_modules/@jest/transform/build/index.js:231:27)\n      at ScriptTransformer.transformSource (node_modules/@jest/transform/build/index.js:402:32)\n      at ScriptTransformer._transformAndBuildScript (node_modules/@jest/transform/build/index.js:519:40)\n      at ScriptTransformer.transform (node_modules/@jest/transform/build/index.js:558:19)\n","name":"D:\\Work\\HR-SM\\server\\testing\\routes\\documentTemplate.routes.test.js","startTime":1762712811253,"status":"failed","summary":""},{"assertionResults":[],"coverage":{},"endTime":1762712811253,"message":"  ● Test suite failed to run\n\n    You appear to be using a native ECMAScript module configuration file, which is only supported when running Babel asynchronously or when using the Node.js `--experimental-require-module` flag.\n        at D:\\Work\\HR-SM\\babel.config.js\n\n      at loadPartialConfigSync (node_modules/@babel/core/src/config/index.ts:53:60)\n      at ScriptTransformer._getCacheKey (node_modules/@jest/transform/build/index.js:195:41)\n      at ScriptTransformer._getFileCachePath (node_modules/@jest/transform/build/index.js:231:27)\n      at ScriptTransformer.transformSource (node_modules/@jest/transform/build/index.js:402:32)\n      at ScriptTransformer._transformAndBuildScript (node_modules/@jest/transform/build/index.js:519:40)\n      at ScriptTransformer.transform (node_modules/@jest/transform/build/index.js:558:19)\n","name":"D:\\Work\\HR-SM\\server\\testing\\routes\\document.routes.test.js","startTime":1762712811253,"status":"failed","summary":""},{"assertionResults":[],"coverage":{},"endTime":1762712811253,"message":"  ● Test suite failed to run\n\n    You appear to be using a native ECMAScript module configuration file, which is only supported when running Babel asynchronously or when using the Node.js `--experimental-require-module` flag.\n        at D:\\Work\\HR-SM\\babel.config.js\n\n      at loadPartialConfigSync (node_modules/@babel/core/src/config/index.ts:53:60)\n      at ScriptTransformer._getCacheKey (node_modules/@jest/transform/build/index.js:195:41)\n      at ScriptTransformer._getFileCachePath (node_modules/@jest/transform/build/index.js:231:27)\n      at ScriptTransformer.transformSource (node_modules/@jest/transform/build/index.js:402:32)\n      at ScriptTransformer._transformAndBuildScript (node_modules/@jest/transform/build/index.js:519:40)\n      at ScriptTransformer.transform (node_modules/@jest/transform/build/index.js:558:19)\n","name":"D:\\Work\\HR-SM\\server\\testing\\routes\\department.routes.test.js","startTime":1762712811253,"status":"failed","summary":""},{"assertionResults":[],"coverage":{},"endTime":1762712811253,"message":"  ● Test suite failed to run\n\n    You appear to be using a native ECMAScript module configuration file, which is only supported when running Babel asynchronously or when using the Node.js `--experimental-require-module` flag.\n        at D:\\Work\\HR-SM\\babel.config.js\n\n      at loadPartialConfigSync (node_modules/@babel/core/src/config/index.ts:53:60)\n      at ScriptTransformer._getCacheKey (node_modules/@jest/transform/build/index.js:195:41)\n      at ScriptTransformer._getFileCachePath (node_modules/@jest/transform/build/index.js:231:27)\n      at ScriptTransformer.transformSource (node_modules/@jest/transform/build/index.js:402:32)\n      at ScriptTransformer._transformAndBuildScript (node_modules/@jest/transform/build/index.js:519:40)\n      at ScriptTransformer.transform (node_modules/@jest/transform/build/index.js:558:19)\n","name":"D:\\Work\\HR-SM\\server\\testing\\routes\\backupExecution.routes.test.js","startTime":1762712811253,"status":"failed","summary":""},{"assertionResults":[],"coverage":{},"endTime":1762712811253,"message":"  ● Test suite failed to run\n\n    You appear to be using a native ECMAScript module configuration file, which is only supported when running Babel asynchronously or when using the Node.js `--experimental-require-module` flag.\n        at D:\\Work\\HR-SM\\babel.config.js\n\n      at loadPartialConfigSync (node_modules/@babel/core/src/config/index.ts:53:60)\n      at ScriptTransformer._getCacheKey (node_modules/@jest/transform/build/index.js:195:41)\n      at ScriptTransformer._getFileCachePath (node_modules/@jest/transform/build/index.js:231:27)\n      at ScriptTransformer.transformSource (node_modules/@jest/transform/build/index.js:402:32)\n      at ScriptTransformer._transformAndBuildScript (node_modules/@jest/transform/build/index.js:519:40)\n      at ScriptTransformer.transform (node_modules/@jest/transform/build/index.js:558:19)\n","name":"D:\\Work\\HR-SM\\server\\testing\\routes\\backup.routes.test.js","startTime":1762712811253,"status":"failed","summary":""},{"assertionResults":[],"coverage":{},"endTime":1762712811254,"message":"  ● Test suite failed to run\n\n    You appear to be using a native ECMAScript module configuration file, which is only supported when running Babel asynchronously or when using the Node.js `--experimental-require-module` flag.\n        at D:\\Work\\HR-SM\\babel.config.js\n\n      at loadPartialConfigSync (node_modules/@babel/core/src/config/index.ts:53:60)\n      at ScriptTransformer._getCacheKey (node_modules/@jest/transform/build/index.js:195:41)\n      at ScriptTransformer._getFileCachePath (node_modules/@jest/transform/build/index.js:231:27)\n      at ScriptTransformer.transformSource (node_modules/@jest/transform/build/index.js:402:32)\n      at ScriptTransformer._transformAndBuildScript (node_modules/@jest/transform/build/index.js:519:40)\n      at ScriptTransformer.transform (node_modules/@jest/transform/build/index.js:558:19)\n","name":"D:\\Work\\HR-SM\\server\\testing\\routes\\attendance.routes.test.js","startTime":1762712811254,"status":"failed","summary":""},{"assertionResults":[],"coverage":{},"endTime":1762712811254,"message":"  ● Test suite failed to run\n\n    You appear to be using a native ECMAScript module configuration file, which is only supported when running Babel asynchronously or when using the Node.js `--experimental-require-module` flag.\n        at D:\\Work\\HR-SM\\babel.config.js\n\n      at loadPartialConfigSync (node_modules/@babel/core/src/config/index.ts:53:60)\n      at ScriptTransformer._getCacheKey (node_modules/@jest/transform/build/index.js:195:41)\n      at ScriptTransformer._getFileCachePath (node_modules/@jest/transform/build/index.js:231:27)\n      at ScriptTransformer.transformSource (node_modules/@jest/transform/build/index.js:402:32)\n      at ScriptTransformer._transformAndBuildScript (node_modules/@jest/transform/build/index.js:519:40)\n      at ScriptTransformer.transform (node_modules/@jest/transform/build/index.js:558:19)\n","name":"D:\\Work\\HR-SM\\server\\testing\\routes\\announcement.routes.test.js","startTime":1762712811254,"status":"failed","summary":""},{"assertionResults":[],"coverage":{},"endTime":1762712811254,"message":"  ● Test suite failed to run\n\n    You appear to be using a native ECMAScript module configuration file, which is only supported when running Babel asynchronously or when using the Node.js `--experimental-require-module` flag.\n        at D:\\Work\\HR-SM\\babel.config.js\n\n      at loadPartialConfigSync (node_modules/@babel/core/src/config/index.ts:53:60)\n      at ScriptTransformer._getCacheKey (node_modules/@jest/transform/build/index.js:195:41)\n      at ScriptTransformer._getFileCachePath (node_modules/@jest/transform/build/index.js:231:27)\n      at ScriptTransformer.transformSource (node_modules/@jest/transform/build/index.js:402:32)\n      at ScriptTransformer._transformAndBuildScript (node_modules/@jest/transform/build/index.js:519:40)\n      at ScriptTransformer.transform (node_modules/@jest/transform/build/index.js:558:19)\n","name":"D:\\Work\\HR-SM\\server\\testing\\routes\\analytics.routes.test.js","startTime":1762712811254,"status":"failed","summary":""},{"assertionResults":[],"coverage":{},"endTime":1762712811254,"message":"  ● Test suite failed to run\n\n    You appear to be using a native ECMAScript module configuration file, which is only supported when running Babel asynchronously or when using the Node.js `--experimental-require-module` flag.\n        at D:\\Work\\HR-SM\\babel.config.js\n\n      at loadPartialConfigSync (node_modules/@babel/core/src/config/index.ts:53:60)\n      at ScriptTransformer._getCacheKey (node_modules/@jest/transform/build/index.js:195:41)\n      at ScriptTransformer._getFileCachePath (node_modules/@jest/transform/build/index.js:231:27)\n      at ScriptTransformer.transformSource (node_modules/@jest/transform/build/index.js:402:32)\n      at ScriptTransformer._transformAndBuildScript (node_modules/@jest/transform/build/index.js:519:40)\n      at ScriptTransformer.transform (node_modules/@jest/transform/build/index.js:558:19)\n","name":"D:\\Work\\HR-SM\\server\\testing\\models\\vacationBalance.model.test.js","startTime":1762712811254,"status":"failed","summary":""},{"assertionResults":[],"coverage":{},"endTime":1762712811254,"message":"  ● Test suite failed to run\n\n    You appear to be using a native ECMAScript module configuration file, which is only supported when running Babel asynchronously or when using the Node.js `--experimental-require-module` flag.\n        at D:\\Work\\HR-SM\\babel.config.js\n\n      at loadPartialConfigSync (node_modules/@babel/core/src/config/index.ts:53:60)\n      at ScriptTransformer._getCacheKey (node_modules/@jest/transform/build/index.js:195:41)\n      at ScriptTransformer._getFileCachePath (node_modules/@jest/transform/build/index.js:231:27)\n      at ScriptTransformer.transformSource (node_modules/@jest/transform/build/index.js:402:32)\n      at ScriptTransformer._transformAndBuildScript (node_modules/@jest/transform/build/index.js:519:40)\n      at ScriptTransformer.transform (node_modules/@jest/transform/build/index.js:558:19)\n","name":"D:\\Work\\HR-SM\\server\\testing\\models\\user.model.test.js","startTime":1762712811254,"status":"failed","summary":""},{"assertionResults":[],"coverage":{},"endTime":1762712811254,"message":"  ● Test suite failed to run\n\n    You appear to be using a native ECMAScript module configuration file, which is only supported when running Babel asynchronously or when using the Node.js `--experimental-require-module` flag.\n        at D:\\Work\\HR-SM\\babel.config.js\n\n      at loadPartialConfigSync (node_modules/@babel/core/src/config/index.ts:53:60)\n      at ScriptTransformer._getCacheKey (node_modules/@jest/transform/build/index.js:195:41)\n      at ScriptTransformer._getFileCachePath (node_modules/@jest/transform/build/index.js:231:27)\n      at ScriptTransformer.transformSource (node_modules/@jest/transform/build/index.js:402:32)\n      at ScriptTransformer._transformAndBuildScript (node_modules/@jest/transform/build/index.js:519:40)\n      at ScriptTransformer.transform (node_modules/@jest/transform/build/index.js:558:19)\n","name":"D:\\Work\\HR-SM\\server\\testing\\models\\surveyNotification.model.test.js","startTime":1762712811254,"status":"failed","summary":""},{"assertionResults":[],"coverage":{},"endTime":1762712811254,"message":"  ● Test suite failed to run\n\n    You appear to be using a native ECMAScript module configuration file, which is only supported when running Babel asynchronously or when using the Node.js `--experimental-require-module` flag.\n        at D:\\Work\\HR-SM\\babel.config.js\n\n      at loadPartialConfigSync (node_modules/@babel/core/src/config/index.ts:53:60)\n      at ScriptTransformer._getCacheKey (node_modules/@jest/transform/build/index.js:195:41)\n      at ScriptTransformer._getFileCachePath (node_modules/@jest/transform/build/index.js:231:27)\n      at ScriptTransformer.transformSource (node_modules/@jest/transform/build/index.js:402:32)\n      at ScriptTransformer._transformAndBuildScript (node_modules/@jest/transform/build/index.js:519:40)\n      at ScriptTransformer.transform (node_modules/@jest/transform/build/index.js:558:19)\n","name":"D:\\Work\\HR-SM\\server\\testing\\models\\survey.model.test.js","startTime":1762712811254,"status":"failed","summary":""},{"assertionResults":[],"coverage":{},"endTime":1762712811255,"message":"  ● Test suite failed to run\n\n    You appear to be using a native ECMAScript module configuration file, which is only supported when running Babel asynchronously or when using the Node.js `--experimental-require-module` flag.\n        at D:\\Work\\HR-SM\\babel.config.js\n\n      at loadPartialConfigSync (node_modules/@babel/core/src/config/index.ts:53:60)\n      at ScriptTransformer._getCacheKey (node_modules/@jest/transform/build/index.js:195:41)\n      at ScriptTransformer._getFileCachePath (node_modules/@jest/transform/build/index.js:231:27)\n      at ScriptTransformer.transformSource (node_modules/@jest/transform/build/index.js:402:32)\n      at ScriptTransformer._transformAndBuildScript (node_modules/@jest/transform/build/index.js:519:40)\n      at ScriptTransformer.transform (node_modules/@jest/transform/build/index.js:558:19)\n","name":"D:\\Work\\HR-SM\\server\\testing\\models\\securitySettings.model.test.js","startTime":1762712811255,"status":"failed","summary":""},{"assertionResults":[],"coverage":{},"endTime":1762712811255,"message":"  ● Test suite failed to run\n\n    You appear to be using a native ECMAScript module configuration file, which is only supported when running Babel asynchronously or when using the Node.js `--experimental-require-module` flag.\n        at D:\\Work\\HR-SM\\babel.config.js\n\n      at loadPartialConfigSync (node_modules/@babel/core/src/config/index.ts:53:60)\n      at ScriptTransformer._getCacheKey (node_modules/@jest/transform/build/index.js:195:41)\n      at ScriptTransformer._getFileCachePath (node_modules/@jest/transform/build/index.js:231:27)\n      at ScriptTransformer.transformSource (node_modules/@jest/transform/build/index.js:402:32)\n      at ScriptTransformer._transformAndBuildScript (node_modules/@jest/transform/build/index.js:519:40)\n      at ScriptTransformer.transform (node_modules/@jest/transform/build/index.js:558:19)\n","name":"D:\\Work\\HR-SM\\server\\testing\\models\\securityAudit.model.test.js","startTime":1762712811255,"status":"failed","summary":""},{"assertionResults":[],"coverage":{},"endTime":1762712811255,"message":"  ● Test suite failed to run\n\n    You appear to be using a native ECMAScript module configuration file, which is only supported when running Babel asynchronously or when using the Node.js `--experimental-require-module` flag.\n        at D:\\Work\\HR-SM\\babel.config.js\n\n      at loadPartialConfigSync (node_modules/@babel/core/src/config/index.ts:53:60)\n      at ScriptTransformer._getCacheKey (node_modules/@jest/transform/build/index.js:195:41)\n      at ScriptTransformer._getFileCachePath (node_modules/@jest/transform/build/index.js:231:27)\n      at ScriptTransformer.transformSource (node_modules/@jest/transform/build/index.js:402:32)\n      at ScriptTransformer._transformAndBuildScript (node_modules/@jest/transform/build/index.js:519:40)\n      at ScriptTransformer.transform (node_modules/@jest/transform/build/index.js:558:19)\n","name":"D:\\Work\\HR-SM\\server\\testing\\models\\school.model.test.js","startTime":1762712811255,"status":"failed","summary":""},{"assertionResults":[],"coverage":{},"endTime":1762712811256,"message":"  ● Test suite failed to run\n\n    You appear to be using a native ECMAScript module configuration file, which is only supported when running Babel asynchronously or when using the Node.js `--experimental-require-module` flag.\n        at D:\\Work\\HR-SM\\babel.config.js\n\n      at loadPartialConfigSync (node_modules/@babel/core/src/config/index.ts:53:60)\n      at ScriptTransformer._getCacheKey (node_modules/@jest/transform/build/index.js:195:41)\n      at ScriptTransformer._getFileCachePath (node_modules/@jest/transform/build/index.js:231:27)\n      at ScriptTransformer.transformSource (node_modules/@jest/transform/build/index.js:402:32)\n      at ScriptTransformer._transformAndBuildScript (node_modules/@jest/transform/build/index.js:519:40)\n      at ScriptTransformer.transform (node_modules/@jest/transform/build/index.js:558:19)\n","name":"D:\\Work\\HR-SM\\server\\testing\\models\\resignedEmployee.model.test.js","startTime":1762712811256,"status":"failed","summary":""},{"assertionResults":[],"coverage":{},"endTime":1762712811256,"message":"  ● Test suite failed to run\n\n    You appear to be using a native ECMAScript module configuration file, which is only supported when running Babel asynchronously or when using the Node.js `--experimental-require-module` flag.\n        at D:\\Work\\HR-SM\\babel.config.js\n\n      at loadPartialConfigSync (node_modules/@babel/core/src/config/index.ts:53:60)\n      at ScriptTransformer._getCacheKey (node_modules/@jest/transform/build/index.js:195:41)\n      at ScriptTransformer._getFileCachePath (node_modules/@jest/transform/build/index.js:231:27)\n      at ScriptTransformer.transformSource (node_modules/@jest/transform/build/index.js:402:32)\n      at ScriptTransformer._transformAndBuildScript (node_modules/@jest/transform/build/index.js:519:40)\n      at ScriptTransformer.transform (node_modules/@jest/transform/build/index.js:558:19)\n","name":"D:\\Work\\HR-SM\\server\\testing\\models\\requestControl.model.test.js","startTime":1762712811256,"status":"failed","summary":""},{"assertionResults":[],"coverage":{},"endTime":1762712811257,"message":"  ● Test suite failed to run\n\n    You appear to be using a native ECMAScript module configuration file, which is only supported when running Babel asynchronously or when using the Node.js `--experimental-require-module` flag.\n        at D:\\Work\\HR-SM\\babel.config.js\n\n      at loadPartialConfigSync (node_modules/@babel/core/src/config/index.ts:53:60)\n      at ScriptTransformer._getCacheKey (node_modules/@jest/transform/build/index.js:195:41)\n      at ScriptTransformer._getFileCachePath (node_modules/@jest/transform/build/index.js:231:27)\n      at ScriptTransformer.transformSource (node_modules/@jest/transform/build/index.js:402:32)\n      at ScriptTransformer._transformAndBuildScript (node_modules/@jest/transform/build/index.js:519:40)\n      at ScriptTransformer.transform (node_modules/@jest/transform/build/index.js:558:19)\n","name":"D:\\Work\\HR-SM\\server\\testing\\models\\request.model.test.js","startTime":1762712811257,"status":"failed","summary":""},{"assertionResults":[],"coverage":{},"endTime":1762712811257,"message":"  ● Test suite failed to run\n\n    You appear to be using a native ECMAScript module configuration file, which is only supported when running Babel asynchronously or when using the Node.js `--experimental-require-module` flag.\n        at D:\\Work\\HR-SM\\babel.config.js\n\n      at loadPartialConfigSync (node_modules/@babel/core/src/config/index.ts:53:60)\n      at ScriptTransformer._getCacheKey (node_modules/@jest/transform/build/index.js:195:41)\n      at ScriptTransformer._getFileCachePath (node_modules/@jest/transform/build/index.js:231:27)\n      at ScriptTransformer.transformSource (node_modules/@jest/transform/build/index.js:402:32)\n      at ScriptTransformer._transformAndBuildScript (node_modules/@jest/transform/build/index.js:519:40)\n      at ScriptTransformer.transform (node_modules/@jest/transform/build/index.js:558:19)\n","name":"D:\\Work\\HR-SM\\server\\testing\\models\\reportExport.model.test.js","startTime":1762712811257,"status":"failed","summary":""},{"assertionResults":[],"coverage":{},"endTime":1762712811257,"message":"  ● Test suite failed to run\n\n    You appear to be using a native ECMAScript module configuration file, which is only supported when running Babel asynchronously or when using the Node.js `--experimental-require-module` flag.\n        at D:\\Work\\HR-SM\\babel.config.js\n\n      at loadPartialConfigSync (node_modules/@babel/core/src/config/index.ts:53:60)\n      at ScriptTransformer._getCacheKey (node_modules/@jest/transform/build/index.js:195:41)\n      at ScriptTransformer._getFileCachePath (node_modules/@jest/transform/build/index.js:231:27)\n      at ScriptTransformer.transformSource (node_modules/@jest/transform/build/index.js:402:32)\n      at ScriptTransformer._transformAndBuildScript (node_modules/@jest/transform/build/index.js:519:40)\n      at ScriptTransformer.transform (node_modules/@jest/transform/build/index.js:558:19)\n","name":"D:\\Work\\HR-SM\\server\\testing\\models\\reportExecution.model.test.js","startTime":1762712811257,"status":"failed","summary":""},{"assertionResults":[],"coverage":{},"endTime":1762712811257,"message":"  ● Test suite failed to run\n\n    You appear to be using a native ECMAScript module configuration file, which is only supported when running Babel asynchronously or when using the Node.js `--experimental-require-module` flag.\n        at D:\\Work\\HR-SM\\babel.config.js\n\n      at loadPartialConfigSync (node_modules/@babel/core/src/config/index.ts:53:60)\n      at ScriptTransformer._getCacheKey (node_modules/@jest/transform/build/index.js:195:41)\n      at ScriptTransformer._getFileCachePath (node_modules/@jest/transform/build/index.js:231:27)\n      at ScriptTransformer.transformSource (node_modules/@jest/transform/build/index.js:402:32)\n      at ScriptTransformer._transformAndBuildScript (node_modules/@jest/transform/build/index.js:519:40)\n      at ScriptTransformer.transform (node_modules/@jest/transform/build/index.js:558:19)\n","name":"D:\\Work\\HR-SM\\server\\testing\\models\\reportConfig.model.test.js","startTime":1762712811257,"status":"failed","summary":""},{"assertionResults":[],"coverage":{},"endTime":1762712811257,"message":"  ● Test suite failed to run\n\n    You appear to be using a native ECMAScript module configuration file, which is only supported when running Babel asynchronously or when using the Node.js `--experimental-require-module` flag.\n        at D:\\Work\\HR-SM\\babel.config.js\n\n      at loadPartialConfigSync (node_modules/@babel/core/src/config/index.ts:53:60)\n      at ScriptTransformer._getCacheKey (node_modules/@jest/transform/build/index.js:195:41)\n      at ScriptTransformer._getFileCachePath (node_modules/@jest/transform/build/index.js:231:27)\n      at ScriptTransformer.transformSource (node_modules/@jest/transform/build/index.js:402:32)\n      at ScriptTransformer._transformAndBuildScript (node_modules/@jest/transform/build/index.js:519:40)\n      at ScriptTransformer.transform (node_modules/@jest/transform/build/index.js:558:19)\n","name":"D:\\Work\\HR-SM\\server\\testing\\models\\report.model.test.js","startTime":1762712811257,"status":"failed","summary":""},{"assertionResults":[],"coverage":{},"endTime":1762712811258,"message":"  ● Test suite failed to run\n\n    You appear to be using a native ECMAScript module configuration file, which is only supported when running Babel asynchronously or when using the Node.js `--experimental-require-module` flag.\n        at D:\\Work\\HR-SM\\babel.config.js\n\n      at loadPartialConfigSync (node_modules/@babel/core/src/config/index.ts:53:60)\n      at ScriptTransformer._getCacheKey (node_modules/@jest/transform/build/index.js:195:41)\n      at ScriptTransformer._getFileCachePath (node_modules/@jest/transform/build/index.js:231:27)\n      at ScriptTransformer.transformSource (node_modules/@jest/transform/build/index.js:402:32)\n      at ScriptTransformer._transformAndBuildScript (node_modules/@jest/transform/build/index.js:519:40)\n      at ScriptTransformer.transform (node_modules/@jest/transform/build/index.js:558:19)\n","name":"D:\\Work\\HR-SM\\server\\testing\\models\\position.model.test.js","startTime":1762712811258,"status":"failed","summary":""},{"assertionResults":[],"coverage":{},"endTime":1762712811258,"message":"  ● Test suite failed to run\n\n    You appear to be using a native ECMAScript module configuration file, which is only supported when running Babel asynchronously or when using the Node.js `--experimental-require-module` flag.\n        at D:\\Work\\HR-SM\\babel.config.js\n\n      at loadPartialConfigSync (node_modules/@babel/core/src/config/index.ts:53:60)\n      at ScriptTransformer._getCacheKey (node_modules/@jest/transform/build/index.js:195:41)\n      at ScriptTransformer._getFileCachePath (node_modules/@jest/transform/build/index.js:231:27)\n      at ScriptTransformer.transformSource (node_modules/@jest/transform/build/index.js:402:32)\n      at ScriptTransformer._transformAndBuildScript (node_modules/@jest/transform/build/index.js:519:40)\n      at ScriptTransformer.transform (node_modules/@jest/transform/build/index.js:558:19)\n","name":"D:\\Work\\HR-SM\\server\\testing\\models\\permissionAudit.model.test.js","startTime":1762712811258,"status":"failed","summary":""},{"assertionResults":[],"coverage":{},"endTime":1762712811258,"message":"  ● Test suite failed to run\n\n    You appear to be using a native ECMAScript module configuration file, which is only supported when running Babel asynchronously or when using the Node.js `--experimental-require-module` flag.\n        at D:\\Work\\HR-SM\\babel.config.js\n\n      at loadPartialConfigSync (node_modules/@babel/core/src/config/index.ts:53:60)\n      at ScriptTransformer._getCacheKey (node_modules/@jest/transform/build/index.js:195:41)\n      at ScriptTransformer._getFileCachePath (node_modules/@jest/transform/build/index.js:231:27)\n      at ScriptTransformer.transformSource (node_modules/@jest/transform/build/index.js:402:32)\n      at ScriptTransformer._transformAndBuildScript (node_modules/@jest/transform/build/index.js:519:40)\n      at ScriptTransformer.transform (node_modules/@jest/transform/build/index.js:558:19)\n","name":"D:\\Work\\HR-SM\\server\\testing\\models\\permission.model.test.js","startTime":1762712811258,"status":"failed","summary":""},{"assertionResults":[],"coverage":{},"endTime":1762712811258,"message":"  ● Test suite failed to run\n\n    You appear to be using a native ECMAScript module configuration file, which is only supported when running Babel asynchronously or when using the Node.js `--experimental-require-module` flag.\n        at D:\\Work\\HR-SM\\babel.config.js\n\n      at loadPartialConfigSync (node_modules/@babel/core/src/config/index.ts:53:60)\n      at ScriptTransformer._getCacheKey (node_modules/@jest/transform/build/index.js:195:41)\n      at ScriptTransformer._getFileCachePath (node_modules/@jest/transform/build/index.js:231:27)\n      at ScriptTransformer.transformSource (node_modules/@jest/transform/build/index.js:402:32)\n      at ScriptTransformer._transformAndBuildScript (node_modules/@jest/transform/build/index.js:519:40)\n      at ScriptTransformer.transform (node_modules/@jest/transform/build/index.js:558:19)\n","name":"D:\\Work\\HR-SM\\server\\testing\\models\\payroll.model.test.js","startTime":1762712811258,"status":"failed","summary":""},{"assertionResults":[],"coverage":{},"endTime":1762712811258,"message":"  ● Test suite failed to run\n\n    You appear to be using a native ECMAScript module configuration file, which is only supported when running Babel asynchronously or when using the Node.js `--experimental-require-module` flag.\n        at D:\\Work\\HR-SM\\babel.config.js\n\n      at loadPartialConfigSync (node_modules/@babel/core/src/config/index.ts:53:60)\n      at ScriptTransformer._getCacheKey (node_modules/@jest/transform/build/index.js:195:41)\n      at ScriptTransformer._getFileCachePath (node_modules/@jest/transform/build/index.js:231:27)\n      at ScriptTransformer.transformSource (node_modules/@jest/transform/build/index.js:402:32)\n      at ScriptTransformer._transformAndBuildScript (node_modules/@jest/transform/build/index.js:519:40)\n      at ScriptTransformer.transform (node_modules/@jest/transform/build/index.js:558:19)\n","name":"D:\\Work\\HR-SM\\server\\testing\\models\\notification.model.test.js","startTime":1762712811258,"status":"failed","summary":""},{"assertionResults":[],"coverage":{},"endTime":1762712811259,"message":"  ● Test suite failed to run\n\n    You appear to be using a native ECMAScript module configuration file, which is only supported when running Babel asynchronously or when using the Node.js `--experimental-require-module` flag.\n        at D:\\Work\\HR-SM\\babel.config.js\n\n      at loadPartialConfigSync (node_modules/@babel/core/src/config/index.ts:53:60)\n      at ScriptTransformer._getCacheKey (node_modules/@jest/transform/build/index.js:195:41)\n      at ScriptTransformer._getFileCachePath (node_modules/@jest/transform/build/index.js:231:27)\n      at ScriptTransformer.transformSource (node_modules/@jest/transform/build/index.js:402:32)\n      at ScriptTransformer._transformAndBuildScript (node_modules/@jest/transform/build/index.js:519:40)\n      at ScriptTransformer.transform (node_modules/@jest/transform/build/index.js:558:19)\n","name":"D:\\Work\\HR-SM\\server\\testing\\models\\mixedVacation.model.test.js","startTime":1762712811259,"status":"failed","summary":""},{"assertionResults":[],"coverage":{},"endTime":1762712811259,"message":"  ● Test suite failed to run\n\n    You appear to be using a native ECMAScript module configuration file, which is only supported when running Babel asynchronously or when using the Node.js `--experimental-require-module` flag.\n        at D:\\Work\\HR-SM\\babel.config.js\n\n      at loadPartialConfigSync (node_modules/@babel/core/src/config/index.ts:53:60)\n      at ScriptTransformer._getCacheKey (node_modules/@jest/transform/build/index.js:195:41)\n      at ScriptTransformer._getFileCachePath (node_modules/@jest/transform/build/index.js:231:27)\n      at ScriptTransformer.transformSource (node_modules/@jest/transform/build/index.js:402:32)\n      at ScriptTransformer._transformAndBuildScript (node_modules/@jest/transform/build/index.js:519:40)\n      at ScriptTransformer.transform (node_modules/@jest/transform/build/index.js:558:19)\n","name":"D:\\Work\\HR-SM\\server\\testing\\models\\leave.model.test.js","startTime":1762712811259,"status":"failed","summary":""},{"assertionResults":[],"coverage":{},"endTime":1762712811260,"message":"  ● Test suite failed to run\n\n    You appear to be using a native ECMAScript module configuration file, which is only supported when running Babel asynchronously or when using the Node.js `--experimental-require-module` flag.\n        at D:\\Work\\HR-SM\\babel.config.js\n\n      at loadPartialConfigSync (node_modules/@babel/core/src/config/index.ts:53:60)\n      at ScriptTransformer._getCacheKey (node_modules/@jest/transform/build/index.js:195:41)\n      at ScriptTransformer._getFileCachePath (node_modules/@jest/transform/build/index.js:231:27)\n      at ScriptTransformer.transformSource (node_modules/@jest/transform/build/index.js:402:32)\n      at ScriptTransformer._transformAndBuildScript (node_modules/@jest/transform/build/index.js:519:40)\n      at ScriptTransformer.transform (node_modules/@jest/transform/build/index.js:558:19)\n","name":"D:\\Work\\HR-SM\\server\\testing\\models\\idCardBatch.model.test.js","startTime":1762712811260,"status":"failed","summary":""},{"assertionResults":[],"coverage":{},"endTime":1762712811260,"message":"  ● Test suite failed to run\n\n    You appear to be using a native ECMAScript module configuration file, which is only supported when running Babel asynchronously or when using the Node.js `--experimental-require-module` flag.\n        at D:\\Work\\HR-SM\\babel.config.js\n\n      at loadPartialConfigSync (node_modules/@babel/core/src/config/index.ts:53:60)\n      at ScriptTransformer._getCacheKey (node_modules/@jest/transform/build/index.js:195:41)\n      at ScriptTransformer._getFileCachePath (node_modules/@jest/transform/build/index.js:231:27)\n      at ScriptTransformer.transformSource (node_modules/@jest/transform/build/index.js:402:32)\n      at ScriptTransformer._transformAndBuildScript (node_modules/@jest/transform/build/index.js:519:40)\n      at ScriptTransformer.transform (node_modules/@jest/transform/build/index.js:558:19)\n","name":"D:\\Work\\HR-SM\\server\\testing\\models\\holiday.model.test.js","startTime":1762712811260,"status":"failed","summary":""},{"assertionResults":[],"coverage":{},"endTime":1762712811260,"message":"  ● Test suite failed to run\n\n    You appear to be using a native ECMAScript module configuration file, which is only supported when running Babel asynchronously or when using the Node.js `--experimental-require-module` flag.\n        at D:\\Work\\HR-SM\\babel.config.js\n\n      at loadPartialConfigSync (node_modules/@babel/core/src/config/index.ts:53:60)\n      at ScriptTransformer._getCacheKey (node_modules/@jest/transform/build/index.js:195:41)\n      at ScriptTransformer._getFileCachePath (node_modules/@jest/transform/build/index.js:231:27)\n      at ScriptTransformer.transformSource (node_modules/@jest/transform/build/index.js:402:32)\n      at ScriptTransformer._transformAndBuildScript (node_modules/@jest/transform/build/index.js:519:40)\n      at ScriptTransformer.transform (node_modules/@jest/transform/build/index.js:558:19)\n","name":"D:\\Work\\HR-SM\\server\\testing\\models\\idCard.model.test.js","startTime":1762712811260,"status":"failed","summary":""},{"assertionResults":[],"coverage":{},"endTime":1762712811260,"message":"  ● Test suite failed to run\n\n    You appear to be using a native ECMAScript module configuration file, which is only supported when running Babel asynchronously or when using the Node.js `--experimental-require-module` flag.\n        at D:\\Work\\HR-SM\\babel.config.js\n\n      at loadPartialConfigSync (node_modules/@babel/core/src/config/index.ts:53:60)\n      at ScriptTransformer._getCacheKey (node_modules/@jest/transform/build/index.js:195:41)\n      at ScriptTransformer._getFileCachePath (node_modules/@jest/transform/build/index.js:231:27)\n      at ScriptTransformer.transformSource (node_modules/@jest/transform/build/index.js:402:32)\n      at ScriptTransformer._transformAndBuildScript (node_modules/@jest/transform/build/index.js:519:40)\n      at ScriptTransformer.transform (node_modules/@jest/transform/build/index.js:558:19)\n","name":"D:\\Work\\HR-SM\\server\\testing\\models\\event.model.test.js","startTime":1762712811260,"status":"failed","summary":""},{"assertionResults":[],"coverage":{},"endTime":1762712811260,"message":"  ● Test suite failed to run\n\n    You appear to be using a native ECMAScript module configuration file, which is only supported when running Babel asynchronously or when using the Node.js `--experimental-require-module` flag.\n        at D:\\Work\\HR-SM\\babel.config.js\n\n      at loadPartialConfigSync (node_modules/@babel/core/src/config/index.ts:53:60)\n      at ScriptTransformer._getCacheKey (node_modules/@jest/transform/build/index.js:195:41)\n      at ScriptTransformer._getFileCachePath (node_modules/@jest/transform/build/index.js:231:27)\n      at ScriptTransformer.transformSource (node_modules/@jest/transform/build/index.js:402:32)\n      at ScriptTransformer._transformAndBuildScript (node_modules/@jest/transform/build/index.js:519:40)\n      at ScriptTransformer.transform (node_modules/@jest/transform/build/index.js:558:19)\n","name":"D:\\Work\\HR-SM\\server\\testing\\models\\documentTemplate.model.test.js","startTime":1762712811260,"status":"failed","summary":""},{"assertionResults":[],"coverage":{},"endTime":1762712811261,"message":"  ● Test suite failed to run\n\n    You appear to be using a native ECMAScript module configuration file, which is only supported when running Babel asynchronously or when using the Node.js `--experimental-require-module` flag.\n        at D:\\Work\\HR-SM\\babel.config.js\n\n      at loadPartialConfigSync (node_modules/@babel/core/src/config/index.ts:53:60)\n      at ScriptTransformer._getCacheKey (node_modules/@jest/transform/build/index.js:195:41)\n      at ScriptTransformer._getFileCachePath (node_modules/@jest/transform/build/index.js:231:27)\n      at ScriptTransformer.transformSource (node_modules/@jest/transform/build/index.js:402:32)\n      at ScriptTransformer._transformAndBuildScript (node_modules/@jest/transform/build/index.js:519:40)\n      at ScriptTransformer.transform (node_modules/@jest/transform/build/index.js:558:19)\n","name":"D:\\Work\\HR-SM\\server\\testing\\models\\document.model.test.js","startTime":1762712811261,"status":"failed","summary":""},{"assertionResults":[],"coverage":{},"endTime":1762712811262,"message":"  ● Test suite failed to run\n\n    You appear to be using a native ECMAScript module configuration file, which is only supported when running Babel asynchronously or when using the Node.js `--experimental-require-module` flag.\n        at D:\\Work\\HR-SM\\babel.config.js\n\n      at loadPartialConfigSync (node_modules/@babel/core/src/config/index.ts:53:60)\n      at ScriptTransformer._getCacheKey (node_modules/@jest/transform/build/index.js:195:41)\n      at ScriptTransformer._getFileCachePath (node_modules/@jest/transform/build/index.js:231:27)\n      at ScriptTransformer.transformSource (node_modules/@jest/transform/build/index.js:402:32)\n      at ScriptTransformer._transformAndBuildScript (node_modules/@jest/transform/build/index.js:519:40)\n      at ScriptTransformer.transform (node_modules/@jest/transform/build/index.js:558:19)\n","name":"D:\\Work\\HR-SM\\server\\testing\\models\\department.model.test.js","startTime":1762712811262,"status":"failed","summary":""},{"assertionResults":[],"coverage":{},"endTime":1762712811262,"message":"  ● Test suite failed to run\n\n    You appear to be using a native ECMAScript module configuration file, which is only supported when running Babel asynchronously or when using the Node.js `--experimental-require-module` flag.\n        at D:\\Work\\HR-SM\\babel.config.js\n\n      at loadPartialConfigSync (node_modules/@babel/core/src/config/index.ts:53:60)\n      at ScriptTransformer._getCacheKey (node_modules/@jest/transform/build/index.js:195:41)\n      at ScriptTransformer._getFileCachePath (node_modules/@jest/transform/build/index.js:231:27)\n      at ScriptTransformer.transformSource (node_modules/@jest/transform/build/index.js:402:32)\n      at ScriptTransformer._transformAndBuildScript (node_modules/@jest/transform/build/index.js:519:40)\n      at ScriptTransformer.transform (node_modules/@jest/transform/build/index.js:558:19)\n","name":"D:\\Work\\HR-SM\\server\\testing\\models\\backupExecution.model.test.js","startTime":1762712811262,"status":"failed","summary":""},{"assertionResults":[],"coverage":{},"endTime":1762712811262,"message":"  ● Test suite failed to run\n\n    You appear to be using a native ECMAScript module configuration file, which is only supported when running Babel asynchronously or when using the Node.js `--experimental-require-module` flag.\n        at D:\\Work\\HR-SM\\babel.config.js\n\n      at loadPartialConfigSync (node_modules/@babel/core/src/config/index.ts:53:60)\n      at ScriptTransformer._getCacheKey (node_modules/@jest/transform/build/index.js:195:41)\n      at ScriptTransformer._getFileCachePath (node_modules/@jest/transform/build/index.js:231:27)\n      at ScriptTransformer.transformSource (node_modules/@jest/transform/build/index.js:402:32)\n      at ScriptTransformer._transformAndBuildScript (node_modules/@jest/transform/build/index.js:519:40)\n      at ScriptTransformer.transform (node_modules/@jest/transform/build/index.js:558:19)\n","name":"D:\\Work\\HR-SM\\server\\testing\\models\\backup.model.test.js","startTime":1762712811262,"status":"failed","summary":""},{"assertionResults":[],"coverage":{},"endTime":1762712811262,"message":"  ● Test suite failed to run\n\n    You appear to be using a native ECMAScript module configuration file, which is only supported when running Babel asynchronously or when using the Node.js `--experimental-require-module` flag.\n        at D:\\Work\\HR-SM\\babel.config.js\n\n      at loadPartialConfigSync (node_modules/@babel/core/src/config/index.ts:53:60)\n      at ScriptTransformer._getCacheKey (node_modules/@jest/transform/build/index.js:195:41)\n      at ScriptTransformer._getFileCachePath (node_modules/@jest/transform/build/index.js:231:27)\n      at ScriptTransformer.transformSource (node_modules/@jest/transform/build/index.js:402:32)\n      at ScriptTransformer._transformAndBuildScript (node_modules/@jest/transform/build/index.js:519:40)\n      at ScriptTransformer.transform (node_modules/@jest/transform/build/index.js:558:19)\n","name":"D:\\Work\\HR-SM\\server\\testing\\models\\attendance.model.test.js","startTime":1762712811262,"status":"failed","summary":""},{"assertionResults":[],"coverage":{},"endTime":1762712811263,"message":"  ● Test suite failed to run\n\n    You appear to be using a native ECMAScript module configuration file, which is only supported when running Babel asynchronously or when using the Node.js `--experimental-require-module` flag.\n        at D:\\Work\\HR-SM\\babel.config.js\n\n      at loadPartialConfigSync (node_modules/@babel/core/src/config/index.ts:53:60)\n      at ScriptTransformer._getCacheKey (node_modules/@jest/transform/build/index.js:195:41)\n      at ScriptTransformer._getFileCachePath (node_modules/@jest/transform/build/index.js:231:27)\n      at ScriptTransformer.transformSource (node_modules/@jest/transform/build/index.js:402:32)\n      at ScriptTransformer._transformAndBuildScript (node_modules/@jest/transform/build/index.js:519:40)\n      at ScriptTransformer.transform (node_modules/@jest/transform/build/index.js:558:19)\n","name":"D:\\Work\\HR-SM\\server\\testing\\models\\announcement.model.test.js","startTime":1762712811263,"status":"failed","summary":""},{"assertionResults":[],"coverage":{},"endTime":1762712811263,"message":"  ● Test suite failed to run\n\n    You appear to be using a native ECMAScript module configuration file, which is only supported when running Babel asynchronously or when using the Node.js `--experimental-require-module` flag.\n        at D:\\Work\\HR-SM\\babel.config.js\n\n      at loadPartialConfigSync (node_modules/@babel/core/src/config/index.ts:53:60)\n      at ScriptTransformer._getCacheKey (node_modules/@jest/transform/build/index.js:195:41)\n      at ScriptTransformer._getFileCachePath (node_modules/@jest/transform/build/index.js:231:27)\n      at ScriptTransformer.transformSource (node_modules/@jest/transform/build/index.js:402:32)\n      at ScriptTransformer._transformAndBuildScript (node_modules/@jest/transform/build/index.js:519:40)\n      at ScriptTransformer.transform (node_modules/@jest/transform/build/index.js:558:19)\n","name":"D:\\Work\\HR-SM\\server\\testing\\controllers\\user.controller.test.js","startTime":1762712811263,"status":"failed","summary":""},{"assertionResults":[],"coverage":{},"endTime":1762712811263,"message":"  ● Test suite failed to run\n\n    You appear to be using a native ECMAScript module configuration file, which is only supported when running Babel asynchronously or when using the Node.js `--experimental-require-module` flag.\n        at D:\\Work\\HR-SM\\babel.config.js\n\n      at loadPartialConfigSync (node_modules/@babel/core/src/config/index.ts:53:60)\n      at ScriptTransformer._getCacheKey (node_modules/@jest/transform/build/index.js:195:41)\n      at ScriptTransformer._getFileCachePath (node_modules/@jest/transform/build/index.js:231:27)\n      at ScriptTransformer.transformSource (node_modules/@jest/transform/build/index.js:402:32)\n      at ScriptTransformer._transformAndBuildScript (node_modules/@jest/transform/build/index.js:519:40)\n      at ScriptTransformer.transform (node_modules/@jest/transform/build/index.js:558:19)\n","name":"D:\\Work\\HR-SM\\server\\testing\\controllers\\surveyNotification.controller.test.js","startTime":1762712811263,"status":"failed","summary":""},{"assertionResults":[],"coverage":{},"endTime":1762712811264,"message":"  ● Test suite failed to run\n\n    You appear to be using a native ECMAScript module configuration file, which is only supported when running Babel asynchronously or when using the Node.js `--experimental-require-module` flag.\n        at D:\\Work\\HR-SM\\babel.config.js\n\n      at loadPartialConfigSync (node_modules/@babel/core/src/config/index.ts:53:60)\n      at ScriptTransformer._getCacheKey (node_modules/@jest/transform/build/index.js:195:41)\n      at ScriptTransformer._getFileCachePath (node_modules/@jest/transform/build/index.js:231:27)\n      at ScriptTransformer.transformSource (node_modules/@jest/transform/build/index.js:402:32)\n      at ScriptTransformer._transformAndBuildScript (node_modules/@jest/transform/build/index.js:519:40)\n      at ScriptTransformer.transform (node_modules/@jest/transform/build/index.js:558:19)\n","name":"D:\\Work\\HR-SM\\server\\testing\\controllers\\survey.controller.test.js","startTime":1762712811264,"status":"failed","summary":""},{"assertionResults":[],"coverage":{},"endTime":1762712811264,"message":"  ● Test suite failed to run\n\n    You appear to be using a native ECMAScript module configuration file, which is only supported when running Babel asynchronously or when using the Node.js `--experimental-require-module` flag.\n        at D:\\Work\\HR-SM\\babel.config.js\n\n      at loadPartialConfigSync (node_modules/@babel/core/src/config/index.ts:53:60)\n      at ScriptTransformer._getCacheKey (node_modules/@jest/transform/build/index.js:195:41)\n      at ScriptTransformer._getFileCachePath (node_modules/@jest/transform/build/index.js:231:27)\n      at ScriptTransformer.transformSource (node_modules/@jest/transform/build/index.js:402:32)\n      at ScriptTransformer._transformAndBuildScript (node_modules/@jest/transform/build/index.js:519:40)\n      at ScriptTransformer.transform (node_modules/@jest/transform/build/index.js:558:19)\n","name":"D:\\Work\\HR-SM\\server\\testing\\controllers\\securitySettings.controller.test.js","startTime":1762712811264,"status":"failed","summary":""},{"assertionResults":[],"coverage":{},"endTime":1762712811265,"message":"  ● Test suite failed to run\n\n    You appear to be using a native ECMAScript module configuration file, which is only supported when running Babel asynchronously or when using the Node.js `--experimental-require-module` flag.\n        at D:\\Work\\HR-SM\\babel.config.js\n\n      at loadPartialConfigSync (node_modules/@babel/core/src/config/index.ts:53:60)\n      at ScriptTransformer._getCacheKey (node_modules/@jest/transform/build/index.js:195:41)\n      at ScriptTransformer._getFileCachePath (node_modules/@jest/transform/build/index.js:231:27)\n      at ScriptTransformer.transformSource (node_modules/@jest/transform/build/index.js:402:32)\n      at ScriptTransformer._transformAndBuildScript (node_modules/@jest/transform/build/index.js:519:40)\n      at ScriptTransformer.transform (node_modules/@jest/transform/build/index.js:558:19)\n","name":"D:\\Work\\HR-SM\\server\\testing\\controllers\\securityAudit.controller.test.js","startTime":1762712811265,"status":"failed","summary":""},{"assertionResults":[],"coverage":{},"endTime":1762712811265,"message":"  ● Test suite failed to run\n\n    You appear to be using a native ECMAScript module configuration file, which is only supported when running Babel asynchronously or when using the Node.js `--experimental-require-module` flag.\n        at D:\\Work\\HR-SM\\babel.config.js\n\n      at loadPartialConfigSync (node_modules/@babel/core/src/config/index.ts:53:60)\n      at ScriptTransformer._getCacheKey (node_modules/@jest/transform/build/index.js:195:41)\n      at ScriptTransformer._getFileCachePath (node_modules/@jest/transform/build/index.js:231:27)\n      at ScriptTransformer.transformSource (node_modules/@jest/transform/build/index.js:402:32)\n      at ScriptTransformer._transformAndBuildScript (node_modules/@jest/transform/build/index.js:519:40)\n      at ScriptTransformer.transform (node_modules/@jest/transform/build/index.js:558:19)\n","name":"D:\\Work\\HR-SM\\server\\testing\\controllers\\school.controller.test.js","startTime":1762712811265,"status":"failed","summary":""},{"assertionResults":[],"coverage":{},"endTime":1762712811265,"message":"  ● Test suite failed to run\n\n    You appear to be using a native ECMAScript module configuration file, which is only supported when running Babel asynchronously or when using the Node.js `--experimental-require-module` flag.\n        at D:\\Work\\HR-SM\\babel.config.js\n\n      at loadPartialConfigSync (node_modules/@babel/core/src/config/index.ts:53:60)\n      at ScriptTransformer._getCacheKey (node_modules/@jest/transform/build/index.js:195:41)\n      at ScriptTransformer._getFileCachePath (node_modules/@jest/transform/build/index.js:231:27)\n      at ScriptTransformer.transformSource (node_modules/@jest/transform/build/index.js:402:32)\n      at ScriptTransformer._transformAndBuildScript (node_modules/@jest/transform/build/index.js:519:40)\n      at ScriptTransformer.transform (node_modules/@jest/transform/build/index.js:558:19)\n","name":"D:\\Work\\HR-SM\\server\\testing\\controllers\\resignedEmployee.controller.test.js","startTime":1762712811265,"status":"failed","summary":""},{"assertionResults":[],"coverage":{},"endTime":1762712811265,"message":"  ● Test suite failed to run\n\n    You appear to be using a native ECMAScript module configuration file, which is only supported when running Babel asynchronously or when using the Node.js `--experimental-require-module` flag.\n        at D:\\Work\\HR-SM\\babel.config.js\n\n      at loadPartialConfigSync (node_modules/@babel/core/src/config/index.ts:53:60)\n      at ScriptTransformer._getCacheKey (node_modules/@jest/transform/build/index.js:195:41)\n      at ScriptTransformer._getFileCachePath (node_modules/@jest/transform/build/index.js:231:27)\n      at ScriptTransformer.transformSource (node_modules/@jest/transform/build/index.js:402:32)\n      at ScriptTransformer._transformAndBuildScript (node_modules/@jest/transform/build/index.js:519:40)\n      at ScriptTransformer.transform (node_modules/@jest/transform/build/index.js:558:19)\n","name":"D:\\Work\\HR-SM\\server\\testing\\controllers\\request.controller.test.js","startTime":1762712811265,"status":"failed","summary":""},{"assertionResults":[],"coverage":{},"endTime":1762712811266,"message":"  ● Test suite failed to run\n\n    You appear to be using a native ECMAScript module configuration file, which is only supported when running Babel asynchronously or when using the Node.js `--experimental-require-module` flag.\n        at D:\\Work\\HR-SM\\babel.config.js\n\n      at loadPartialConfigSync (node_modules/@babel/core/src/config/index.ts:53:60)\n      at ScriptTransformer._getCacheKey (node_modules/@jest/transform/build/index.js:195:41)\n      at ScriptTransformer._getFileCachePath (node_modules/@jest/transform/build/index.js:231:27)\n      at ScriptTransformer.transformSource (node_modules/@jest/transform/build/index.js:402:32)\n      at ScriptTransformer._transformAndBuildScript (node_modules/@jest/transform/build/index.js:519:40)\n      at ScriptTransformer.transform (node_modules/@jest/transform/build/index.js:558:19)\n","name":"D:\\Work\\HR-SM\\server\\testing\\controllers\\report.controller.test.js","startTime":1762712811266,"status":"failed","summary":""},{"assertionResults":[],"coverage":{},"endTime":1762712811266,"message":"  ● Test suite failed to run\n\n    You appear to be using a native ECMAScript module configuration file, which is only supported when running Babel asynchronously or when using the Node.js `--experimental-require-module` flag.\n        at D:\\Work\\HR-SM\\babel.config.js\n\n      at loadPartialConfigSync (node_modules/@babel/core/src/config/index.ts:53:60)\n      at ScriptTransformer._getCacheKey (node_modules/@jest/transform/build/index.js:195:41)\n      at ScriptTransformer._getFileCachePath (node_modules/@jest/transform/build/index.js:231:27)\n      at ScriptTransformer.transformSource (node_modules/@jest/transform/build/index.js:402:32)\n      at ScriptTransformer._transformAndBuildScript (node_modules/@jest/transform/build/index.js:519:40)\n      at ScriptTransformer.transform (node_modules/@jest/transform/build/index.js:558:19)\n","name":"D:\\Work\\HR-SM\\server\\testing\\controllers\\position.controller.test.js","startTime":1762712811266,"status":"failed","summary":""},{"assertionResults":[],"coverage":{},"endTime":1762712811266,"message":"  ● Test suite failed to run\n\n    You appear to be using a native ECMAScript module configuration file, which is only supported when running Babel asynchronously or when using the Node.js `--experimental-require-module` flag.\n        at D:\\Work\\HR-SM\\babel.config.js\n\n      at loadPartialConfigSync (node_modules/@babel/core/src/config/index.ts:53:60)\n      at ScriptTransformer._getCacheKey (node_modules/@jest/transform/build/index.js:195:41)\n      at ScriptTransformer._getFileCachePath (node_modules/@jest/transform/build/index.js:231:27)\n      at ScriptTransformer.transformSource (node_modules/@jest/transform/build/index.js:402:32)\n      at ScriptTransformer._transformAndBuildScript (node_modules/@jest/transform/build/index.js:519:40)\n      at ScriptTransformer.transform (node_modules/@jest/transform/build/index.js:558:19)\n","name":"D:\\Work\\HR-SM\\server\\testing\\controllers\\permissionAudit.controller.test.js","startTime":1762712811266,"status":"failed","summary":""},{"assertionResults":[],"coverage":{},"endTime":1762712811267,"message":"  ● Test suite failed to run\n\n    You appear to be using a native ECMAScript module configuration file, which is only supported when running Babel asynchronously or when using the Node.js `--experimental-require-module` flag.\n        at D:\\Work\\HR-SM\\babel.config.js\n\n      at loadPartialConfigSync (node_modules/@babel/core/src/config/index.ts:53:60)\n      at ScriptTransformer._getCacheKey (node_modules/@jest/transform/build/index.js:195:41)\n      at ScriptTransformer._getFileCachePath (node_modules/@jest/transform/build/index.js:231:27)\n      at ScriptTransformer.transformSource (node_modules/@jest/transform/build/index.js:402:32)\n      at ScriptTransformer._transformAndBuildScript (node_modules/@jest/transform/build/index.js:519:40)\n      at ScriptTransformer.transform (node_modules/@jest/transform/build/index.js:558:19)\n","name":"D:\\Work\\HR-SM\\server\\testing\\controllers\\permission.controller.test.js","startTime":1762712811267,"status":"failed","summary":""},{"assertionResults":[],"coverage":{},"endTime":1762712811267,"message":"  ● Test suite failed to run\n\n    You appear to be using a native ECMAScript module configuration file, which is only supported when running Babel asynchronously or when using the Node.js `--experimental-require-module` flag.\n        at D:\\Work\\HR-SM\\babel.config.js\n\n      at loadPartialConfigSync (node_modules/@babel/core/src/config/index.ts:53:60)\n      at ScriptTransformer._getCacheKey (node_modules/@jest/transform/build/index.js:195:41)\n      at ScriptTransformer._getFileCachePath (node_modules/@jest/transform/build/index.js:231:27)\n      at ScriptTransformer.transformSource (node_modules/@jest/transform/build/index.js:402:32)\n      at ScriptTransformer._transformAndBuildScript (node_modules/@jest/transform/build/index.js:519:40)\n      at ScriptTransformer.transform (node_modules/@jest/transform/build/index.js:558:19)\n","name":"D:\\Work\\HR-SM\\server\\testing\\controllers\\payroll.controller.test.js","startTime":1762712811267,"status":"failed","summary":""},{"assertionResults":[],"coverage":{},"endTime":1762712811267,"message":"  ● Test suite failed to run\n\n    You appear to be using a native ECMAScript module configuration file, which is only supported when running Babel asynchronously or when using the Node.js `--experimental-require-module` flag.\n        at D:\\Work\\HR-SM\\babel.config.js\n\n      at loadPartialConfigSync (node_modules/@babel/core/src/config/index.ts:53:60)\n      at ScriptTransformer._getCacheKey (node_modules/@jest/transform/build/index.js:195:41)\n      at ScriptTransformer._getFileCachePath (node_modules/@jest/transform/build/index.js:231:27)\n      at ScriptTransformer.transformSource (node_modules/@jest/transform/build/index.js:402:32)\n      at ScriptTransformer._transformAndBuildScript (node_modules/@jest/transform/build/index.js:519:40)\n      at ScriptTransformer.transform (node_modules/@jest/transform/build/index.js:558:19)\n","name":"D:\\Work\\HR-SM\\server\\testing\\controllers\\notification.controller.test.js","startTime":1762712811267,"status":"failed","summary":""},{"assertionResults":[],"coverage":{},"endTime":1762712811267,"message":"  ● Test suite failed to run\n\n    You appear to be using a native ECMAScript module configuration file, which is only supported when running Babel asynchronously or when using the Node.js `--experimental-require-module` flag.\n        at D:\\Work\\HR-SM\\babel.config.js\n\n      at loadPartialConfigSync (node_modules/@babel/core/src/config/index.ts:53:60)\n      at ScriptTransformer._getCacheKey (node_modules/@jest/transform/build/index.js:195:41)\n      at ScriptTransformer._getFileCachePath (node_modules/@jest/transform/build/index.js:231:27)\n      at ScriptTransformer.transformSource (node_modules/@jest/transform/build/index.js:402:32)\n      at ScriptTransformer._transformAndBuildScript (node_modules/@jest/transform/build/index.js:519:40)\n      at ScriptTransformer.transform (node_modules/@jest/transform/build/index.js:558:19)\n","name":"D:\\Work\\HR-SM\\server\\testing\\controllers\\mixedVacation.controller.test.js","startTime":1762712811267,"status":"failed","summary":""},{"assertionResults":[],"coverage":{},"endTime":1762712811267,"message":"  ● Test suite failed to run\n\n    You appear to be using a native ECMAScript module configuration file, which is only supported when running Babel asynchronously or when using the Node.js `--experimental-require-module` flag.\n        at D:\\Work\\HR-SM\\babel.config.js\n\n      at loadPartialConfigSync (node_modules/@babel/core/src/config/index.ts:53:60)\n      at ScriptTransformer._getCacheKey (node_modules/@jest/transform/build/index.js:195:41)\n      at ScriptTransformer._getFileCachePath (node_modules/@jest/transform/build/index.js:231:27)\n      at ScriptTransformer.transformSource (node_modules/@jest/transform/build/index.js:402:32)\n      at ScriptTransformer._transformAndBuildScript (node_modules/@jest/transform/build/index.js:519:40)\n      at ScriptTransformer.transform (node_modules/@jest/transform/build/index.js:558:19)\n","name":"D:\\Work\\HR-SM\\server\\testing\\controllers\\leave.controller.test.js","startTime":1762712811267,"status":"failed","summary":""},{"assertionResults":[],"coverage":{},"endTime":1762712811268,"message":"  ● Test suite failed to run\n\n    You appear to be using a native ECMAScript module configuration file, which is only supported when running Babel asynchronously or when using the Node.js `--experimental-require-module` flag.\n        at D:\\Work\\HR-SM\\babel.config.js\n\n      at loadPartialConfigSync (node_modules/@babel/core/src/config/index.ts:53:60)\n      at ScriptTransformer._getCacheKey (node_modules/@jest/transform/build/index.js:195:41)\n      at ScriptTransformer._getFileCachePath (node_modules/@jest/transform/build/index.js:231:27)\n      at ScriptTransformer.transformSource (node_modules/@jest/transform/build/index.js:402:32)\n      at ScriptTransformer._transformAndBuildScript (node_modules/@jest/transform/build/index.js:519:40)\n      at ScriptTransformer.transform (node_modules/@jest/transform/build/index.js:558:19)\n","name":"D:\\Work\\HR-SM\\server\\testing\\controllers\\holiday.controller.test.js","startTime":1762712811268,"status":"failed","summary":""},{"assertionResults":[],"coverage":{},"endTime":1762712811268,"message":"  ● Test suite failed to run\n\n    You appear to be using a native ECMAScript module configuration file, which is only supported when running Babel asynchronously or when using the Node.js `--experimental-require-module` flag.\n        at D:\\Work\\HR-SM\\babel.config.js\n\n      at loadPartialConfigSync (node_modules/@babel/core/src/config/index.ts:53:60)\n      at ScriptTransformer._getCacheKey (node_modules/@jest/transform/build/index.js:195:41)\n      at ScriptTransformer._getFileCachePath (node_modules/@jest/transform/build/index.js:231:27)\n      at ScriptTransformer.transformSource (node_modules/@jest/transform/build/index.js:402:32)\n      at ScriptTransformer._transformAndBuildScript (node_modules/@jest/transform/build/index.js:519:40)\n      at ScriptTransformer.transform (node_modules/@jest/transform/build/index.js:558:19)\n","name":"D:\\Work\\HR-SM\\server\\testing\\controllers\\event.controller.test.js","startTime":1762712811268,"status":"failed","summary":""},{"assertionResults":[],"coverage":{},"endTime":1762712811269,"message":"  ● Test suite failed to run\n\n    You appear to be using a native ECMAScript module configuration file, which is only supported when running Babel asynchronously or when using the Node.js `--experimental-require-module` flag.\n        at D:\\Work\\HR-SM\\babel.config.js\n\n      at loadPartialConfigSync (node_modules/@babel/core/src/config/index.ts:53:60)\n      at ScriptTransformer._getCacheKey (node_modules/@jest/transform/build/index.js:195:41)\n      at ScriptTransformer._getFileCachePath (node_modules/@jest/transform/build/index.js:231:27)\n      at ScriptTransformer.transformSource (node_modules/@jest/transform/build/index.js:402:32)\n      at ScriptTransformer._transformAndBuildScript (node_modules/@jest/transform/build/index.js:519:40)\n      at ScriptTransformer.transform (node_modules/@jest/transform/build/index.js:558:19)\n","name":"D:\\Work\\HR-SM\\server\\testing\\controllers\\documentTemplate.controller.test.js","startTime":1762712811269,"status":"failed","summary":""},{"assertionResults":[],"coverage":{},"endTime":1762712811269,"message":"  ● Test suite failed to run\n\n    You appear to be using a native ECMAScript module configuration file, which is only supported when running Babel asynchronously or when using the Node.js `--experimental-require-module` flag.\n        at D:\\Work\\HR-SM\\babel.config.js\n\n      at loadPartialConfigSync (node_modules/@babel/core/src/config/index.ts:53:60)\n      at ScriptTransformer._getCacheKey (node_modules/@jest/transform/build/index.js:195:41)\n      at ScriptTransformer._getFileCachePath (node_modules/@jest/transform/build/index.js:231:27)\n      at ScriptTransformer.transformSource (node_modules/@jest/transform/build/index.js:402:32)\n      at ScriptTransformer._transformAndBuildScript (node_modules/@jest/transform/build/index.js:519:40)\n      at ScriptTransformer.transform (node_modules/@jest/transform/build/index.js:558:19)\n","name":"D:\\Work\\HR-SM\\server\\testing\\controllers\\document.controller.test.js","startTime":1762712811269,"status":"failed","summary":""},{"assertionResults":[],"coverage":{},"endTime":1762712811269,"message":"  ● Test suite failed to run\n\n    You appear to be using a native ECMAScript module configuration file, which is only supported when running Babel asynchronously or when using the Node.js `--experimental-require-module` flag.\n        at D:\\Work\\HR-SM\\babel.config.js\n\n      at loadPartialConfigSync (node_modules/@babel/core/src/config/index.ts:53:60)\n      at ScriptTransformer._getCacheKey (node_modules/@jest/transform/build/index.js:195:41)\n      at ScriptTransformer._getFileCachePath (node_modules/@jest/transform/build/index.js:231:27)\n      at ScriptTransformer.transformSource (node_modules/@jest/transform/build/index.js:402:32)\n      at ScriptTransformer._transformAndBuildScript (node_modules/@jest/transform/build/index.js:519:40)\n      at ScriptTransformer.transform (node_modules/@jest/transform/build/index.js:558:19)\n","name":"D:\\Work\\HR-SM\\server\\testing\\controllers\\department.controller.test.js","startTime":1762712811269,"status":"failed","summary":""},{"assertionResults":[],"coverage":{},"endTime":1762712811269,"message":"  ● Test suite failed to run\n\n    You appear to be using a native ECMAScript module configuration file, which is only supported when running Babel asynchronously or when using the Node.js `--experimental-require-module` flag.\n        at D:\\Work\\HR-SM\\babel.config.js\n\n      at loadPartialConfigSync (node_modules/@babel/core/src/config/index.ts:53:60)\n      at ScriptTransformer._getCacheKey (node_modules/@jest/transform/build/index.js:195:41)\n      at ScriptTransformer._getFileCachePath (node_modules/@jest/transform/build/index.js:231:27)\n      at ScriptTransformer.transformSource (node_modules/@jest/transform/build/index.js:402:32)\n      at ScriptTransformer._transformAndBuildScript (node_modules/@jest/transform/build/index.js:519:40)\n      at ScriptTransformer.transform (node_modules/@jest/transform/build/index.js:558:19)\n","name":"D:\\Work\\HR-SM\\server\\testing\\controllers\\backupExecution.controller.test.js","startTime":1762712811269,"status":"failed","summary":""},{"assertionResults":[],"coverage":{},"endTime":1762712811269,"message":"  ● Test suite failed to run\n\n    You appear to be using a native ECMAScript module configuration file, which is only supported when running Babel asynchronously or when using the Node.js `--experimental-require-module` flag.\n        at D:\\Work\\HR-SM\\babel.config.js\n\n      at loadPartialConfigSync (node_modules/@babel/core/src/config/index.ts:53:60)\n      at ScriptTransformer._getCacheKey (node_modules/@jest/transform/build/index.js:195:41)\n      at ScriptTransformer._getFileCachePath (node_modules/@jest/transform/build/index.js:231:27)\n      at ScriptTransformer.transformSource (node_modules/@jest/transform/build/index.js:402:32)\n      at ScriptTransformer._transformAndBuildScript (node_modules/@jest/transform/build/index.js:519:40)\n      at ScriptTransformer.transform (node_modules/@jest/transform/build/index.js:558:19)\n","name":"D:\\Work\\HR-SM\\server\\testing\\controllers\\backup.controller.test.js","startTime":1762712811269,"status":"failed","summary":""},{"assertionResults":[],"coverage":{},"endTime":1762712811269,"message":"  ● Test suite failed to run\n\n    You appear to be using a native ECMAScript module configuration file, which is only supported when running Babel asynchronously or when using the Node.js `--experimental-require-module` flag.\n        at D:\\Work\\HR-SM\\babel.config.js\n\n      at loadPartialConfigSync (node_modules/@babel/core/src/config/index.ts:53:60)\n      at ScriptTransformer._getCacheKey (node_modules/@jest/transform/build/index.js:195:41)\n      at ScriptTransformer._getFileCachePath (node_modules/@jest/transform/build/index.js:231:27)\n      at ScriptTransformer.transformSource (node_modules/@jest/transform/build/index.js:402:32)\n      at ScriptTransformer._transformAndBuildScript (node_modules/@jest/transform/build/index.js:519:40)\n      at ScriptTransformer.transform (node_modules/@jest/transform/build/index.js:558:19)\n","name":"D:\\Work\\HR-SM\\server\\testing\\controllers\\attendance.controller.test.js","startTime":1762712811269,"status":"failed","summary":""},{"assertionResults":[],"coverage":{},"endTime":1762712811270,"message":"  ● Test suite failed to run\n\n    You appear to be using a native ECMAScript module configuration file, which is only supported when running Babel asynchronously or when using the Node.js `--experimental-require-module` flag.\n        at D:\\Work\\HR-SM\\babel.config.js\n\n      at loadPartialConfigSync (node_modules/@babel/core/src/config/index.ts:53:60)\n      at ScriptTransformer._getCacheKey (node_modules/@jest/transform/build/index.js:195:41)\n      at ScriptTransformer._getFileCachePath (node_modules/@jest/transform/build/index.js:231:27)\n      at ScriptTransformer.transformSource (node_modules/@jest/transform/build/index.js:402:32)\n      at ScriptTransformer._transformAndBuildScript (node_modules/@jest/transform/build/index.js:519:40)\n      at ScriptTransformer.transform (node_modules/@jest/transform/build/index.js:558:19)\n","name":"D:\\Work\\HR-SM\\server\\testing\\controllers\\analytics.controller.test.js","startTime":1762712811270,"status":"failed","summary":""},{"assertionResults":[],"coverage":{},"endTime":1762712811270,"message":"  ● Test suite failed to run\n\n    You appear to be using a native ECMAScript module configuration file, which is only supported when running Babel asynchronously or when using the Node.js `--experimental-require-module` flag.\n        at D:\\Work\\HR-SM\\babel.config.js\n\n      at loadPartialConfigSync (node_modules/@babel/core/src/config/index.ts:53:60)\n      at ScriptTransformer._getCacheKey (node_modules/@jest/transform/build/index.js:195:41)\n      at ScriptTransformer._getFileCachePath (node_modules/@jest/transform/build/index.js:231:27)\n      at ScriptTransformer.transformSource (node_modules/@jest/transform/build/index.js:402:32)\n      at ScriptTransformer._transformAndBuildScript (node_modules/@jest/transform/build/index.js:519:40)\n      at ScriptTransformer.transform (node_modules/@jest/transform/build/index.js:558:19)\n","name":"D:\\Work\\HR-SM\\server\\testing\\controllers\\announcement.controller.test.js","startTime":1762712811270,"status":"failed","summary":""}],"wasInterrupted":false}
