{"numFailedTestSuites":1,"numFailedTests":1,"numPassedTestSuites":82,"numPassedTests":1101,"numPendingTestSuites":0,"numPendingTests":0,"numRuntimeErrorTestSuites":0,"numTodoTests":0,"numTotalTestSuites":83,"numTotalTests":1102,"openHandles":[],"snapshot":{"added":0,"didUpdate":false,"failure":false,"filesAdded":0,"filesRemoved":0,"filesRemovedList":[],"filesUnmatched":0,"filesUpdated":0,"matched":0,"total":0,"unchecked":0,"uncheckedKeysByFile":[],"unmatched":0,"updated":0},"startTime":1762769498139,"success":false,"testResults":[{"assertionResults":[{"ancestorTitles":["ResignedEmployee Model"],"duration":427,"failing":false,"failureDetails":[],"failureMessages":[],"fullName":"ResignedEmployee Model should create a new resigned employee record with required fields","invocations":1,"location":null,"numPassingAsserts":6,"retryReasons":[],"startAt":1762769501766,"status":"passed","title":"should create a new resigned employee record with required fields"},{"ancestorTitles":["ResignedEmployee Model"],"duration":312,"failing":false,"failureDetails":[],"failureMessages":[],"fullName":"ResignedEmployee Model should validate resignationType enum values","invocations":1,"location":null,"numPassingAsserts":3,"retryReasons":[],"startAt":1762769502194,"status":"passed","title":"should validate resignationType enum values"},{"ancestorTitles":["ResignedEmployee Model"],"duration":289,"failing":false,"failureDetails":[],"failureMessages":[],"fullName":"ResignedEmployee Model should validate status enum values","invocations":1,"location":null,"numPassingAsserts":4,"retryReasons":[],"startAt":1762769502506,"status":"passed","title":"should validate status enum values"},{"ancestorTitles":["ResignedEmployee Model"],"duration":259,"failing":false,"failureDetails":[],"failureMessages":[],"fullName":"ResignedEmployee Model should calculate virtual properties correctly","invocations":1,"location":null,"numPassingAsserts":2,"retryReasons":[],"startAt":1762769502795,"status":"passed","title":"should calculate virtual properties correctly"},{"ancestorTitles":["ResignedEmployee Model"],"duration":303,"failing":false,"failureDetails":[],"failureMessages":[],"fullName":"ResignedEmployee Model should add penalties to resigned employee record","invocations":1,"location":null,"numPassingAsserts":7,"retryReasons":[],"startAt":1762769503054,"status":"passed","title":"should add penalties to resigned employee record"},{"ancestorTitles":["ResignedEmployee Model"],"duration":334,"failing":false,"failureDetails":[],"failureMessages":[],"fullName":"ResignedEmployee Model should remove penalties from resigned employee record","invocations":1,"location":null,"numPassingAsserts":4,"retryReasons":[],"startAt":1762769503357,"status":"passed","title":"should remove penalties from resigned employee record"},{"ancestorTitles":["ResignedEmployee Model"],"duration":268,"failing":false,"failureDetails":[],"failureMessages":[],"fullName":"ResignedEmployee Model should prevent modifying penalties after locking","invocations":1,"location":null,"numPassingAsserts":2,"retryReasons":[],"startAt":1762769503691,"status":"passed","title":"should prevent modifying penalties after locking"},{"ancestorTitles":["ResignedEmployee Model"],"duration":275,"failing":false,"failureDetails":[],"failureMessages":[],"fullName":"ResignedEmployee Model should update resignation type","invocations":1,"location":null,"numPassingAsserts":1,"retryReasons":[],"startAt":1762769503959,"status":"passed","title":"should update resignation type"},{"ancestorTitles":["ResignedEmployee Model"],"duration":264,"failing":false,"failureDetails":[],"failureMessages":[],"fullName":"ResignedEmployee Model should lock resigned employee record","invocations":1,"location":null,"numPassingAsserts":3,"retryReasons":[],"startAt":1762769504234,"status":"passed","title":"should lock resigned employee record"},{"ancestorTitles":["ResignedEmployee Model"],"duration":281,"failing":false,"failureDetails":[],"failureMessages":[],"fullName":"ResignedEmployee Model should generate resignation letter","invocations":1,"location":null,"numPassingAsserts":6,"retryReasons":[],"startAt":1762769504498,"status":"passed","title":"should generate resignation letter"},{"ancestorTitles":["ResignedEmployee Model"],"duration":259,"failing":false,"failureDetails":[],"failureMessages":[],"fullName":"ResignedEmployee Model should generate termination letter","invocations":1,"location":null,"numPassingAsserts":5,"retryReasons":[],"startAt":1762769504779,"status":"passed","title":"should generate termination letter"},{"ancestorTitles":["ResignedEmployee Model"],"duration":397,"failing":false,"failureDetails":[],"failureMessages":[],"fullName":"ResignedEmployee Model should find all resigned employees","invocations":1,"location":null,"numPassingAsserts":4,"retryReasons":[],"startAt":1762769505038,"status":"passed","title":"should find all resigned employees"},{"ancestorTitles":["ResignedEmployee Model"],"duration":261,"failing":false,"failureDetails":[],"failureMessages":[],"fullName":"ResignedEmployee Model should auto-lock records after 24 hours","invocations":1,"location":null,"numPassingAsserts":2,"retryReasons":[],"startAt":1762769505435,"status":"passed","title":"should auto-lock records after 24 hours"},{"ancestorTitles":["ResignedEmployee Model"],"duration":250,"failing":false,"failureDetails":[],"failureMessages":[],"fullName":"ResignedEmployee Model should convert numbers to Arabic numerals","invocations":1,"location":null,"numPassingAsserts":3,"retryReasons":[],"startAt":1762769505696,"status":"passed","title":"should convert numbers to Arabic numerals"},{"ancestorTitles":["ResignedEmployee Model"],"duration":269,"failing":false,"failureDetails":[],"failureMessages":[],"fullName":"ResignedEmployee Model should handle letter generation with no penalties","invocations":1,"location":null,"numPassingAsserts":3,"retryReasons":[],"startAt":1762769505946,"status":"passed","title":"should handle letter generation with no penalties"}],"endTime":1762769506301,"message":"","name":"D:\\Work\\HR-SM\\server\\testing\\models\\resignedEmployee.model.test.js","startTime":1762769498730,"status":"passed","summary":""},{"assertionResults":[{"ancestorTitles":["Survey Model"],"duration":392,"failing":false,"failureDetails":[],"failureMessages":[],"fullName":"Survey Model should create a new survey with required fields","invocations":1,"location":null,"numPassingAsserts":5,"retryReasons":[],"startAt":1762769501765,"status":"passed","title":"should create a new survey with required fields"},{"ancestorTitles":["Survey Model"],"duration":281,"failing":false,"failureDetails":[],"failureMessages":[],"fullName":"Survey Model should validate surveyType enum values","invocations":1,"location":null,"numPassingAsserts":8,"retryReasons":[],"startAt":1762769502158,"status":"passed","title":"should validate surveyType enum values"},{"ancestorTitles":["Survey Model"],"duration":277,"failing":false,"failureDetails":[],"failureMessages":[],"fullName":"Survey Model should validate question types","invocations":1,"location":null,"numPassingAsserts":9,"retryReasons":[],"startAt":1762769502439,"status":"passed","title":"should validate question types"},{"ancestorTitles":["Survey Model"],"duration":287,"failing":false,"failureDetails":[],"failureMessages":[],"fullName":"Survey Model should validate user roles","invocations":1,"location":null,"numPassingAsserts":9,"retryReasons":[],"startAt":1762769502716,"status":"passed","title":"should validate user roles"},{"ancestorTitles":["Survey Model"],"duration":270,"failing":false,"failureDetails":[],"failureMessages":[],"fullName":"Survey Model should calculate virtual properties correctly","invocations":1,"location":null,"numPassingAsserts":1,"retryReasons":[],"startAt":1762769503004,"status":"passed","title":"should calculate virtual properties correctly"},{"ancestorTitles":["Survey Model"],"duration":292,"failing":false,"failureDetails":[],"failureMessages":[],"fullName":"Survey Model should handle inactive surveys","invocations":1,"location":null,"numPassingAsserts":1,"retryReasons":[],"startAt":1762769503274,"status":"passed","title":"should handle inactive surveys"},{"ancestorTitles":["Survey Model"],"duration":295,"failing":false,"failureDetails":[],"failureMessages":[],"fullName":"Survey Model should check if user has responded","invocations":1,"location":null,"numPassingAsserts":2,"retryReasons":[],"startAt":1762769503567,"status":"passed","title":"should check if user has responded"},{"ancestorTitles":["Survey Model"],"duration":300,"failing":false,"failureDetails":[],"failureMessages":[],"fullName":"Survey Model should get user response","invocations":1,"location":null,"numPassingAsserts":5,"retryReasons":[],"startAt":1762769503862,"status":"passed","title":"should get user response"},{"ancestorTitles":["Survey Model"],"duration":277,"failing":false,"failureDetails":[],"failureMessages":[],"fullName":"Survey Model should calculate completion rate","invocations":1,"location":null,"numPassingAsserts":2,"retryReasons":[],"startAt":1762769504162,"status":"passed","title":"should calculate completion rate"},{"ancestorTitles":["Survey Model"],"duration":264,"failing":false,"failureDetails":[],"failureMessages":[],"fullName":"Survey Model should add response to survey","invocations":1,"location":null,"numPassingAsserts":12,"retryReasons":[],"startAt":1762769504440,"status":"passed","title":"should add response to survey"},{"ancestorTitles":["Survey Model"],"duration":272,"failing":false,"failureDetails":[],"failureMessages":[],"fullName":"Survey Model should prevent multiple submissions when not allowed","invocations":1,"location":null,"numPassingAsserts":1,"retryReasons":[],"startAt":1762769504704,"status":"passed","title":"should prevent multiple submissions when not allowed"},{"ancestorTitles":["Survey Model"],"duration":269,"failing":false,"failureDetails":[],"failureMessages":[],"fullName":"Survey Model should allow multiple submissions when enabled","invocations":1,"location":null,"numPassingAsserts":1,"retryReasons":[],"startAt":1762769504976,"status":"passed","title":"should allow multiple submissions when enabled"},{"ancestorTitles":["Survey Model"],"duration":285,"failing":false,"failureDetails":[],"failureMessages":[],"fullName":"Survey Model should find active surveys for user","invocations":1,"location":null,"numPassingAsserts":6,"retryReasons":[],"startAt":1762769505245,"status":"passed","title":"should find active surveys for user"},{"ancestorTitles":["Survey Model"],"duration":251,"failing":false,"failureDetails":[],"failureMessages":[],"fullName":"Survey Model should handle anonymous responses","invocations":1,"location":null,"numPassingAsserts":3,"retryReasons":[],"startAt":1762769505531,"status":"passed","title":"should handle anonymous responses"},{"ancestorTitles":["Survey Model"],"duration":267,"failing":false,"failureDetails":[],"failureMessages":[],"fullName":"Survey Model should handle partial responses","invocations":1,"location":null,"numPassingAsserts":3,"retryReasons":[],"startAt":1762769505782,"status":"passed","title":"should handle partial responses"},{"ancestorTitles":["Survey Model"],"duration":253,"failing":false,"failureDetails":[],"failureMessages":[],"fullName":"Survey Model should handle surveys with no required questions","invocations":1,"location":null,"numPassingAsserts":3,"retryReasons":[],"startAt":1762769506049,"status":"passed","title":"should handle surveys with no required questions"}],"endTime":1762769506385,"message":"","name":"D:\\Work\\HR-SM\\server\\testing\\models\\survey.model.test.js","startTime":1762769498726,"status":"passed","summary":""},{"assertionResults":[{"ancestorTitles":["User Controller - All 7 Functions","1. getAllUsers"],"duration":314,"failing":false,"failureDetails":[],"failureMessages":[],"fullName":"User Controller - All 7 Functions 1. getAllUsers should get all users successfully","invocations":1,"location":null,"numPassingAsserts":4,"retryReasons":[],"startAt":1762769501765,"status":"passed","title":"should get all users successfully"},{"ancestorTitles":["User Controller - All 7 Functions","1. getAllUsers"],"duration":184,"failing":false,"failureDetails":[],"failureMessages":[],"fullName":"User Controller - All 7 Functions 1. getAllUsers should handle database errors","invocations":1,"location":null,"numPassingAsserts":1,"retryReasons":[],"startAt":1762769502080,"status":"passed","title":"should handle database errors"},{"ancestorTitles":["User Controller - All 7 Functions","2. getUserById"],"duration":169,"failing":false,"failureDetails":[],"failureMessages":[],"fullName":"User Controller - All 7 Functions 2. getUserById should get user by ID successfully","invocations":1,"location":null,"numPassingAsserts":3,"retryReasons":[],"startAt":1762769502264,"status":"passed","title":"should get user by ID successfully"},{"ancestorTitles":["User Controller - All 7 Functions","2. getUserById"],"duration":150,"failing":false,"failureDetails":[],"failureMessages":[],"fullName":"User Controller - All 7 Functions 2. getUserById should return 404 for non-existent user","invocations":1,"location":null,"numPassingAsserts":2,"retryReasons":[],"startAt":1762769502433,"status":"passed","title":"should return 404 for non-existent user"},{"ancestorTitles":["User Controller - All 7 Functions","2. getUserById"],"duration":149,"failing":false,"failureDetails":[],"failureMessages":[],"fullName":"User Controller - All 7 Functions 2. getUserById should handle invalid ID format","invocations":1,"location":null,"numPassingAsserts":1,"retryReasons":[],"startAt":1762769502583,"status":"passed","title":"should handle invalid ID format"},{"ancestorTitles":["User Controller - All 7 Functions","3. createUser"],"duration":298,"failing":false,"failureDetails":[],"failureMessages":[],"fullName":"User Controller - All 7 Functions 3. createUser should create a new user successfully","invocations":1,"location":null,"numPassingAsserts":3,"retryReasons":[],"startAt":1762769502732,"status":"passed","title":"should create a new user successfully"},{"ancestorTitles":["User Controller - All 7 Functions","3. createUser"],"duration":129,"failing":false,"failureDetails":[],"failureMessages":[],"fullName":"User Controller - All 7 Functions 3. createUser should reject missing username","invocations":1,"location":null,"numPassingAsserts":2,"retryReasons":[],"startAt":1762769503030,"status":"passed","title":"should reject missing username"},{"ancestorTitles":["User Controller - All 7 Functions","3. createUser"],"duration":151,"failing":false,"failureDetails":[],"failureMessages":[],"fullName":"User Controller - All 7 Functions 3. createUser should reject missing email","invocations":1,"location":null,"numPassingAsserts":2,"retryReasons":[],"startAt":1762769503160,"status":"passed","title":"should reject missing email"},{"ancestorTitles":["User Controller - All 7 Functions","3. createUser"],"duration":126,"failing":false,"failureDetails":[],"failureMessages":[],"fullName":"User Controller - All 7 Functions 3. createUser should reject missing password","invocations":1,"location":null,"numPassingAsserts":2,"retryReasons":[],"startAt":1762769503311,"status":"passed","title":"should reject missing password"},{"ancestorTitles":["User Controller - All 7 Functions","3. createUser"],"duration":138,"failing":false,"failureDetails":[],"failureMessages":[],"fullName":"User Controller - All 7 Functions 3. createUser should reject duplicate email","invocations":1,"location":null,"numPassingAsserts":2,"retryReasons":[],"startAt":1762769503438,"status":"passed","title":"should reject duplicate email"},{"ancestorTitles":["User Controller - All 7 Functions","3. createUser"],"duration":154,"failing":false,"failureDetails":[],"failureMessages":[],"fullName":"User Controller - All 7 Functions 3. createUser should reject duplicate username","invocations":1,"location":null,"numPassingAsserts":2,"retryReasons":[],"startAt":1762769503576,"status":"passed","title":"should reject duplicate username"},{"ancestorTitles":["User Controller - All 7 Functions","3. createUser"],"duration":161,"failing":false,"failureDetails":[],"failureMessages":[],"fullName":"User Controller - All 7 Functions 3. createUser should reject invalid role","invocations":1,"location":null,"numPassingAsserts":2,"retryReasons":[],"startAt":1762769503730,"status":"passed","title":"should reject invalid role"},{"ancestorTitles":["User Controller - All 7 Functions","4. updateUser"],"duration":159,"failing":false,"failureDetails":[],"failureMessages":[],"fullName":"User Controller - All 7 Functions 4. updateUser should update user successfully","invocations":1,"location":null,"numPassingAsserts":2,"retryReasons":[],"startAt":1762769503891,"status":"passed","title":"should update user successfully"},{"ancestorTitles":["User Controller - All 7 Functions","4. updateUser"],"duration":141,"failing":false,"failureDetails":[],"failureMessages":[],"fullName":"User Controller - All 7 Functions 4. updateUser should return 404 for non-existent user","invocations":1,"location":null,"numPassingAsserts":1,"retryReasons":[],"startAt":1762769504050,"status":"passed","title":"should return 404 for non-existent user"},{"ancestorTitles":["User Controller - All 7 Functions","4. updateUser"],"duration":289,"failing":false,"failureDetails":[],"failureMessages":[],"fullName":"User Controller - All 7 Functions 4. updateUser should reject duplicate email on update","invocations":1,"location":null,"numPassingAsserts":1,"retryReasons":[],"startAt":1762769504191,"status":"passed","title":"should reject duplicate email on update"},{"ancestorTitles":["User Controller - All 7 Functions","4. updateUser"],"duration":134,"failing":false,"failureDetails":[],"failureMessages":[],"fullName":"User Controller - All 7 Functions 4. updateUser should reject invalid role on update","invocations":1,"location":null,"numPassingAsserts":1,"retryReasons":[],"startAt":1762769504480,"status":"passed","title":"should reject invalid role on update"},{"ancestorTitles":["User Controller - All 7 Functions","5. deleteUser"],"duration":137,"failing":false,"failureDetails":[],"failureMessages":[],"fullName":"User Controller - All 7 Functions 5. deleteUser should delete user successfully","invocations":1,"location":null,"numPassingAsserts":3,"retryReasons":[],"startAt":1762769504614,"status":"passed","title":"should delete user successfully"},{"ancestorTitles":["User Controller - All 7 Functions","5. deleteUser"],"duration":147,"failing":false,"failureDetails":[],"failureMessages":[],"fullName":"User Controller - All 7 Functions 5. deleteUser should return 404 for non-existent user","invocations":1,"location":null,"numPassingAsserts":1,"retryReasons":[],"startAt":1762769504751,"status":"passed","title":"should return 404 for non-existent user"},{"ancestorTitles":["User Controller - All 7 Functions","5. deleteUser"],"duration":143,"failing":false,"failureDetails":[],"failureMessages":[],"fullName":"User Controller - All 7 Functions 5. deleteUser should handle database errors","invocations":1,"location":null,"numPassingAsserts":1,"retryReasons":[],"startAt":1762769504898,"status":"passed","title":"should handle database errors"},{"ancestorTitles":["User Controller - All 7 Functions","6. loginUser"],"duration":284,"failing":false,"failureDetails":[],"failureMessages":[],"fullName":"User Controller - All 7 Functions 6. loginUser should login successfully with valid credentials","invocations":1,"location":null,"numPassingAsserts":3,"retryReasons":[],"startAt":1762769505041,"status":"passed","title":"should login successfully with valid credentials"},{"ancestorTitles":["User Controller - All 7 Functions","6. loginUser"],"duration":137,"failing":false,"failureDetails":[],"failureMessages":[],"fullName":"User Controller - All 7 Functions 6. loginUser should reject missing email","invocations":1,"location":null,"numPassingAsserts":2,"retryReasons":[],"startAt":1762769505325,"status":"passed","title":"should reject missing email"},{"ancestorTitles":["User Controller - All 7 Functions","6. loginUser"],"duration":135,"failing":false,"failureDetails":[],"failureMessages":[],"fullName":"User Controller - All 7 Functions 6. loginUser should reject missing password","invocations":1,"location":null,"numPassingAsserts":1,"retryReasons":[],"startAt":1762769505462,"status":"passed","title":"should reject missing password"},{"ancestorTitles":["User Controller - All 7 Functions","6. loginUser"],"duration":148,"failing":false,"failureDetails":[],"failureMessages":[],"fullName":"User Controller - All 7 Functions 6. loginUser should reject missing role","invocations":1,"location":null,"numPassingAsserts":1,"retryReasons":[],"startAt":1762769505597,"status":"passed","title":"should reject missing role"},{"ancestorTitles":["User Controller - All 7 Functions","6. loginUser"],"duration":135,"failing":false,"failureDetails":[],"failureMessages":[],"fullName":"User Controller - All 7 Functions 6. loginUser should reject invalid email","invocations":1,"location":null,"numPassingAsserts":1,"retryReasons":[],"startAt":1762769505745,"status":"passed","title":"should reject invalid email"},{"ancestorTitles":["User Controller - All 7 Functions","6. loginUser"],"duration":265,"failing":false,"failureDetails":[],"failureMessages":[],"fullName":"User Controller - All 7 Functions 6. loginUser should reject invalid password","invocations":1,"location":null,"numPassingAsserts":1,"retryReasons":[],"startAt":1762769505880,"status":"passed","title":"should reject invalid password"},{"ancestorTitles":["User Controller - All 7 Functions","6. loginUser"],"duration":151,"failing":false,"failureDetails":[],"failureMessages":[],"fullName":"User Controller - All 7 Functions 6. loginUser should reject role mismatch","invocations":1,"location":null,"numPassingAsserts":1,"retryReasons":[],"startAt":1762769506145,"status":"passed","title":"should reject role mismatch"},{"ancestorTitles":["User Controller - All 7 Functions","7. getUserProfile"],"duration":182,"failing":false,"failureDetails":[],"failureMessages":[],"fullName":"User Controller - All 7 Functions 7. getUserProfile should get current user profile successfully","invocations":1,"location":null,"numPassingAsserts":3,"retryReasons":[],"startAt":1762769506296,"status":"passed","title":"should get current user profile successfully"},{"ancestorTitles":["User Controller - All 7 Functions","7. getUserProfile"],"duration":142,"failing":false,"failureDetails":[],"failureMessages":[],"fullName":"User Controller - All 7 Functions 7. getUserProfile should return 404 if user not found","invocations":1,"location":null,"numPassingAsserts":1,"retryReasons":[],"startAt":1762769506479,"status":"passed","title":"should return 404 if user not found"},{"ancestorTitles":["User Controller - All 7 Functions","7. getUserProfile"],"duration":261,"failing":false,"failureDetails":[],"failureMessages":[],"fullName":"User Controller - All 7 Functions 7. getUserProfile should handle database errors","invocations":1,"location":null,"numPassingAsserts":1,"retryReasons":[],"startAt":1762769506621,"status":"passed","title":"should handle database errors"}],"endTime":1762769506955,"message":"","name":"D:\\Work\\HR-SM\\server\\testing\\controllers\\user.controller.test.js","startTime":1762769498734,"status":"passed","summary":""},{"assertionResults":[{"ancestorTitles":["MixedVacation Controller - All 14 Functions","1. getAllPolicies"],"duration":277,"failing":false,"failureDetails":[],"failureMessages":[],"fullName":"MixedVacation Controller - All 14 Functions 1. getAllPolicies should execute getAllPolicies function","invocations":1,"location":null,"numPassingAsserts":2,"retryReasons":[],"startAt":1762769507795,"status":"passed","title":"should execute getAllPolicies function"},{"ancestorTitles":["MixedVacation Controller - All 14 Functions","1. getAllPolicies"],"duration":164,"failing":false,"failureDetails":[],"failureMessages":[],"fullName":"MixedVacation Controller - All 14 Functions 1. getAllPolicies should handle execution in getAllPolicies","invocations":1,"location":null,"numPassingAsserts":2,"retryReasons":[],"startAt":1762769508073,"status":"passed","title":"should handle execution in getAllPolicies"},{"ancestorTitles":["MixedVacation Controller - All 14 Functions","2. getPolicyById"],"duration":141,"failing":false,"failureDetails":[],"failureMessages":[],"fullName":"MixedVacation Controller - All 14 Functions 2. getPolicyById should execute getPolicyById function","invocations":1,"location":null,"numPassingAsserts":2,"retryReasons":[],"startAt":1762769508237,"status":"passed","title":"should execute getPolicyById function"},{"ancestorTitles":["MixedVacation Controller - All 14 Functions","2. getPolicyById"],"duration":141,"failing":false,"failureDetails":[],"failureMessages":[],"fullName":"MixedVacation Controller - All 14 Functions 2. getPolicyById should handle invalid ID in getPolicyById","invocations":1,"location":null,"numPassingAsserts":2,"retryReasons":[],"startAt":1762769508378,"status":"passed","title":"should handle invalid ID in getPolicyById"},{"ancestorTitles":["MixedVacation Controller - All 14 Functions","3. createPolicy"],"duration":159,"failing":false,"failureDetails":[],"failureMessages":[],"fullName":"MixedVacation Controller - All 14 Functions 3. createPolicy should execute createPolicy function","invocations":1,"location":null,"numPassingAsserts":2,"retryReasons":[],"startAt":1762769508520,"status":"passed","title":"should execute createPolicy function"},{"ancestorTitles":["MixedVacation Controller - All 14 Functions","3. createPolicy"],"duration":138,"failing":false,"failureDetails":[],"failureMessages":[],"fullName":"MixedVacation Controller - All 14 Functions 3. createPolicy should handle execution in createPolicy","invocations":1,"location":null,"numPassingAsserts":2,"retryReasons":[],"startAt":1762769508679,"status":"passed","title":"should handle execution in createPolicy"},{"ancestorTitles":["MixedVacation Controller - All 14 Functions","4. updatePolicy"],"duration":138,"failing":false,"failureDetails":[],"failureMessages":[],"fullName":"MixedVacation Controller - All 14 Functions 4. updatePolicy should execute updatePolicy function","invocations":1,"location":null,"numPassingAsserts":2,"retryReasons":[],"startAt":1762769508817,"status":"passed","title":"should execute updatePolicy function"},{"ancestorTitles":["MixedVacation Controller - All 14 Functions","4. updatePolicy"],"duration":127,"failing":false,"failureDetails":[],"failureMessages":[],"fullName":"MixedVacation Controller - All 14 Functions 4. updatePolicy should handle invalid ID in updatePolicy","invocations":1,"location":null,"numPassingAsserts":2,"retryReasons":[],"startAt":1762769508955,"status":"passed","title":"should handle invalid ID in updatePolicy"},{"ancestorTitles":["MixedVacation Controller - All 14 Functions","5. deletePolicy"],"duration":125,"failing":false,"failureDetails":[],"failureMessages":[],"fullName":"MixedVacation Controller - All 14 Functions 5. deletePolicy should execute deletePolicy function","invocations":1,"location":null,"numPassingAsserts":2,"retryReasons":[],"startAt":1762769509082,"status":"passed","title":"should execute deletePolicy function"},{"ancestorTitles":["MixedVacation Controller - All 14 Functions","5. deletePolicy"],"duration":134,"failing":false,"failureDetails":[],"failureMessages":[],"fullName":"MixedVacation Controller - All 14 Functions 5. deletePolicy should handle invalid ID in deletePolicy","invocations":1,"location":null,"numPassingAsserts":2,"retryReasons":[],"startAt":1762769509207,"status":"passed","title":"should handle invalid ID in deletePolicy"},{"ancestorTitles":["MixedVacation Controller - All 14 Functions","6. testPolicyOnEmployee"],"duration":175,"failing":false,"failureDetails":[],"failureMessages":[],"fullName":"MixedVacation Controller - All 14 Functions 6. testPolicyOnEmployee should execute testPolicyOnEmployee function","invocations":1,"location":null,"numPassingAsserts":2,"retryReasons":[],"startAt":1762769509342,"status":"passed","title":"should execute testPolicyOnEmployee function"},{"ancestorTitles":["MixedVacation Controller - All 14 Functions","6. testPolicyOnEmployee"],"duration":134,"failing":false,"failureDetails":[],"failureMessages":[],"fullName":"MixedVacation Controller - All 14 Functions 6. testPolicyOnEmployee should handle execution in testPolicyOnEmployee","invocations":1,"location":null,"numPassingAsserts":2,"retryReasons":[],"startAt":1762769509518,"status":"passed","title":"should handle execution in testPolicyOnEmployee"},{"ancestorTitles":["MixedVacation Controller - All 14 Functions","7. applyToEmployee"],"duration":148,"failing":false,"failureDetails":[],"failureMessages":[],"fullName":"MixedVacation Controller - All 14 Functions 7. applyToEmployee should execute applyToEmployee function","invocations":1,"location":null,"numPassingAsserts":2,"retryReasons":[],"startAt":1762769509652,"status":"passed","title":"should execute applyToEmployee function"},{"ancestorTitles":["MixedVacation Controller - All 14 Functions","7. applyToEmployee"],"duration":198,"failing":false,"failureDetails":[],"failureMessages":[],"fullName":"MixedVacation Controller - All 14 Functions 7. applyToEmployee should handle execution in applyToEmployee","invocations":1,"location":null,"numPassingAsserts":2,"retryReasons":[],"startAt":1762769509800,"status":"passed","title":"should handle execution in applyToEmployee"},{"ancestorTitles":["MixedVacation Controller - All 14 Functions","8. applyToAll"],"duration":139,"failing":false,"failureDetails":[],"failureMessages":[],"fullName":"MixedVacation Controller - All 14 Functions 8. applyToAll should execute applyToAll function","invocations":1,"location":null,"numPassingAsserts":2,"retryReasons":[],"startAt":1762769509998,"status":"passed","title":"should execute applyToAll function"},{"ancestorTitles":["MixedVacation Controller - All 14 Functions","8. applyToAll"],"duration":130,"failing":false,"failureDetails":[],"failureMessages":[],"fullName":"MixedVacation Controller - All 14 Functions 8. applyToAll should handle execution in applyToAll","invocations":1,"location":null,"numPassingAsserts":2,"retryReasons":[],"startAt":1762769510137,"status":"passed","title":"should handle execution in applyToAll"},{"ancestorTitles":["MixedVacation Controller - All 14 Functions","9. getPolicyBreakdown"],"duration":146,"failing":false,"failureDetails":[],"failureMessages":[],"fullName":"MixedVacation Controller - All 14 Functions 9. getPolicyBreakdown should execute getPolicyBreakdown function","invocations":1,"location":null,"numPassingAsserts":2,"retryReasons":[],"startAt":1762769510267,"status":"passed","title":"should execute getPolicyBreakdown function"},{"ancestorTitles":["MixedVacation Controller - All 14 Functions","9. getPolicyBreakdown"],"duration":132,"failing":false,"failureDetails":[],"failureMessages":[],"fullName":"MixedVacation Controller - All 14 Functions 9. getPolicyBreakdown should handle execution in getPolicyBreakdown","invocations":1,"location":null,"numPassingAsserts":2,"retryReasons":[],"startAt":1762769510414,"status":"passed","title":"should handle execution in getPolicyBreakdown"},{"ancestorTitles":["MixedVacation Controller - All 14 Functions","10. getEmployeeApplications"],"duration":174,"failing":false,"failureDetails":[],"failureMessages":[],"fullName":"MixedVacation Controller - All 14 Functions 10. getEmployeeApplications should execute getEmployeeApplications function","invocations":1,"location":null,"numPassingAsserts":2,"retryReasons":[],"startAt":1762769510546,"status":"passed","title":"should execute getEmployeeApplications function"},{"ancestorTitles":["MixedVacation Controller - All 14 Functions","10. getEmployeeApplications"],"duration":160,"failing":false,"failureDetails":[],"failureMessages":[],"fullName":"MixedVacation Controller - All 14 Functions 10. getEmployeeApplications should handle execution in getEmployeeApplications","invocations":1,"location":null,"numPassingAsserts":2,"retryReasons":[],"startAt":1762769510720,"status":"passed","title":"should handle execution in getEmployeeApplications"},{"ancestorTitles":["MixedVacation Controller - All 14 Functions","11. getActivePolicies"],"duration":160,"failing":false,"failureDetails":[],"failureMessages":[],"fullName":"MixedVacation Controller - All 14 Functions 11. getActivePolicies should execute getActivePolicies function","invocations":1,"location":null,"numPassingAsserts":2,"retryReasons":[],"startAt":1762769510880,"status":"passed","title":"should execute getActivePolicies function"},{"ancestorTitles":["MixedVacation Controller - All 14 Functions","11. getActivePolicies"],"duration":143,"failing":false,"failureDetails":[],"failureMessages":[],"fullName":"MixedVacation Controller - All 14 Functions 11. getActivePolicies should handle execution in getActivePolicies","invocations":1,"location":null,"numPassingAsserts":2,"retryReasons":[],"startAt":1762769511041,"status":"passed","title":"should handle execution in getActivePolicies"},{"ancestorTitles":["MixedVacation Controller - All 14 Functions","12. getUpcomingPolicies"],"duration":144,"failing":false,"failureDetails":[],"failureMessages":[],"fullName":"MixedVacation Controller - All 14 Functions 12. getUpcomingPolicies should execute getUpcomingPolicies function","invocations":1,"location":null,"numPassingAsserts":2,"retryReasons":[],"startAt":1762769511184,"status":"passed","title":"should execute getUpcomingPolicies function"},{"ancestorTitles":["MixedVacation Controller - All 14 Functions","12. getUpcomingPolicies"],"duration":174,"failing":false,"failureDetails":[],"failureMessages":[],"fullName":"MixedVacation Controller - All 14 Functions 12. getUpcomingPolicies should handle execution in getUpcomingPolicies","invocations":1,"location":null,"numPassingAsserts":2,"retryReasons":[],"startAt":1762769511328,"status":"passed","title":"should handle execution in getUpcomingPolicies"},{"ancestorTitles":["MixedVacation Controller - All 14 Functions","13. cancelPolicy"],"duration":153,"failing":false,"failureDetails":[],"failureMessages":[],"fullName":"MixedVacation Controller - All 14 Functions 13. cancelPolicy should execute cancelPolicy function","invocations":1,"location":null,"numPassingAsserts":2,"retryReasons":[],"startAt":1762769511502,"status":"passed","title":"should execute cancelPolicy function"},{"ancestorTitles":["MixedVacation Controller - All 14 Functions","13. cancelPolicy"],"duration":146,"failing":false,"failureDetails":[],"failureMessages":[],"fullName":"MixedVacation Controller - All 14 Functions 13. cancelPolicy should handle execution in cancelPolicy","invocations":1,"location":null,"numPassingAsserts":2,"retryReasons":[],"startAt":1762769511656,"status":"passed","title":"should handle execution in cancelPolicy"},{"ancestorTitles":["MixedVacation Controller - All 14 Functions","14. activatePolicy"],"duration":140,"failing":false,"failureDetails":[],"failureMessages":[],"fullName":"MixedVacation Controller - All 14 Functions 14. activatePolicy should execute activatePolicy function","invocations":1,"location":null,"numPassingAsserts":2,"retryReasons":[],"startAt":1762769511802,"status":"passed","title":"should execute activatePolicy function"},{"ancestorTitles":["MixedVacation Controller - All 14 Functions","14. activatePolicy"],"duration":136,"failing":false,"failureDetails":[],"failureMessages":[],"fullName":"MixedVacation Controller - All 14 Functions 14. activatePolicy should handle execution in activatePolicy","invocations":1,"location":null,"numPassingAsserts":2,"retryReasons":[],"startAt":1762769511942,"status":"passed","title":"should handle execution in activatePolicy"}],"endTime":1762769512187,"message":"","name":"D:\\Work\\HR-SM\\server\\testing\\controllers\\mixedVacation.controller.test.js","startTime":1762769506405,"status":"passed","summary":""},{"assertionResults":[{"ancestorTitles":["SecuritySettings Controller - All 13 Functions","1. getSecuritySettings"],"duration":292,"failing":false,"failureDetails":[],"failureMessages":[],"fullName":"SecuritySettings Controller - All 13 Functions 1. getSecuritySettings should execute getSecuritySettings function","invocations":1,"location":null,"numPassingAsserts":2,"retryReasons":[],"startAt":1762769508137,"status":"passed","title":"should execute getSecuritySettings function"},{"ancestorTitles":["SecuritySettings Controller - All 13 Functions","1. getSecuritySettings"],"duration":147,"failing":false,"failureDetails":[],"failureMessages":[],"fullName":"SecuritySettings Controller - All 13 Functions 1. getSecuritySettings should handle execution in getSecuritySettings","invocations":1,"location":null,"numPassingAsserts":2,"retryReasons":[],"startAt":1762769508429,"status":"passed","title":"should handle execution in getSecuritySettings"},{"ancestorTitles":["SecuritySettings Controller - All 13 Functions","2. updateSecuritySettings"],"duration":139,"failing":false,"failureDetails":[],"failureMessages":[],"fullName":"SecuritySettings Controller - All 13 Functions 2. updateSecuritySettings should execute updateSecuritySettings function","invocations":1,"location":null,"numPassingAsserts":2,"retryReasons":[],"startAt":1762769508577,"status":"passed","title":"should execute updateSecuritySettings function"},{"ancestorTitles":["SecuritySettings Controller - All 13 Functions","2. updateSecuritySettings"],"duration":144,"failing":false,"failureDetails":[],"failureMessages":[],"fullName":"SecuritySettings Controller - All 13 Functions 2. updateSecuritySettings should handle invalid ID in updateSecuritySettings","invocations":1,"location":null,"numPassingAsserts":2,"retryReasons":[],"startAt":1762769508716,"status":"passed","title":"should handle invalid ID in updateSecuritySettings"},{"ancestorTitles":["SecuritySettings Controller - All 13 Functions","3. update2FASettings"],"duration":136,"failing":false,"failureDetails":[],"failureMessages":[],"fullName":"SecuritySettings Controller - All 13 Functions 3. update2FASettings should execute update2FASettings function","invocations":1,"location":null,"numPassingAsserts":2,"retryReasons":[],"startAt":1762769508860,"status":"passed","title":"should execute update2FASettings function"},{"ancestorTitles":["SecuritySettings Controller - All 13 Functions","3. update2FASettings"],"duration":141,"failing":false,"failureDetails":[],"failureMessages":[],"fullName":"SecuritySettings Controller - All 13 Functions 3. update2FASettings should handle invalid ID in update2FASettings","invocations":1,"location":null,"numPassingAsserts":2,"retryReasons":[],"startAt":1762769508996,"status":"passed","title":"should handle invalid ID in update2FASettings"},{"ancestorTitles":["SecuritySettings Controller - All 13 Functions","4. updatePasswordPolicy"],"duration":133,"failing":false,"failureDetails":[],"failureMessages":[],"fullName":"SecuritySettings Controller - All 13 Functions 4. updatePasswordPolicy should execute updatePasswordPolicy function","invocations":1,"location":null,"numPassingAsserts":2,"retryReasons":[],"startAt":1762769509137,"status":"passed","title":"should execute updatePasswordPolicy function"},{"ancestorTitles":["SecuritySettings Controller - All 13 Functions","4. updatePasswordPolicy"],"duration":133,"failing":false,"failureDetails":[],"failureMessages":[],"fullName":"SecuritySettings Controller - All 13 Functions 4. updatePasswordPolicy should handle invalid ID in updatePasswordPolicy","invocations":1,"location":null,"numPassingAsserts":2,"retryReasons":[],"startAt":1762769509270,"status":"passed","title":"should handle invalid ID in updatePasswordPolicy"},{"ancestorTitles":["SecuritySettings Controller - All 13 Functions","5. updateLockoutSettings"],"duration":178,"failing":false,"failureDetails":[],"failureMessages":[],"fullName":"SecuritySettings Controller - All 13 Functions 5. updateLockoutSettings should execute updateLockoutSettings function","invocations":1,"location":null,"numPassingAsserts":2,"retryReasons":[],"startAt":1762769509404,"status":"passed","title":"should execute updateLockoutSettings function"},{"ancestorTitles":["SecuritySettings Controller - All 13 Functions","5. updateLockoutSettings"],"duration":130,"failing":false,"failureDetails":[],"failureMessages":[],"fullName":"SecuritySettings Controller - All 13 Functions 5. updateLockoutSettings should handle invalid ID in updateLockoutSettings","invocations":1,"location":null,"numPassingAsserts":2,"retryReasons":[],"startAt":1762769509582,"status":"passed","title":"should handle invalid ID in updateLockoutSettings"},{"ancestorTitles":["SecuritySettings Controller - All 13 Functions","6. addIPToWhitelist"],"duration":133,"failing":false,"failureDetails":[],"failureMessages":[],"fullName":"SecuritySettings Controller - All 13 Functions 6. addIPToWhitelist should execute addIPToWhitelist function","invocations":1,"location":null,"numPassingAsserts":2,"retryReasons":[],"startAt":1762769509712,"status":"passed","title":"should execute addIPToWhitelist function"},{"ancestorTitles":["SecuritySettings Controller - All 13 Functions","6. addIPToWhitelist"],"duration":175,"failing":false,"failureDetails":[],"failureMessages":[],"fullName":"SecuritySettings Controller - All 13 Functions 6. addIPToWhitelist should handle execution in addIPToWhitelist","invocations":1,"location":null,"numPassingAsserts":2,"retryReasons":[],"startAt":1762769509846,"status":"passed","title":"should handle execution in addIPToWhitelist"},{"ancestorTitles":["SecuritySettings Controller - All 13 Functions","7. removeIPFromWhitelist"],"duration":163,"failing":false,"failureDetails":[],"failureMessages":[],"fullName":"SecuritySettings Controller - All 13 Functions 7. removeIPFromWhitelist should execute removeIPFromWhitelist function","invocations":1,"location":null,"numPassingAsserts":2,"retryReasons":[],"startAt":1762769510021,"status":"passed","title":"should execute removeIPFromWhitelist function"},{"ancestorTitles":["SecuritySettings Controller - All 13 Functions","7. removeIPFromWhitelist"],"duration":131,"failing":false,"failureDetails":[],"failureMessages":[],"fullName":"SecuritySettings Controller - All 13 Functions 7. removeIPFromWhitelist should handle execution in removeIPFromWhitelist","invocations":1,"location":null,"numPassingAsserts":2,"retryReasons":[],"startAt":1762769510185,"status":"passed","title":"should handle execution in removeIPFromWhitelist"},{"ancestorTitles":["SecuritySettings Controller - All 13 Functions","8. toggleIPWhitelist"],"duration":145,"failing":false,"failureDetails":[],"failureMessages":[],"fullName":"SecuritySettings Controller - All 13 Functions 8. toggleIPWhitelist should execute toggleIPWhitelist function","invocations":1,"location":null,"numPassingAsserts":2,"retryReasons":[],"startAt":1762769510316,"status":"passed","title":"should execute toggleIPWhitelist function"},{"ancestorTitles":["SecuritySettings Controller - All 13 Functions","8. toggleIPWhitelist"],"duration":138,"failing":false,"failureDetails":[],"failureMessages":[],"fullName":"SecuritySettings Controller - All 13 Functions 8. toggleIPWhitelist should handle execution in toggleIPWhitelist","invocations":1,"location":null,"numPassingAsserts":2,"retryReasons":[],"startAt":1762769510461,"status":"passed","title":"should handle execution in toggleIPWhitelist"},{"ancestorTitles":["SecuritySettings Controller - All 13 Functions","9. updateSessionSettings"],"duration":160,"failing":false,"failureDetails":[],"failureMessages":[],"fullName":"SecuritySettings Controller - All 13 Functions 9. updateSessionSettings should execute updateSessionSettings function","invocations":1,"location":null,"numPassingAsserts":2,"retryReasons":[],"startAt":1762769510600,"status":"passed","title":"should execute updateSessionSettings function"},{"ancestorTitles":["SecuritySettings Controller - All 13 Functions","9. updateSessionSettings"],"duration":161,"failing":false,"failureDetails":[],"failureMessages":[],"fullName":"SecuritySettings Controller - All 13 Functions 9. updateSessionSettings should handle invalid ID in updateSessionSettings","invocations":1,"location":null,"numPassingAsserts":2,"retryReasons":[],"startAt":1762769510760,"status":"passed","title":"should handle invalid ID in updateSessionSettings"},{"ancestorTitles":["SecuritySettings Controller - All 13 Functions","10. enableDevelopmentMode"],"duration":147,"failing":false,"failureDetails":[],"failureMessages":[],"fullName":"SecuritySettings Controller - All 13 Functions 10. enableDevelopmentMode should execute enableDevelopmentMode function","invocations":1,"location":null,"numPassingAsserts":2,"retryReasons":[],"startAt":1762769510921,"status":"passed","title":"should execute enableDevelopmentMode function"},{"ancestorTitles":["SecuritySettings Controller - All 13 Functions","10. enableDevelopmentMode"],"duration":133,"failing":false,"failureDetails":[],"failureMessages":[],"fullName":"SecuritySettings Controller - All 13 Functions 10. enableDevelopmentMode should handle execution in enableDevelopmentMode","invocations":1,"location":null,"numPassingAsserts":2,"retryReasons":[],"startAt":1762769511068,"status":"passed","title":"should handle execution in enableDevelopmentMode"},{"ancestorTitles":["SecuritySettings Controller - All 13 Functions","11. disableDevelopmentMode"],"duration":150,"failing":false,"failureDetails":[],"failureMessages":[],"fullName":"SecuritySettings Controller - All 13 Functions 11. disableDevelopmentMode should execute disableDevelopmentMode function","invocations":1,"location":null,"numPassingAsserts":2,"retryReasons":[],"startAt":1762769511201,"status":"passed","title":"should execute disableDevelopmentMode function"},{"ancestorTitles":["SecuritySettings Controller - All 13 Functions","11. disableDevelopmentMode"],"duration":157,"failing":false,"failureDetails":[],"failureMessages":[],"fullName":"SecuritySettings Controller - All 13 Functions 11. disableDevelopmentMode should handle execution in disableDevelopmentMode","invocations":1,"location":null,"numPassingAsserts":2,"retryReasons":[],"startAt":1762769511351,"status":"passed","title":"should handle execution in disableDevelopmentMode"},{"ancestorTitles":["SecuritySettings Controller - All 13 Functions","12. updateAuditSettings"],"duration":163,"failing":false,"failureDetails":[],"failureMessages":[],"fullName":"SecuritySettings Controller - All 13 Functions 12. updateAuditSettings should execute updateAuditSettings function","invocations":1,"location":null,"numPassingAsserts":2,"retryReasons":[],"startAt":1762769511508,"status":"passed","title":"should execute updateAuditSettings function"},{"ancestorTitles":["SecuritySettings Controller - All 13 Functions","12. updateAuditSettings"],"duration":142,"failing":false,"failureDetails":[],"failureMessages":[],"fullName":"SecuritySettings Controller - All 13 Functions 12. updateAuditSettings should handle invalid ID in updateAuditSettings","invocations":1,"location":null,"numPassingAsserts":2,"retryReasons":[],"startAt":1762769511671,"status":"passed","title":"should handle invalid ID in updateAuditSettings"},{"ancestorTitles":["SecuritySettings Controller - All 13 Functions","13. testPassword"],"duration":132,"failing":false,"failureDetails":[],"failureMessages":[],"fullName":"SecuritySettings Controller - All 13 Functions 13. testPassword should execute testPassword function","invocations":1,"location":null,"numPassingAsserts":2,"retryReasons":[],"startAt":1762769511813,"status":"passed","title":"should execute testPassword function"},{"ancestorTitles":["SecuritySettings Controller - All 13 Functions","13. testPassword"],"duration":154,"failing":false,"failureDetails":[],"failureMessages":[],"fullName":"SecuritySettings Controller - All 13 Functions 13. testPassword should handle execution in testPassword","invocations":1,"location":null,"numPassingAsserts":2,"retryReasons":[],"startAt":1762769511945,"status":"passed","title":"should handle execution in testPassword"}],"endTime":1762769512192,"message":"","name":"D:\\Work\\HR-SM\\server\\testing\\controllers\\securitySettings.controller.test.js","startTime":1762769506977,"status":"passed","summary":""},{"assertionResults":[{"ancestorTitles":["SecurityAudit Controller - All 16 Functions","1. getAllAuditLogs"],"duration":267,"failing":false,"failureDetails":[],"failureMessages":[],"fullName":"SecurityAudit Controller - All 16 Functions 1. getAllAuditLogs should execute getAllAuditLogs function","invocations":1,"location":null,"numPassingAsserts":2,"retryReasons":[],"startAt":1762769507658,"status":"passed","title":"should execute getAllAuditLogs function"},{"ancestorTitles":["SecurityAudit Controller - All 16 Functions","1. getAllAuditLogs"],"duration":133,"failing":false,"failureDetails":[],"failureMessages":[],"fullName":"SecurityAudit Controller - All 16 Functions 1. getAllAuditLogs should handle execution in getAllAuditLogs","invocations":1,"location":null,"numPassingAsserts":2,"retryReasons":[],"startAt":1762769507925,"status":"passed","title":"should handle execution in getAllAuditLogs"},{"ancestorTitles":["SecurityAudit Controller - All 16 Functions","2. getAuditLogById"],"duration":149,"failing":false,"failureDetails":[],"failureMessages":[],"fullName":"SecurityAudit Controller - All 16 Functions 2. getAuditLogById should execute getAuditLogById function","invocations":1,"location":null,"numPassingAsserts":2,"retryReasons":[],"startAt":1762769508059,"status":"passed","title":"should execute getAuditLogById function"},{"ancestorTitles":["SecurityAudit Controller - All 16 Functions","2. getAuditLogById"],"duration":135,"failing":false,"failureDetails":[],"failureMessages":[],"fullName":"SecurityAudit Controller - All 16 Functions 2. getAuditLogById should handle invalid ID in getAuditLogById","invocations":1,"location":null,"numPassingAsserts":2,"retryReasons":[],"startAt":1762769508208,"status":"passed","title":"should handle invalid ID in getAuditLogById"},{"ancestorTitles":["SecurityAudit Controller - All 16 Functions","3. getUserActivity"],"duration":140,"failing":false,"failureDetails":[],"failureMessages":[],"fullName":"SecurityAudit Controller - All 16 Functions 3. getUserActivity should execute getUserActivity function","invocations":1,"location":null,"numPassingAsserts":2,"retryReasons":[],"startAt":1762769508344,"status":"passed","title":"should execute getUserActivity function"},{"ancestorTitles":["SecurityAudit Controller - All 16 Functions","3. getUserActivity"],"duration":149,"failing":false,"failureDetails":[],"failureMessages":[],"fullName":"SecurityAudit Controller - All 16 Functions 3. getUserActivity should handle execution in getUserActivity","invocations":1,"location":null,"numPassingAsserts":2,"retryReasons":[],"startAt":1762769508485,"status":"passed","title":"should handle execution in getUserActivity"},{"ancestorTitles":["SecurityAudit Controller - All 16 Functions","4. getSuspiciousActivities"],"duration":122,"failing":false,"failureDetails":[],"failureMessages":[],"fullName":"SecurityAudit Controller - All 16 Functions 4. getSuspiciousActivities should execute getSuspiciousActivities function","invocations":1,"location":null,"numPassingAsserts":2,"retryReasons":[],"startAt":1762769508634,"status":"passed","title":"should execute getSuspiciousActivities function"},{"ancestorTitles":["SecurityAudit Controller - All 16 Functions","4. getSuspiciousActivities"],"duration":131,"failing":false,"failureDetails":[],"failureMessages":[],"fullName":"SecurityAudit Controller - All 16 Functions 4. getSuspiciousActivities should handle execution in getSuspiciousActivities","invocations":1,"location":null,"numPassingAsserts":2,"retryReasons":[],"startAt":1762769508756,"status":"passed","title":"should handle execution in getSuspiciousActivities"},{"ancestorTitles":["SecurityAudit Controller - All 16 Functions","5. getFailedLogins"],"duration":136,"failing":false,"failureDetails":[],"failureMessages":[],"fullName":"SecurityAudit Controller - All 16 Functions 5. getFailedLogins should execute getFailedLogins function","invocations":1,"location":null,"numPassingAsserts":2,"retryReasons":[],"startAt":1762769508887,"status":"passed","title":"should execute getFailedLogins function"},{"ancestorTitles":["SecurityAudit Controller - All 16 Functions","5. getFailedLogins"],"duration":131,"failing":false,"failureDetails":[],"failureMessages":[],"fullName":"SecurityAudit Controller - All 16 Functions 5. getFailedLogins should handle execution in getFailedLogins","invocations":1,"location":null,"numPassingAsserts":2,"retryReasons":[],"startAt":1762769509023,"status":"passed","title":"should handle execution in getFailedLogins"},{"ancestorTitles":["SecurityAudit Controller - All 16 Functions","6. getSecurityStats"],"duration":136,"failing":false,"failureDetails":[],"failureMessages":[],"fullName":"SecurityAudit Controller - All 16 Functions 6. getSecurityStats should execute getSecurityStats function","invocations":1,"location":null,"numPassingAsserts":2,"retryReasons":[],"startAt":1762769509155,"status":"passed","title":"should execute getSecurityStats function"},{"ancestorTitles":["SecurityAudit Controller - All 16 Functions","6. getSecurityStats"],"duration":185,"failing":false,"failureDetails":[],"failureMessages":[],"fullName":"SecurityAudit Controller - All 16 Functions 6. getSecurityStats should handle execution in getSecurityStats","invocations":1,"location":null,"numPassingAsserts":2,"retryReasons":[],"startAt":1762769509291,"status":"passed","title":"should handle execution in getSecurityStats"},{"ancestorTitles":["SecurityAudit Controller - All 16 Functions","7. getLoginHistory"],"duration":137,"failing":false,"failureDetails":[],"failureMessages":[],"fullName":"SecurityAudit Controller - All 16 Functions 7. getLoginHistory should execute getLoginHistory function","invocations":1,"location":null,"numPassingAsserts":2,"retryReasons":[],"startAt":1762769509476,"status":"passed","title":"should execute getLoginHistory function"},{"ancestorTitles":["SecurityAudit Controller - All 16 Functions","7. getLoginHistory"],"duration":151,"failing":false,"failureDetails":[],"failureMessages":[],"fullName":"SecurityAudit Controller - All 16 Functions 7. getLoginHistory should handle execution in getLoginHistory","invocations":1,"location":null,"numPassingAsserts":2,"retryReasons":[],"startAt":1762769509613,"status":"passed","title":"should handle execution in getLoginHistory"},{"ancestorTitles":["SecurityAudit Controller - All 16 Functions","8. get2FAActivity"],"duration":139,"failing":false,"failureDetails":[],"failureMessages":[],"fullName":"SecurityAudit Controller - All 16 Functions 8. get2FAActivity should execute get2FAActivity function","invocations":1,"location":null,"numPassingAsserts":2,"retryReasons":[],"startAt":1762769509765,"status":"passed","title":"should execute get2FAActivity function"},{"ancestorTitles":["SecurityAudit Controller - All 16 Functions","8. get2FAActivity"],"duration":193,"failing":false,"failureDetails":[],"failureMessages":[],"fullName":"SecurityAudit Controller - All 16 Functions 8. get2FAActivity should handle execution in get2FAActivity","invocations":1,"location":null,"numPassingAsserts":2,"retryReasons":[],"startAt":1762769509905,"status":"passed","title":"should handle execution in get2FAActivity"},{"ancestorTitles":["SecurityAudit Controller - All 16 Functions","9. getPasswordActivity"],"duration":132,"failing":false,"failureDetails":[],"failureMessages":[],"fullName":"SecurityAudit Controller - All 16 Functions 9. getPasswordActivity should execute getPasswordActivity function","invocations":1,"location":null,"numPassingAsserts":2,"retryReasons":[],"startAt":1762769510099,"status":"passed","title":"should execute getPasswordActivity function"},{"ancestorTitles":["SecurityAudit Controller - All 16 Functions","9. getPasswordActivity"],"duration":135,"failing":false,"failureDetails":[],"failureMessages":[],"fullName":"SecurityAudit Controller - All 16 Functions 9. getPasswordActivity should handle execution in getPasswordActivity","invocations":1,"location":null,"numPassingAsserts":2,"retryReasons":[],"startAt":1762769510231,"status":"passed","title":"should handle execution in getPasswordActivity"},{"ancestorTitles":["SecurityAudit Controller - All 16 Functions","10. getAccountEvents"],"duration":138,"failing":false,"failureDetails":[],"failureMessages":[],"fullName":"SecurityAudit Controller - All 16 Functions 10. getAccountEvents should execute getAccountEvents function","invocations":1,"location":null,"numPassingAsserts":2,"retryReasons":[],"startAt":1762769510366,"status":"passed","title":"should execute getAccountEvents function"},{"ancestorTitles":["SecurityAudit Controller - All 16 Functions","10. getAccountEvents"],"duration":152,"failing":false,"failureDetails":[],"failureMessages":[],"fullName":"SecurityAudit Controller - All 16 Functions 10. getAccountEvents should handle execution in getAccountEvents","invocations":1,"location":null,"numPassingAsserts":2,"retryReasons":[],"startAt":1762769510504,"status":"passed","title":"should handle execution in getAccountEvents"},{"ancestorTitles":["SecurityAudit Controller - All 16 Functions","11. getPermissionChanges"],"duration":177,"failing":false,"failureDetails":[],"failureMessages":[],"fullName":"SecurityAudit Controller - All 16 Functions 11. getPermissionChanges should execute getPermissionChanges function","invocations":1,"location":null,"numPassingAsserts":2,"retryReasons":[],"startAt":1762769510656,"status":"passed","title":"should execute getPermissionChanges function"},{"ancestorTitles":["SecurityAudit Controller - All 16 Functions","11. getPermissionChanges"],"duration":149,"failing":false,"failureDetails":[],"failureMessages":[],"fullName":"SecurityAudit Controller - All 16 Functions 11. getPermissionChanges should handle execution in getPermissionChanges","invocations":1,"location":null,"numPassingAsserts":2,"retryReasons":[],"startAt":1762769510833,"status":"passed","title":"should handle execution in getPermissionChanges"},{"ancestorTitles":["SecurityAudit Controller - All 16 Functions","12. getDataAccessLogs"],"duration":158,"failing":false,"failureDetails":[],"failureMessages":[],"fullName":"SecurityAudit Controller - All 16 Functions 12. getDataAccessLogs should execute getDataAccessLogs function","invocations":1,"location":null,"numPassingAsserts":2,"retryReasons":[],"startAt":1762769510982,"status":"passed","title":"should execute getDataAccessLogs function"},{"ancestorTitles":["SecurityAudit Controller - All 16 Functions","12. getDataAccessLogs"],"duration":146,"failing":false,"failureDetails":[],"failureMessages":[],"fullName":"SecurityAudit Controller - All 16 Functions 12. getDataAccessLogs should handle execution in getDataAccessLogs","invocations":1,"location":null,"numPassingAsserts":2,"retryReasons":[],"startAt":1762769511140,"status":"passed","title":"should handle execution in getDataAccessLogs"},{"ancestorTitles":["SecurityAudit Controller - All 16 Functions","13. getSystemEvents"],"duration":162,"failing":false,"failureDetails":[],"failureMessages":[],"fullName":"SecurityAudit Controller - All 16 Functions 13. getSystemEvents should execute getSystemEvents function","invocations":1,"location":null,"numPassingAsserts":2,"retryReasons":[],"startAt":1762769511286,"status":"passed","title":"should execute getSystemEvents function"},{"ancestorTitles":["SecurityAudit Controller - All 16 Functions","13. getSystemEvents"],"duration":141,"failing":false,"failureDetails":[],"failureMessages":[],"fullName":"SecurityAudit Controller - All 16 Functions 13. getSystemEvents should handle execution in getSystemEvents","invocations":1,"location":null,"numPassingAsserts":2,"retryReasons":[],"startAt":1762769511448,"status":"passed","title":"should handle execution in getSystemEvents"},{"ancestorTitles":["SecurityAudit Controller - All 16 Functions","14. getIPActivity"],"duration":165,"failing":false,"failureDetails":[],"failureMessages":[],"fullName":"SecurityAudit Controller - All 16 Functions 14. getIPActivity should execute getIPActivity function","invocations":1,"location":null,"numPassingAsserts":2,"retryReasons":[],"startAt":1762769511589,"status":"passed","title":"should execute getIPActivity function"},{"ancestorTitles":["SecurityAudit Controller - All 16 Functions","14. getIPActivity"],"duration":127,"failing":false,"failureDetails":[],"failureMessages":[],"fullName":"SecurityAudit Controller - All 16 Functions 14. getIPActivity should handle execution in getIPActivity","invocations":1,"location":null,"numPassingAsserts":2,"retryReasons":[],"startAt":1762769511754,"status":"passed","title":"should handle execution in getIPActivity"},{"ancestorTitles":["SecurityAudit Controller - All 16 Functions","15. exportAuditLogs"],"duration":147,"failing":false,"failureDetails":[],"failureMessages":[],"fullName":"SecurityAudit Controller - All 16 Functions 15. exportAuditLogs should execute exportAuditLogs function","invocations":1,"location":null,"numPassingAsserts":2,"retryReasons":[],"startAt":1762769511881,"status":"passed","title":"should execute exportAuditLogs function"},{"ancestorTitles":["SecurityAudit Controller - All 16 Functions","15. exportAuditLogs"],"duration":153,"failing":false,"failureDetails":[],"failureMessages":[],"fullName":"SecurityAudit Controller - All 16 Functions 15. exportAuditLogs should handle execution in exportAuditLogs","invocations":1,"location":null,"numPassingAsserts":2,"retryReasons":[],"startAt":1762769512028,"status":"passed","title":"should handle execution in exportAuditLogs"},{"ancestorTitles":["SecurityAudit Controller - All 16 Functions","16. cleanupOldLogs"],"duration":215,"failing":false,"failureDetails":[],"failureMessages":[],"fullName":"SecurityAudit Controller - All 16 Functions 16. cleanupOldLogs should execute cleanupOldLogs function","invocations":1,"location":null,"numPassingAsserts":2,"retryReasons":[],"startAt":1762769512181,"status":"passed","title":"should execute cleanupOldLogs function"},{"ancestorTitles":["SecurityAudit Controller - All 16 Functions","16. cleanupOldLogs"],"duration":133,"failing":false,"failureDetails":[],"failureMessages":[],"fullName":"SecurityAudit Controller - All 16 Functions 16. cleanupOldLogs should handle execution in cleanupOldLogs","invocations":1,"location":null,"numPassingAsserts":2,"retryReasons":[],"startAt":1762769512396,"status":"passed","title":"should handle execution in cleanupOldLogs"}],"endTime":1762769512659,"message":"","name":"D:\\Work\\HR-SM\\server\\testing\\controllers\\securityAudit.controller.test.js","startTime":1762769506359,"status":"passed","summary":""},{"assertionResults":[{"ancestorTitles":["Survey Controller - All 11 Functions","1. getAllSurveys"],"duration":387,"failing":false,"failureDetails":[],"failureMessages":[],"fullName":"Survey Controller - All 11 Functions 1. getAllSurveys should execute getAllSurveys function","invocations":1,"location":null,"numPassingAsserts":2,"retryReasons":[],"startAt":1762769513595,"status":"passed","title":"should execute getAllSurveys function"},{"ancestorTitles":["Survey Controller - All 11 Functions","1. getAllSurveys"],"duration":147,"failing":false,"failureDetails":[],"failureMessages":[],"fullName":"Survey Controller - All 11 Functions 1. getAllSurveys should handle execution in getAllSurveys","invocations":1,"location":null,"numPassingAsserts":2,"retryReasons":[],"startAt":1762769513983,"status":"passed","title":"should handle execution in getAllSurveys"},{"ancestorTitles":["Survey Controller - All 11 Functions","2. getEmployeeSurveys"],"duration":152,"failing":false,"failureDetails":[],"failureMessages":[],"fullName":"Survey Controller - All 11 Functions 2. getEmployeeSurveys should execute getEmployeeSurveys function","invocations":1,"location":null,"numPassingAsserts":2,"retryReasons":[],"startAt":1762769514130,"status":"passed","title":"should execute getEmployeeSurveys function"},{"ancestorTitles":["Survey Controller - All 11 Functions","2. getEmployeeSurveys"],"duration":140,"failing":false,"failureDetails":[],"failureMessages":[],"fullName":"Survey Controller - All 11 Functions 2. getEmployeeSurveys should handle execution in getEmployeeSurveys","invocations":1,"location":null,"numPassingAsserts":2,"retryReasons":[],"startAt":1762769514282,"status":"passed","title":"should handle execution in getEmployeeSurveys"},{"ancestorTitles":["Survey Controller - All 11 Functions","3. createSurvey"],"duration":142,"failing":false,"failureDetails":[],"failureMessages":[],"fullName":"Survey Controller - All 11 Functions 3. createSurvey should execute createSurvey function","invocations":1,"location":null,"numPassingAsserts":2,"retryReasons":[],"startAt":1762769514423,"status":"passed","title":"should execute createSurvey function"},{"ancestorTitles":["Survey Controller - All 11 Functions","3. createSurvey"],"duration":146,"failing":false,"failureDetails":[],"failureMessages":[],"fullName":"Survey Controller - All 11 Functions 3. createSurvey should handle execution in createSurvey","invocations":1,"location":null,"numPassingAsserts":2,"retryReasons":[],"startAt":1762769514565,"status":"passed","title":"should handle execution in createSurvey"},{"ancestorTitles":["Survey Controller - All 11 Functions","4. getSurveyById"],"duration":165,"failing":false,"failureDetails":[],"failureMessages":[],"fullName":"Survey Controller - All 11 Functions 4. getSurveyById should execute getSurveyById function","invocations":1,"location":null,"numPassingAsserts":2,"retryReasons":[],"startAt":1762769514712,"status":"passed","title":"should execute getSurveyById function"},{"ancestorTitles":["Survey Controller - All 11 Functions","4. getSurveyById"],"duration":178,"failing":false,"failureDetails":[],"failureMessages":[],"fullName":"Survey Controller - All 11 Functions 4. getSurveyById should handle invalid ID in getSurveyById","invocations":1,"location":null,"numPassingAsserts":2,"retryReasons":[],"startAt":1762769514878,"status":"passed","title":"should handle invalid ID in getSurveyById"},{"ancestorTitles":["Survey Controller - All 11 Functions","5. updateSurvey"],"duration":149,"failing":false,"failureDetails":[],"failureMessages":[],"fullName":"Survey Controller - All 11 Functions 5. updateSurvey should execute updateSurvey function","invocations":1,"location":null,"numPassingAsserts":2,"retryReasons":[],"startAt":1762769515057,"status":"passed","title":"should execute updateSurvey function"},{"ancestorTitles":["Survey Controller - All 11 Functions","5. updateSurvey"],"duration":164,"failing":false,"failureDetails":[],"failureMessages":[],"fullName":"Survey Controller - All 11 Functions 5. updateSurvey should handle invalid ID in updateSurvey","invocations":1,"location":null,"numPassingAsserts":2,"retryReasons":[],"startAt":1762769515206,"status":"passed","title":"should handle invalid ID in updateSurvey"},{"ancestorTitles":["Survey Controller - All 11 Functions","6. deleteSurvey"],"duration":164,"failing":false,"failureDetails":[],"failureMessages":[],"fullName":"Survey Controller - All 11 Functions 6. deleteSurvey should execute deleteSurvey function","invocations":1,"location":null,"numPassingAsserts":2,"retryReasons":[],"startAt":1762769515371,"status":"passed","title":"should execute deleteSurvey function"},{"ancestorTitles":["Survey Controller - All 11 Functions","6. deleteSurvey"],"duration":139,"failing":false,"failureDetails":[],"failureMessages":[],"fullName":"Survey Controller - All 11 Functions 6. deleteSurvey should handle invalid ID in deleteSurvey","invocations":1,"location":null,"numPassingAsserts":2,"retryReasons":[],"startAt":1762769515535,"status":"passed","title":"should handle invalid ID in deleteSurvey"},{"ancestorTitles":["Survey Controller - All 11 Functions","7. submitSurveyResponse"],"duration":133,"failing":false,"failureDetails":[],"failureMessages":[],"fullName":"Survey Controller - All 11 Functions 7. submitSurveyResponse should execute submitSurveyResponse function","invocations":1,"location":null,"numPassingAsserts":2,"retryReasons":[],"startAt":1762769515675,"status":"passed","title":"should execute submitSurveyResponse function"},{"ancestorTitles":["Survey Controller - All 11 Functions","7. submitSurveyResponse"],"duration":134,"failing":false,"failureDetails":[],"failureMessages":[],"fullName":"Survey Controller - All 11 Functions 7. submitSurveyResponse should handle execution in submitSurveyResponse","invocations":1,"location":null,"numPassingAsserts":2,"retryReasons":[],"startAt":1762769515808,"status":"passed","title":"should handle execution in submitSurveyResponse"},{"ancestorTitles":["Survey Controller - All 11 Functions","8. publishSurvey"],"duration":175,"failing":false,"failureDetails":[],"failureMessages":[],"fullName":"Survey Controller - All 11 Functions 8. publishSurvey should execute publishSurvey function","invocations":1,"location":null,"numPassingAsserts":2,"retryReasons":[],"startAt":1762769515943,"status":"passed","title":"should execute publishSurvey function"},{"ancestorTitles":["Survey Controller - All 11 Functions","8. publishSurvey"],"duration":121,"failing":false,"failureDetails":[],"failureMessages":[],"fullName":"Survey Controller - All 11 Functions 8. publishSurvey should handle execution in publishSurvey","invocations":1,"location":null,"numPassingAsserts":2,"retryReasons":[],"startAt":1762769516119,"status":"passed","title":"should handle execution in publishSurvey"},{"ancestorTitles":["Survey Controller - All 11 Functions","9. closeSurvey"],"duration":146,"failing":false,"failureDetails":[],"failureMessages":[],"fullName":"Survey Controller - All 11 Functions 9. closeSurvey should execute closeSurvey function","invocations":1,"location":null,"numPassingAsserts":2,"retryReasons":[],"startAt":1762769516240,"status":"passed","title":"should execute closeSurvey function"},{"ancestorTitles":["Survey Controller - All 11 Functions","9. closeSurvey"],"duration":130,"failing":false,"failureDetails":[],"failureMessages":[],"fullName":"Survey Controller - All 11 Functions 9. closeSurvey should handle execution in closeSurvey","invocations":1,"location":null,"numPassingAsserts":2,"retryReasons":[],"startAt":1762769516386,"status":"passed","title":"should handle execution in closeSurvey"},{"ancestorTitles":["Survey Controller - All 11 Functions","10. getSurveyStatistics"],"duration":143,"failing":false,"failureDetails":[],"failureMessages":[],"fullName":"Survey Controller - All 11 Functions 10. getSurveyStatistics should execute getSurveyStatistics function","invocations":1,"location":null,"numPassingAsserts":2,"retryReasons":[],"startAt":1762769516516,"status":"passed","title":"should execute getSurveyStatistics function"},{"ancestorTitles":["Survey Controller - All 11 Functions","10. getSurveyStatistics"],"duration":131,"failing":false,"failureDetails":[],"failureMessages":[],"fullName":"Survey Controller - All 11 Functions 10. getSurveyStatistics should handle execution in getSurveyStatistics","invocations":1,"location":null,"numPassingAsserts":2,"retryReasons":[],"startAt":1762769516659,"status":"passed","title":"should handle execution in getSurveyStatistics"},{"ancestorTitles":["Survey Controller - All 11 Functions","11. exportSurveyResponses"],"duration":131,"failing":false,"failureDetails":[],"failureMessages":[],"fullName":"Survey Controller - All 11 Functions 11. exportSurveyResponses should execute exportSurveyResponses function","invocations":1,"location":null,"numPassingAsserts":2,"retryReasons":[],"startAt":1762769516790,"status":"passed","title":"should execute exportSurveyResponses function"},{"ancestorTitles":["Survey Controller - All 11 Functions","11. exportSurveyResponses"],"duration":144,"failing":false,"failureDetails":[],"failureMessages":[],"fullName":"Survey Controller - All 11 Functions 11. exportSurveyResponses should handle execution in exportSurveyResponses","invocations":1,"location":null,"numPassingAsserts":2,"retryReasons":[],"startAt":1762769516921,"status":"passed","title":"should handle execution in exportSurveyResponses"}],"endTime":1762769517140,"message":"","name":"D:\\Work\\HR-SM\\server\\testing\\controllers\\survey.controller.test.js","startTime":1762769512217,"status":"passed","summary":""},{"assertionResults":[{"ancestorTitles":["Holiday Controller - All 10 Functions","1. getHolidaySettings"],"duration":261,"failing":false,"failureDetails":[],"failureMessages":[],"fullName":"Holiday Controller - All 10 Functions 1. getHolidaySettings should execute getHolidaySettings function","invocations":1,"location":null,"numPassingAsserts":2,"retryReasons":[],"startAt":1762769514344,"status":"passed","title":"should execute getHolidaySettings function"},{"ancestorTitles":["Holiday Controller - All 10 Functions","1. getHolidaySettings"],"duration":177,"failing":false,"failureDetails":[],"failureMessages":[],"fullName":"Holiday Controller - All 10 Functions 1. getHolidaySettings should handle execution in getHolidaySettings","invocations":1,"location":null,"numPassingAsserts":2,"retryReasons":[],"startAt":1762769514606,"status":"passed","title":"should handle execution in getHolidaySettings"},{"ancestorTitles":["Holiday Controller - All 10 Functions","2. updateHolidaySettings"],"duration":148,"failing":false,"failureDetails":[],"failureMessages":[],"fullName":"Holiday Controller - All 10 Functions 2. updateHolidaySettings should execute updateHolidaySettings function","invocations":1,"location":null,"numPassingAsserts":2,"retryReasons":[],"startAt":1762769514784,"status":"passed","title":"should execute updateHolidaySettings function"},{"ancestorTitles":["Holiday Controller - All 10 Functions","2. updateHolidaySettings"],"duration":168,"failing":false,"failureDetails":[],"failureMessages":[],"fullName":"Holiday Controller - All 10 Functions 2. updateHolidaySettings should handle invalid ID in updateHolidaySettings","invocations":1,"location":null,"numPassingAsserts":2,"retryReasons":[],"startAt":1762769514933,"status":"passed","title":"should handle invalid ID in updateHolidaySettings"},{"ancestorTitles":["Holiday Controller - All 10 Functions","3. addOfficialHolidays"],"duration":132,"failing":false,"failureDetails":[],"failureMessages":[],"fullName":"Holiday Controller - All 10 Functions 3. addOfficialHolidays should execute addOfficialHolidays function","invocations":1,"location":null,"numPassingAsserts":2,"retryReasons":[],"startAt":1762769515102,"status":"passed","title":"should execute addOfficialHolidays function"},{"ancestorTitles":["Holiday Controller - All 10 Functions","3. addOfficialHolidays"],"duration":149,"failing":false,"failureDetails":[],"failureMessages":[],"fullName":"Holiday Controller - All 10 Functions 3. addOfficialHolidays should handle execution in addOfficialHolidays","invocations":1,"location":null,"numPassingAsserts":2,"retryReasons":[],"startAt":1762769515234,"status":"passed","title":"should handle execution in addOfficialHolidays"},{"ancestorTitles":["Holiday Controller - All 10 Functions","4. removeOfficialHoliday"],"duration":187,"failing":false,"failureDetails":[],"failureMessages":[],"fullName":"Holiday Controller - All 10 Functions 4. removeOfficialHoliday should execute removeOfficialHoliday function","invocations":1,"location":null,"numPassingAsserts":2,"retryReasons":[],"startAt":1762769515383,"status":"passed","title":"should execute removeOfficialHoliday function"},{"ancestorTitles":["Holiday Controller - All 10 Functions","4. removeOfficialHoliday"],"duration":162,"failing":false,"failureDetails":[],"failureMessages":[],"fullName":"Holiday Controller - All 10 Functions 4. removeOfficialHoliday should handle execution in removeOfficialHoliday","invocations":1,"location":null,"numPassingAsserts":2,"retryReasons":[],"startAt":1762769515571,"status":"passed","title":"should handle execution in removeOfficialHoliday"},{"ancestorTitles":["Holiday Controller - All 10 Functions","5. addWeekendWorkDays"],"duration":139,"failing":false,"failureDetails":[],"failureMessages":[],"fullName":"Holiday Controller - All 10 Functions 5. addWeekendWorkDays should execute addWeekendWorkDays function","invocations":1,"location":null,"numPassingAsserts":2,"retryReasons":[],"startAt":1762769515733,"status":"passed","title":"should execute addWeekendWorkDays function"},{"ancestorTitles":["Holiday Controller - All 10 Functions","5. addWeekendWorkDays"],"duration":155,"failing":false,"failureDetails":[],"failureMessages":[],"fullName":"Holiday Controller - All 10 Functions 5. addWeekendWorkDays should handle execution in addWeekendWorkDays","invocations":1,"location":null,"numPassingAsserts":2,"retryReasons":[],"startAt":1762769515873,"status":"passed","title":"should handle execution in addWeekendWorkDays"},{"ancestorTitles":["Holiday Controller - All 10 Functions","6. removeWeekendWorkDay"],"duration":150,"failing":false,"failureDetails":[],"failureMessages":[],"fullName":"Holiday Controller - All 10 Functions 6. removeWeekendWorkDay should execute removeWeekendWorkDay function","invocations":1,"location":null,"numPassingAsserts":2,"retryReasons":[],"startAt":1762769516028,"status":"passed","title":"should execute removeWeekendWorkDay function"},{"ancestorTitles":["Holiday Controller - All 10 Functions","6. removeWeekendWorkDay"],"duration":165,"failing":false,"failureDetails":[],"failureMessages":[],"fullName":"Holiday Controller - All 10 Functions 6. removeWeekendWorkDay should handle execution in removeWeekendWorkDay","invocations":1,"location":null,"numPassingAsserts":2,"retryReasons":[],"startAt":1762769516178,"status":"passed","title":"should handle execution in removeWeekendWorkDay"},{"ancestorTitles":["Holiday Controller - All 10 Functions","7. getHolidaySuggestions"],"duration":149,"failing":false,"failureDetails":[],"failureMessages":[],"fullName":"Holiday Controller - All 10 Functions 7. getHolidaySuggestions should execute getHolidaySuggestions function","invocations":1,"location":null,"numPassingAsserts":2,"retryReasons":[],"startAt":1762769516344,"status":"passed","title":"should execute getHolidaySuggestions function"},{"ancestorTitles":["Holiday Controller - All 10 Functions","7. getHolidaySuggestions"],"duration":144,"failing":false,"failureDetails":[],"failureMessages":[],"fullName":"Holiday Controller - All 10 Functions 7. getHolidaySuggestions should handle execution in getHolidaySuggestions","invocations":1,"location":null,"numPassingAsserts":2,"retryReasons":[],"startAt":1762769516493,"status":"passed","title":"should handle execution in getHolidaySuggestions"},{"ancestorTitles":["Holiday Controller - All 10 Functions","8. addFromSuggestions"],"duration":139,"failing":false,"failureDetails":[],"failureMessages":[],"fullName":"Holiday Controller - All 10 Functions 8. addFromSuggestions should execute addFromSuggestions function","invocations":1,"location":null,"numPassingAsserts":2,"retryReasons":[],"startAt":1762769516637,"status":"passed","title":"should execute addFromSuggestions function"},{"ancestorTitles":["Holiday Controller - All 10 Functions","8. addFromSuggestions"],"duration":125,"failing":false,"failureDetails":[],"failureMessages":[],"fullName":"Holiday Controller - All 10 Functions 8. addFromSuggestions should handle execution in addFromSuggestions","invocations":1,"location":null,"numPassingAsserts":2,"retryReasons":[],"startAt":1762769516776,"status":"passed","title":"should handle execution in addFromSuggestions"},{"ancestorTitles":["Holiday Controller - All 10 Functions","9. checkWorkingDay"],"duration":122,"failing":false,"failureDetails":[],"failureMessages":[],"fullName":"Holiday Contro
[...]
e":"should respond to DELETE /:id"},{"ancestorTitles":["Document Template Routes","DELETE /:id"],"duration":8,"failing":false,"failureDetails":[],"failureMessages":[],"fullName":"Document Template Routes DELETE /:id should handle DELETE /:id errors gracefully","invocations":1,"location":null,"numPassingAsserts":2,"retryReasons":[],"startAt":1762769577114,"status":"passed","title":"should handle DELETE /:id errors gracefully"}],"endTime":1762769577307,"message":"","name":"D:\\Work\\HR-SM\\server\\testing\\routes\\documentTemplate.routes.test.js","startTime":1762769574521,"status":"passed","summary":""},{"assertionResults":[{"ancestorTitles":["Announcement Model"],"duration":38,"failing":false,"failureDetails":[],"failureMessages":[],"fullName":"Announcement Model should create and save an announcement successfully","invocations":1,"location":null,"numPassingAsserts":7,"retryReasons":[],"startAt":1762769577616,"status":"passed","title":"should create and save an announcement successfully"},{"ancestorTitles":["Announcement Model"],"duration":22,"failing":false,"failureDetails":[],"failureMessages":[],"fullName":"Announcement Model should fail to create an announcement without required fields","invocations":1,"location":null,"numPassingAsserts":2,"retryReasons":[],"startAt":1762769577655,"status":"passed","title":"should fail to create an announcement without required fields"}],"endTime":1762769578074,"message":"","name":"D:\\Work\\HR-SM\\server\\testing\\models\\announcement.model.test.js","startTime":1762769575627,"status":"passed","summary":""},{"assertionResults":[{"ancestorTitles":["Event Model"],"duration":54,"failing":false,"failureDetails":[],"failureMessages":[],"fullName":"Event Model should create and save an event successfully","invocations":1,"location":null,"numPassingAsserts":8,"retryReasons":[],"startAt":1762769579714,"status":"passed","title":"should create and save an event successfully"},{"ancestorTitles":["Event Model"],"duration":11,"failing":false,"failureDetails":[],"failureMessages":[],"fullName":"Event Model should fail to create an event without required fields","invocations":1,"location":null,"numPassingAsserts":5,"retryReasons":[],"startAt":1762769579770,"status":"passed","title":"should fail to create an event without required fields"},{"ancestorTitles":["Event Model"],"duration":10,"failing":false,"failureDetails":[],"failureMessages":[],"fullName":"Event Model should handle attendees","invocations":1,"location":null,"numPassingAsserts":3,"retryReasons":[],"startAt":1762769579781,"status":"passed","title":"should handle attendees"}],"endTime":1762769579853,"message":"","name":"D:\\Work\\HR-SM\\server\\testing\\models\\event.model.test.js","startTime":1762769577399,"status":"passed","summary":""},{"assertionResults":[{"ancestorTitles":["Backup Routes"],"duration":101,"failing":false,"failureDetails":[],"failureMessages":[],"fullName":"Backup Routes should get all backups","invocations":1,"location":null,"numPassingAsserts":1,"retryReasons":[],"startAt":1762769579419,"status":"passed","title":"should get all backups"},{"ancestorTitles":["Backup Routes"],"duration":70,"failing":false,"failureDetails":[],"failureMessages":[],"fullName":"Backup Routes should create a backup","invocations":1,"location":null,"numPassingAsserts":1,"retryReasons":[],"startAt":1762769579522,"status":"passed","title":"should create a backup"},{"ancestorTitles":["Backup Routes"],"duration":25,"failing":false,"failureDetails":[],"failureMessages":[],"fullName":"Backup Routes should execute a backup","invocations":1,"location":null,"numPassingAsserts":1,"retryReasons":[],"startAt":1762769579592,"status":"passed","title":"should execute a backup"},{"ancestorTitles":["Backup Routes","GET /:id"],"duration":17,"failing":false,"failureDetails":[],"failureMessages":[],"fullName":"Backup Routes GET /:id should respond to GET /:id","invocations":1,"location":null,"numPassingAsserts":1,"retryReasons":[],"startAt":1762769579618,"status":"passed","title":"should respond to GET /:id"},{"ancestorTitles":["Backup Routes","GET /:id"],"duration":12,"failing":false,"failureDetails":[],"failureMessages":[],"fullName":"Backup Routes GET /:id should handle GET /:id errors gracefully","invocations":1,"location":null,"numPassingAsserts":2,"retryReasons":[],"startAt":1762769579635,"status":"passed","title":"should handle GET /:id errors gracefully"},{"ancestorTitles":["Backup Routes","PUT /:id"],"duration":39,"failing":false,"failureDetails":[],"failureMessages":[],"fullName":"Backup Routes PUT /:id should respond to PUT /:id","invocations":1,"location":null,"numPassingAsserts":1,"retryReasons":[],"startAt":1762769579648,"status":"passed","title":"should respond to PUT /:id"},{"ancestorTitles":["Backup Routes","PUT /:id"],"duration":19,"failing":false,"failureDetails":[],"failureMessages":[],"fullName":"Backup Routes PUT /:id should handle PUT /:id errors gracefully","invocations":1,"location":null,"numPassingAsserts":2,"retryReasons":[],"startAt":1762769579688,"status":"passed","title":"should handle PUT /:id errors gracefully"},{"ancestorTitles":["Backup Routes","DELETE /:id"],"duration":29,"failing":false,"failureDetails":[],"failureMessages":[],"fullName":"Backup Routes DELETE /:id should respond to DELETE /:id","invocations":1,"location":null,"numPassingAsserts":1,"retryReasons":[],"startAt":1762769579708,"status":"passed","title":"should respond to DELETE /:id"},{"ancestorTitles":["Backup Routes","DELETE /:id"],"duration":9,"failing":false,"failureDetails":[],"failureMessages":[],"fullName":"Backup Routes DELETE /:id should handle DELETE /:id errors gracefully","invocations":1,"location":null,"numPassingAsserts":2,"retryReasons":[],"startAt":1762769579737,"status":"passed","title":"should handle DELETE /:id errors gracefully"},{"ancestorTitles":["Backup Routes","POST /:id/execute"],"duration":21,"failing":false,"failureDetails":[],"failureMessages":[],"fullName":"Backup Routes POST /:id/execute should respond to POST /:id/execute","invocations":1,"location":null,"numPassingAsserts":1,"retryReasons":[],"startAt":1762769579747,"status":"passed","title":"should respond to POST /:id/execute"},{"ancestorTitles":["Backup Routes","POST /:id/execute"],"duration":19,"failing":false,"failureDetails":[],"failureMessages":[],"fullName":"Backup Routes POST /:id/execute should handle POST /:id/execute errors gracefully","invocations":1,"location":null,"numPassingAsserts":2,"retryReasons":[],"startAt":1762769579769,"status":"passed","title":"should handle POST /:id/execute errors gracefully"},{"ancestorTitles":["Backup Routes","GET /:backupId/history"],"duration":12,"failing":false,"failureDetails":[],"failureMessages":[],"fullName":"Backup Routes GET /:backupId/history should respond to GET /:backupId/history","invocations":1,"location":null,"numPassingAsserts":1,"retryReasons":[],"startAt":1762769579789,"status":"passed","title":"should respond to GET /:backupId/history"},{"ancestorTitles":["Backup Routes","GET /:backupId/history"],"duration":14,"failing":false,"failureDetails":[],"failureMessages":[],"fullName":"Backup Routes GET /:backupId/history should handle GET /:backupId/history errors gracefully","invocations":1,"location":null,"numPassingAsserts":2,"retryReasons":[],"startAt":1762769579801,"status":"passed","title":"should handle GET /:backupId/history errors gracefully"},{"ancestorTitles":["Backup Routes","GET /:backupId/statistics"],"duration":6,"failing":false,"failureDetails":[],"failureMessages":[],"fullName":"Backup Routes GET /:backupId/statistics should respond to GET /:backupId/statistics","invocations":1,"location":null,"numPassingAsserts":1,"retryReasons":[],"startAt":1762769579816,"status":"passed","title":"should respond to GET /:backupId/statistics"},{"ancestorTitles":["Backup Routes","GET /:backupId/statistics"],"duration":12,"failing":false,"failureDetails":[],"failureMessages":[],"fullName":"Backup Routes GET /:backupId/statistics should handle GET /:backupId/statistics errors gracefully","invocations":1,"location":null,"numPassingAsserts":2,"retryReasons":[],"startAt":1762769579822,"status":"passed","title":"should handle GET /:backupId/statistics errors gracefully"},{"ancestorTitles":["Backup Routes","POST /restore/:executionId"],"duration":7,"failing":false,"failureDetails":[],"failureMessages":[],"fullName":"Backup Routes POST /restore/:executionId should respond to POST /restore/:executionId","invocations":1,"location":null,"numPassingAsserts":1,"retryReasons":[],"startAt":1762769579835,"status":"passed","title":"should respond to POST /restore/:executionId"},{"ancestorTitles":["Backup Routes","POST /restore/:executionId"],"duration":10,"failing":false,"failureDetails":[],"failureMessages":[],"fullName":"Backup Routes POST /restore/:executionId should handle POST /restore/:executionId errors gracefully","invocations":1,"location":null,"numPassingAsserts":2,"retryReasons":[],"startAt":1762769579842,"status":"passed","title":"should handle POST /restore/:executionId errors gracefully"}],"endTime":1762769579917,"message":"","name":"D:\\Work\\HR-SM\\server\\testing\\routes\\backup.routes.test.js","startTime":1762769576930,"status":"passed","summary":""},{"assertionResults":[{"ancestorTitles":["Payroll Model"],"duration":81,"failing":false,"failureDetails":[],"failureMessages":[],"fullName":"Payroll Model should create and save a payroll record successfully","invocations":1,"location":null,"numPassingAsserts":13,"retryReasons":[],"startAt":1762769580432,"status":"passed","title":"should create and save a payroll record successfully"},{"ancestorTitles":["Payroll Model"],"duration":8,"failing":false,"failureDetails":[],"failureMessages":[],"fullName":"Payroll Model should fail to create a payroll record without required fields","invocations":1,"location":null,"numPassingAsserts":3,"retryReasons":[],"startAt":1762769580514,"status":"passed","title":"should fail to create a payroll record without required fields"},{"ancestorTitles":["Payroll Model"],"duration":15,"failing":false,"failureDetails":[],"failureMessages":[],"fullName":"Payroll Model should enforce unique employee-period combination","invocations":1,"location":null,"numPassingAsserts":2,"retryReasons":[],"startAt":1762769580523,"status":"passed","title":"should enforce unique employee-period combination"}],"endTime":1762769580728,"message":"","name":"D:\\Work\\HR-SM\\server\\testing\\models\\payroll.model.test.js","startTime":1762769578113,"status":"passed","summary":""},{"assertionResults":[{"ancestorTitles":["Request Model"],"duration":38,"failing":false,"failureDetails":[],"failureMessages":[],"fullName":"Request Model should create and save a request successfully","invocations":1,"location":null,"numPassingAsserts":8,"retryReasons":[],"startAt":1762769582432,"status":"passed","title":"should create and save a request successfully"},{"ancestorTitles":["Request Model"],"duration":12,"failing":false,"failureDetails":[],"failureMessages":[],"fullName":"Request Model should fail to create a request without required fields","invocations":1,"location":null,"numPassingAsserts":3,"retryReasons":[],"startAt":1762769582471,"status":"passed","title":"should fail to create a request without required fields"},{"ancestorTitles":["Request Model"],"duration":5,"failing":false,"failureDetails":[],"failureMessages":[],"fullName":"Request Model should validate request type enum","invocations":1,"location":null,"numPassingAsserts":2,"retryReasons":[],"startAt":1762769582483,"status":"passed","title":"should validate request type enum"},{"ancestorTitles":["Request Model"],"duration":36,"failing":false,"failureDetails":[],"failureMessages":[],"fullName":"Request Model should handle different request types","invocations":1,"location":null,"numPassingAsserts":5,"retryReasons":[],"startAt":1762769582489,"status":"passed","title":"should handle different request types"}],"endTime":1762769582656,"message":"","name":"D:\\Work\\HR-SM\\server\\testing\\models\\request.model.test.js","startTime":1762769579932,"status":"passed","summary":""},{"assertionResults":[{"ancestorTitles":["Holiday Model"],"duration":17,"failing":false,"failureDetails":[],"failureMessages":[],"fullName":"Holiday Model should create a new holiday document with default values","invocations":1,"location":null,"numPassingAsserts":5,"retryReasons":[],"startAt":1762769582481,"status":"passed","title":"should create a new holiday document with default values"},{"ancestorTitles":["Holiday Model"],"duration":23,"failing":false,"failureDetails":[],"failureMessages":[],"fullName":"Holiday Model should add an official holiday","invocations":1,"location":null,"numPassingAsserts":5,"retryReasons":[],"startAt":1762769582498,"status":"passed","title":"should add an official holiday"},{"ancestorTitles":["Holiday Model"],"duration":36,"failing":false,"failureDetails":[],"failureMessages":[],"fullName":"Holiday Model should throw error for invalid date format when adding holiday","invocations":1,"location":null,"numPassingAsserts":1,"retryReasons":[],"startAt":1762769582521,"status":"passed","title":"should throw error for invalid date format when adding holiday"},{"ancestorTitles":["Holiday Model"],"duration":19,"failing":false,"failureDetails":[],"failureMessages":[],"fullName":"Holiday Model should prevent adding duplicate holidays","invocations":1,"location":null,"numPassingAsserts":1,"retryReasons":[],"startAt":1762769582558,"status":"passed","title":"should prevent adding duplicate holidays"},{"ancestorTitles":["Holiday Model"],"duration":9,"failing":false,"failureDetails":[],"failureMessages":[],"fullName":"Holiday Model should add multiple holidays from comma-separated string","invocations":1,"location":null,"numPassingAsserts":3,"retryReasons":[],"startAt":1762769582579,"status":"passed","title":"should add multiple holidays from comma-separated string"},{"ancestorTitles":["Holiday Model"],"duration":8,"failing":false,"failureDetails":[],"failureMessages":[],"fullName":"Holiday Model should handle errors when adding multiple holidays with invalid dates","invocations":1,"location":null,"numPassingAsserts":4,"retryReasons":[],"startAt":1762769582589,"status":"passed","title":"should handle errors when adding multiple holidays with invalid dates"},{"ancestorTitles":["Holiday Model"],"duration":9,"failing":false,"failureDetails":[],"failureMessages":[],"fullName":"Holiday Model should add a weekend work day","invocations":1,"location":null,"numPassingAsserts":3,"retryReasons":[],"startAt":1762769582597,"status":"passed","title":"should add a weekend work day"},{"ancestorTitles":["Holiday Model"],"duration":10,"failing":false,"failureDetails":[],"failureMessages":[],"fullName":"Holiday Model should prevent adding duplicate weekend work days","invocations":1,"location":null,"numPassingAsserts":1,"retryReasons":[],"startAt":1762769582606,"status":"passed","title":"should prevent adding duplicate weekend work days"},{"ancestorTitles":["Holiday Model"],"duration":7,"failing":false,"failureDetails":[],"failureMessages":[],"fullName":"Holiday Model should check if a date is a holiday","invocations":1,"location":null,"numPassingAsserts":2,"retryReasons":[],"startAt":1762769582616,"status":"passed","title":"should check if a date is a holiday"},{"ancestorTitles":["Holiday Model"],"duration":7,"failing":false,"failureDetails":[],"failureMessages":[],"fullName":"Holiday Model should check if a date is a weekend work day","invocations":1,"location":null,"numPassingAsserts":2,"retryReasons":[],"startAt":1762769582623,"status":"passed","title":"should check if a date is a weekend work day"},{"ancestorTitles":["Holiday Model"],"duration":8,"failing":false,"failureDetails":[],"failureMessages":[],"fullName":"Holiday Model should determine if a date is a working day","invocations":1,"location":null,"numPassingAsserts":4,"retryReasons":[],"startAt":1762769582630,"status":"passed","title":"should determine if a date is a working day"},{"ancestorTitles":["Holiday Model"],"duration":24,"failing":false,"failureDetails":[],"failureMessages":[],"fullName":"Holiday Model should get or create holiday settings for campus","invocations":1,"location":null,"numPassingAsserts":4,"retryReasons":[],"startAt":1762769582638,"status":"passed","title":"should get or create holiday settings for campus"},{"ancestorTitles":["Holiday Model"],"duration":6,"failing":false,"failureDetails":[],"failureMessages":[],"fullName":"Holiday Model should identify Islamic holidays","invocations":1,"location":null,"numPassingAsserts":9,"retryReasons":[],"startAt":1762769582662,"status":"passed","title":"should identify Islamic holidays"}],"endTime":1762769582747,"message":"","name":"D:\\Work\\HR-SM\\server\\testing\\models\\holiday.model.test.js","startTime":1762769579876,"status":"passed","summary":""},{"assertionResults":[{"ancestorTitles":["School Model"],"duration":147,"failing":false,"failureDetails":[],"failureMessages":[],"fullName":"School Model should create and save a school successfully","invocations":1,"location":null,"numPassingAsserts":5,"retryReasons":[],"startAt":1762769583389,"status":"passed","title":"should create and save a school successfully"},{"ancestorTitles":["School Model"],"duration":9,"failing":false,"failureDetails":[],"failureMessages":[],"fullName":"School Model should fail to create a school without required fields","invocations":1,"location":null,"numPassingAsserts":2,"retryReasons":[],"startAt":1762769583537,"status":"passed","title":"should fail to create a school without required fields"},{"ancestorTitles":["School Model"],"duration":8,"failing":false,"failureDetails":[],"failureMessages":[],"fullName":"School Model should enforce valid school codes","invocations":1,"location":null,"numPassingAsserts":2,"retryReasons":[],"startAt":1762769583546,"status":"passed","title":"should enforce valid school codes"},{"ancestorTitles":["School Model"],"duration":16,"failing":false,"failureDetails":[],"failureMessages":[],"fullName":"School Model should enforce unique school code constraint","invocations":1,"location":null,"numPassingAsserts":2,"retryReasons":[],"startAt":1762769583554,"status":"passed","title":"should enforce unique school code constraint"},{"ancestorTitles":["School Model"],"duration":21,"failing":false,"failureDetails":[],"failureMessages":[],"fullName":"School Model should find school by code","invocations":1,"location":null,"numPassingAsserts":3,"retryReasons":[],"startAt":1762769583570,"status":"passed","title":"should find school by code"}],"endTime":1762769583630,"message":"","name":"D:\\Work\\HR-SM\\server\\testing\\models\\school.model.test.js","startTime":1762769580768,"status":"passed","summary":""},{"assertionResults":[{"ancestorTitles":["Document Model"],"duration":71,"failing":false,"failureDetails":[],"failureMessages":[],"fullName":"Document Model should create and save a document successfully","invocations":1,"location":null,"numPassingAsserts":9,"retryReasons":[],"startAt":1762769584707,"status":"passed","title":"should create and save a document successfully"},{"ancestorTitles":["Document Model"],"duration":6,"failing":false,"failureDetails":[],"failureMessages":[],"fullName":"Document Model should fail to create a document without required fields","invocations":1,"location":null,"numPassingAsserts":4,"retryReasons":[],"startAt":1762769584781,"status":"passed","title":"should fail to create a document without required fields"},{"ancestorTitles":["Document Model"],"duration":9,"failing":false,"failureDetails":[],"failureMessages":[],"fullName":"Document Model should handle Arabic title","invocations":1,"location":null,"numPassingAsserts":1,"retryReasons":[],"startAt":1762769584787,"status":"passed","title":"should handle Arabic title"}],"endTime":1762769584828,"message":"","name":"D:\\Work\\HR-SM\\server\\testing\\models\\document.model.test.js","startTime":1762769582698,"status":"passed","summary":""}],"wasInterrupted":false}
