<?xml version="1.0" encoding="UTF-8"?>
<testsuites name="jest tests" tests="65" failures="0" errors="0" time="4.656">
  <testsuite name="Test Infrastructure" errors="0" failures="0" skipped="0" timestamp="2025-11-06T23:23:36" time="2.183" tests="3">
    <testcase classname="Test Infrastructure should have a working MongoDB connection" name="Test Infrastructure should have a working MongoDB connection" time="0.006">
    </testcase>
    <testcase classname="Test Infrastructure should be able to create and save a simple document" name="Test Infrastructure should be able to create and save a simple document" time="0.097">
    </testcase>
    <testcase classname="Test Infrastructure should be able to use Jest assertions" name="Test Infrastructure should be able to use Jest assertions" time="0.002">
    </testcase>
  </testsuite>
  <testsuite name="Department Model" errors="0" failures="0" skipped="0" timestamp="2025-11-06T23:23:36" time="2.372" tests="3">
    <testcase classname="Department Model should create and save a Department successfully" name="Department Model should create and save a Department successfully" time="0.074">
    </testcase>
    <testcase classname="Department Model should fail to create department without required fields" name="Department Model should fail to create department without required fields" time="0.003">
    </testcase>
    <testcase classname="Department Model should require unique department code" name="Department Model should require unique department code" time="0.007">
    </testcase>
  </testsuite>
  <testsuite name="School Model" errors="0" failures="0" skipped="0" timestamp="2025-11-06T23:23:36" time="2.462" tests="10">
    <testcase classname="School Model School Creation should create a school with valid data" name="School Model School Creation should create a school with valid data" time="0.073">
    </testcase>
    <testcase classname="School Model School Creation should fail to create a school with invalid schoolCode" name="School Model School Creation should fail to create a school with invalid schoolCode" time="0.007">
    </testcase>
    <testcase classname="School Model School Creation should fail to create a school with invalid name" name="School Model School Creation should fail to create a school with invalid name" time="0.004">
    </testcase>
    <testcase classname="School Model School Creation should fail to create a school with invalid arabicName" name="School Model School Creation should fail to create a school with invalid arabicName" time="0.003">
    </testcase>
    <testcase classname="School Model School Creation should fail to create a school without required fields" name="School Model School Creation should fail to create a school without required fields" time="0.003">
    </testcase>
    <testcase classname="School Model School Static Methods should find school by code using findByCode method" name="School Model School Static Methods should find school by code using findByCode method" time="0.016">
    </testcase>
    <testcase classname="School Model School Static Methods should return null for non-existent school code" name="School Model School Static Methods should return null for non-existent school code" time="0.007">
    </testcase>
    <testcase classname="School Model School Static Methods should find schools with isActive=true using getActiveSchools method" name="School Model School Static Methods should find schools with isActive=true using getActiveSchools method" time="0.015">
    </testcase>
    <testcase classname="School Model School Validation should convert schoolCode to uppercase" name="School Model School Validation should convert schoolCode to uppercase" time="0.003">
    </testcase>
    <testcase classname="School Model School Validation should require unique schoolCode" name="School Model School Validation should require unique schoolCode" time="0.024">
    </testcase>
  </testsuite>
  <testsuite name="PermissionAudit Model" errors="0" failures="0" skipped="0" timestamp="2025-11-06T23:23:36" time="2.471" tests="3">
    <testcase classname="PermissionAudit Model should create a permission audit record with required fields" name="PermissionAudit Model should create a permission audit record with required fields" time="0.098">
    </testcase>
    <testcase classname="PermissionAudit Model should fail to create audit record without required fields" name="PermissionAudit Model should fail to create audit record without required fields" time="0.009">
    </testcase>
    <testcase classname="PermissionAudit Model should only allow valid actions" name="PermissionAudit Model should only allow valid actions" time="0.008">
    </testcase>
  </testsuite>
  <testsuite name="User Controller" errors="0" failures="0" skipped="0" timestamp="2025-11-06T23:23:36" time="2.618" tests="3">
    <testcase classname="User Controller loginUser should login user with valid credentials" name="User Controller loginUser should login user with valid credentials" time="0.158">
    </testcase>
    <testcase classname="User Controller loginUser should reject login with invalid credentials" name="User Controller loginUser should reject login with invalid credentials" time="0.101">
    </testcase>
    <testcase classname="User Controller getUserProfile should get user profile when authenticated" name="User Controller getUserProfile should get user profile when authenticated" time="0.077">
    </testcase>
  </testsuite>
  <testsuite name="User Model" errors="0" failures="0" skipped="0" timestamp="2025-11-06T23:23:36" time="2.646" tests="3">
    <testcase classname="User Model should create a user with required fields" name="User Model should create a user with required fields" time="0.168">
    </testcase>
    <testcase classname="User Model should hash the password before saving" name="User Model should hash the password before saving" time="0.161">
    </testcase>
    <testcase classname="User Model should fail to create user without required fields" name="User Model should fail to create user without required fields" time="0.004">
    </testcase>
  </testsuite>
  <testsuite name="Auth Middleware" errors="0" failures="0" skipped="0" timestamp="2025-11-06T23:23:36" time="2.902" tests="5">
    <testcase classname="Auth Middleware protect middleware should deny access when no token is provided" name="Auth Middleware protect middleware should deny access when no token is provided" time="0.158">
    </testcase>
    <testcase classname="Auth Middleware protect middleware should deny access when invalid token is provided" name="Auth Middleware protect middleware should deny access when invalid token is provided" time="0.09">
    </testcase>
    <testcase classname="Auth Middleware protect middleware should allow access when valid token is provided" name="Auth Middleware protect middleware should allow access when valid token is provided" time="0.085">
    </testcase>
    <testcase classname="Auth Middleware admin middleware should deny access when user is not admin" name="Auth Middleware admin middleware should deny access when user is not admin" time="0.072">
    </testcase>
    <testcase classname="Auth Middleware admin middleware should allow access when user is admin" name="Auth Middleware admin middleware should allow access when user is admin" time="0.143">
    </testcase>
  </testsuite>
  <testsuite name="User Routes" errors="0" failures="0" skipped="0" timestamp="2025-11-06T23:23:36" time="3.067" tests="4">
    <testcase classname="User Routes POST /login should login user with valid credentials" name="User Routes POST /login should login user with valid credentials" time="0.18">
    </testcase>
    <testcase classname="User Routes POST /login should reject login with invalid credentials" name="User Routes POST /login should reject login with invalid credentials" time="0.079">
    </testcase>
    <testcase classname="User Routes GET /profile should get user profile when authenticated" name="User Routes GET /profile should get user profile when authenticated" time="0.019">
    </testcase>
    <testcase classname="User Routes GET /profile should reject profile request when not authenticated" name="User Routes GET /profile should reject profile request when not authenticated" time="0.006">
    </testcase>
  </testsuite>
  <testsuite name="Permission Check Middleware" errors="0" failures="0" skipped="0" timestamp="2025-11-06T23:23:36" time="3.199" tests="10">
    <testcase classname="Permission Check Middleware checkPermission should call next() when user has the required permission" name="Permission Check Middleware checkPermission should call next() when user has the required permission" time="0.151">
    </testcase>
    <testcase classname="Permission Check Middleware checkPermission should return 403 when user does not have the required permission" name="Permission Check Middleware checkPermission should return 403 when user does not have the required permission" time="0.11">
    </testcase>
    <testcase classname="Permission Check Middleware checkPermission should return 401 when no user is authenticated" name="Permission Check Middleware checkPermission should return 401 when no user is authenticated" time="0.078">
    </testcase>
    <testcase classname="Permission Check Middleware Specific Permission Checkers should allow access with canViewReports when user has reports.view permission" name="Permission Check Middleware Specific Permission Checkers should allow access with canViewReports when user has reports.view permission" time="0.07">
    </testcase>
    <testcase classname="Permission Check Middleware Specific Permission Checkers should deny access with canManageRoles when user does not have users.manage-roles permission" name="Permission Check Middleware Specific Permission Checkers should deny access with canManageRoles when user does not have users.manage-roles permission" time="0.078">
    </testcase>
    <testcase classname="Permission Check Middleware Specific Permission Checkers should allow access with canManagePermissions when user has users.manage-permissions permission" name="Permission Check Middleware Specific Permission Checkers should allow access with canManagePermissions when user has users.manage-permissions permission" time="0.073">
    </testcase>
    <testcase classname="Permission Check Middleware checkOwnership should call next() when user is admin" name="Permission Check Middleware checkOwnership should call next() when user is admin" time="0.075">
    </testcase>
    <testcase classname="Permission Check Middleware checkOwnership should return 403 when user is not admin and resource field is missing" name="Permission Check Middleware checkOwnership should return 403 when user is not admin and resource field is missing" time="0.095">
    </testcase>
    <testcase classname="Permission Check Middleware resourcePermission should call next() when user has full permission" name="Permission Check Middleware resourcePermission should call next() when user has full permission" time="0.074">
    </testcase>
    <testcase classname="Permission Check Middleware resourcePermission should return 403 when user does not have required permission" name="Permission Check Middleware resourcePermission should return 403 when user does not have required permission" time="0.07">
    </testcase>
  </testsuite>
  <testsuite name="User Middleware" errors="0" failures="0" skipped="0" timestamp="2025-11-06T23:23:36" time="3.922" tests="21">
    <testcase classname="User Middleware checkEmailUnique should call next() when email is unique" name="User Middleware checkEmailUnique should call next() when email is unique" time="0.143">
    </testcase>
    <testcase classname="User Middleware checkEmailUnique should return 400 when email is not unique" name="User Middleware checkEmailUnique should return 400 when email is not unique" time="0.109">
    </testcase>
    <testcase classname="User Middleware checkEmailUnique should call next() when email is not provided" name="User Middleware checkEmailUnique should call next() when email is not provided" time="0.075">
    </testcase>
    <testcase classname="User Middleware checkUsernameUnique should call next() when username is unique" name="User Middleware checkUsernameUnique should call next() when username is unique" time="0.079">
    </testcase>
    <testcase classname="User Middleware checkUsernameUnique should return 400 when username is not unique" name="User Middleware checkUsernameUnique should return 400 when username is not unique" time="0.084">
    </testcase>
    <testcase classname="User Middleware checkUsernameUnique should call next() when username is not provided" name="User Middleware checkUsernameUnique should call next() when username is not provided" time="0.072">
    </testcase>
    <testcase classname="User Middleware validateHireDate should call next() when hire date is valid" name="User Middleware validateHireDate should call next() when hire date is valid" time="0.075">
    </testcase>
    <testcase classname="User Middleware validateHireDate should call next() when hire date is not provided" name="User Middleware validateHireDate should call next() when hire date is not provided" time="0.073">
    </testcase>
    <testcase classname="User Middleware validateHireDate should return 400 when hire date is too far in the past" name="User Middleware validateHireDate should return 400 when hire date is too far in the past" time="0.069">
    </testcase>
    <testcase classname="User Middleware validateDateOfBirth should call next() when date of birth is valid" name="User Middleware validateDateOfBirth should call next() when date of birth is valid" time="0.07">
    </testcase>
    <testcase classname="User Middleware validateDateOfBirth should call next() when date of birth is not provided" name="User Middleware validateDateOfBirth should call next() when date of birth is not provided" time="0.068">
    </testcase>
    <testcase classname="User Middleware validateDateOfBirth should return 400 when employee is too young" name="User Middleware validateDateOfBirth should return 400 when employee is too young" time="0.072">
    </testcase>
    <testcase classname="User Middleware validatePhoneNumber should call next() when phone number is valid" name="User Middleware validatePhoneNumber should call next() when phone number is valid" time="0.084">
    </testcase>
    <testcase classname="User Middleware validatePhoneNumber should call next() when phone number is not provided" name="User Middleware validatePhoneNumber should call next() when phone number is not provided" time="0.073">
    </testcase>
    <testcase classname="User Middleware validatePhoneNumber should return 400 when phone number format is invalid" name="User Middleware validatePhoneNumber should return 400 when phone number format is invalid" time="0.064">
    </testcase>
    <testcase classname="User Middleware validateNationalID should call next() when national ID is valid" name="User Middleware validateNationalID should call next() when national ID is valid" time="0.064">
    </testcase>
    <testcase classname="User Middleware validateNationalID should call next() when national ID is not provided" name="User Middleware validateNationalID should call next() when national ID is not provided" time="0.064">
    </testcase>
    <testcase classname="User Middleware validateNationalID should return 400 when national ID contains non-numeric characters" name="User Middleware validateNationalID should return 400 when national ID contains non-numeric characters" time="0.063">
    </testcase>
    <testcase classname="User Middleware validatePassword should call next() when password is valid" name="User Middleware validatePassword should call next() when password is valid" time="0.068">
    </testcase>
    <testcase classname="User Middleware validatePassword should return 400 when password is too short" name="User Middleware validatePassword should return 400 when password is too short" time="0.064">
    </testcase>
    <testcase classname="User Middleware validatePassword should call next() when password is not provided" name="User Middleware validatePassword should call next() when password is not provided" time="0.067">
    </testcase>
  </testsuite>
</testsuites>